{"C:\\Users\\User\\OneDrive\\Рабочий стол\\RSSchool\\e-commerce\\eCommerce-Application\\src\\index.ts": {"path":"C:\\Users\\User\\OneDrive\\Рабочий стол\\RSSchool\\e-commerce\\eCommerce-Application\\src\\index.ts","statementMap":{"0":{"start":{"line":1,"column":0},"end":{"line":1,"column":21}},"1":{"start":{"line":2,"column":0},"end":{"line":2,"column":34}}},"fnMap":{},"branchMap":{},"s":{"0":0,"1":0},"f":{},"b":{}}
,"C:\\Users\\User\\OneDrive\\Рабочий стол\\RSSchool\\e-commerce\\eCommerce-Application\\src\\assets\\index.d.ts": {"path":"C:\\Users\\User\\OneDrive\\Рабочий стол\\RSSchool\\e-commerce\\eCommerce-Application\\src\\assets\\index.d.ts","statementMap":{},"fnMap":{},"branchMap":{},"s":{},"f":{},"b":{}}
,"C:\\Users\\User\\OneDrive\\Рабочий стол\\RSSchool\\e-commerce\\eCommerce-Application\\src\\controller\\aboutPageHandlers.ts": {"path":"C:\\Users\\User\\OneDrive\\Рабочий стол\\RSSchool\\e-commerce\\eCommerce-Application\\src\\controller\\aboutPageHandlers.ts","statementMap":{"0":{"start":{"line":2,"column":19},"end":{"line":2,"column":43}},"1":{"start":{"line":3,"column":2},"end":{"line":5,"column":null}},"2":{"start":{"line":8,"column":0},"end":{"line":8,"column":62}}},"fnMap":{"0":{"name":"aboutPageLoaded","decl":{"start":{"line":1,"column":9},"end":{"line":1,"column":24}},"loc":{"start":{"line":1,"column":24},"end":{"line":6,"column":1}}}},"branchMap":{"0":{"loc":{"start":{"line":3,"column":2},"end":{"line":5,"column":null}},"type":"if","locations":[{"start":{"line":3,"column":2},"end":{"line":5,"column":null}}]}},"s":{"0":0,"1":0,"2":0},"f":{"0":0},"b":{"0":[0]}}
,"C:\\Users\\User\\OneDrive\\Рабочий стол\\RSSchool\\e-commerce\\eCommerce-Application\\src\\controller\\application.ts": {"path":"C:\\Users\\User\\OneDrive\\Рабочий стол\\RSSchool\\e-commerce\\eCommerce-Application\\src\\controller\\application.ts","statementMap":{"0":{"start":{"line":1,"column":0},"end":{"line":1,"column":55}},"1":{"start":{"line":2,"column":0},"end":{"line":2,"column":70}},"2":{"start":{"line":4,"column":0},"end":{"line":4,"column":61}},"3":{"start":{"line":10,"column":2},"end":{"line":10,"column":43}},"4":{"start":{"line":11,"column":2},"end":{"line":15,"column":null}},"5":{"start":{"line":12,"column":4},"end":{"line":12,"column":48}},"6":{"start":{"line":14,"column":4},"end":{"line":14,"column":61}},"7":{"start":{"line":16,"column":2},"end":{"line":19,"column":11}},"8":{"start":{"line":17,"column":4},"end":{"line":17,"column":47}},"9":{"start":{"line":18,"column":4},"end":{"line":18,"column":42}},"10":{"start":{"line":20,"column":2},"end":{"line":20,"column":18}},"11":{"start":{"line":6,"column":0},"end":{"line":6,"column":22}},"12":{"start":{"line":24,"column":2},"end":{"line":36,"column":9}},"13":{"start":{"line":24,"column":24},"end":{"line":36,"column":5}},"14":{"start":{"line":25,"column":19},"end":{"line":25,"column":38}},"15":{"start":{"line":26,"column":4},"end":{"line":34,"column":null}},"16":{"start":{"line":27,"column":23},"end":{"line":27,"column":57}},"17":{"start":{"line":28,"column":6},"end":{"line":33,"column":null}},"18":{"start":{"line":29,"column":8},"end":{"line":29,"column":33}},"19":{"start":{"line":30,"column":8},"end":{"line":30,"column":36}},"20":{"start":{"line":32,"column":8},"end":{"line":32,"column":57}},"21":{"start":{"line":40,"column":2},"end":{"line":40,"column":19}},"22":{"start":{"line":42,"column":0},"end":{"line":42,"column":60}}},"fnMap":{"0":{"name":"showResultMessage","decl":{"start":{"line":6,"column":22},"end":{"line":6,"column":39}},"loc":{"start":{"line":8,"column":13},"end":{"line":21,"column":null}}},"1":{"name":"(anonymous_10)","decl":{"start":{"line":16,"column":13},"end":{"line":16,"column":16}},"loc":{"start":{"line":16,"column":18},"end":{"line":19,"column":3}}},"2":{"name":"updateCustomer","decl":{"start":{"line":23,"column":15},"end":{"line":23,"column":29}},"loc":{"start":{"line":23,"column":29},"end":{"line":37,"column":null}}},"3":{"name":"(anonymous_13)","decl":{"start":{"line":24,"column":13},"end":{"line":24,"column":22}},"loc":{"start":{"line":24,"column":24},"end":{"line":36,"column":5}}},"4":{"name":"(anonymous_14)","decl":{"start":{"line":24,"column":24},"end":{"line":24,"column":null}},"loc":{"start":{"line":24,"column":24},"end":{"line":36,"column":3}}},"5":{"name":"contentLoaded","decl":{"start":{"line":39,"column":9},"end":{"line":39,"column":22}},"loc":{"start":{"line":39,"column":22},"end":{"line":41,"column":1}}}},"branchMap":{"0":{"loc":{"start":{"line":11,"column":2},"end":{"line":15,"column":null}},"type":"if","locations":[{"start":{"line":11,"column":2},"end":{"line":15,"column":null}},{"start":{"line":13,"column":9},"end":{"line":15,"column":null}}]},"1":{"loc":{"start":{"line":26,"column":4},"end":{"line":34,"column":null}},"type":"if","locations":[{"start":{"line":26,"column":4},"end":{"line":34,"column":null}}]},"2":{"loc":{"start":{"line":28,"column":6},"end":{"line":33,"column":null}},"type":"if","locations":[{"start":{"line":28,"column":6},"end":{"line":33,"column":null}},{"start":{"line":31,"column":13},"end":{"line":33,"column":null}}]}},"s":{"0":0,"1":0,"2":0,"3":0,"4":0,"5":0,"6":0,"7":0,"8":0,"9":0,"10":0,"11":0,"12":0,"13":0,"14":0,"15":0,"16":0,"17":0,"18":0,"19":0,"20":0,"21":0,"22":0},"f":{"0":0,"1":0,"2":0,"3":0,"4":0,"5":0},"b":{"0":[0,0],"1":[0],"2":[0,0]}}
,"C:\\Users\\User\\OneDrive\\Рабочий стол\\RSSchool\\e-commerce\\eCommerce-Application\\src\\controller\\basketPageHandlers.ts": {"path":"C:\\Users\\User\\OneDrive\\Рабочий стол\\RSSchool\\e-commerce\\eCommerce-Application\\src\\controller\\basketPageHandlers.ts","statementMap":{"0":{"start":{"line":1,"column":0},"end":{"line":1,"column":57}},"1":{"start":{"line":2,"column":0},"end":{"line":2,"column":55}},"2":{"start":{"line":3,"column":0},"end":{"line":3,"column":57}},"3":{"start":{"line":4,"column":0},"end":{"line":4,"column":50}},"4":{"start":{"line":5,"column":0},"end":{"line":5,"column":42}},"5":{"start":{"line":8,"column":16},"end":{"line":8,"column":57}},"6":{"start":{"line":9,"column":15},"end":{"line":9,"column":36}},"7":{"start":{"line":10,"column":26},"end":{"line":10,"column":35}},"8":{"start":{"line":11,"column":2},"end":{"line":27,"column":null}},"9":{"start":{"line":12,"column":21},"end":{"line":15,"column":null}},"10":{"start":{"line":17,"column":4},"end":{"line":25,"column":null}},"11":{"start":{"line":18,"column":6},"end":{"line":18,"column":57}},"12":{"start":{"line":20,"column":6},"end":{"line":23,"column":8}},"13":{"start":{"line":24,"column":6},"end":{"line":24,"column":23}},"14":{"start":{"line":26,"column":4},"end":{"line":26,"column":17}},"15":{"start":{"line":29,"column":1},"end":{"line":29,"column":65}},"16":{"start":{"line":32,"column":19},"end":{"line":32,"column":43}},"17":{"start":{"line":33,"column":2},"end":{"line":35,"column":null}},"18":{"start":{"line":34,"column":4},"end":{"line":34,"column":17}},"19":{"start":{"line":38,"column":0},"end":{"line":38,"column":63}}},"fnMap":{"0":{"name":"applyPromo","decl":{"start":{"line":7,"column":15},"end":{"line":7,"column":25}},"loc":{"start":{"line":7,"column":25},"end":{"line":28,"column":null}}},"1":{"name":"basketPageLoaded","decl":{"start":{"line":31,"column":9},"end":{"line":31,"column":25}},"loc":{"start":{"line":31,"column":25},"end":{"line":36,"column":1}}}},"branchMap":{"0":{"loc":{"start":{"line":11,"column":2},"end":{"line":27,"column":null}},"type":"if","locations":[{"start":{"line":11,"column":2},"end":{"line":27,"column":null}}]},"1":{"loc":{"start":{"line":17,"column":4},"end":{"line":25,"column":null}},"type":"if","locations":[{"start":{"line":17,"column":4},"end":{"line":25,"column":null}},{"start":{"line":19,"column":11},"end":{"line":25,"column":null}}]},"2":{"loc":{"start":{"line":33,"column":2},"end":{"line":35,"column":null}},"type":"if","locations":[{"start":{"line":33,"column":2},"end":{"line":35,"column":null}}]}},"s":{"0":0,"1":0,"2":0,"3":0,"4":0,"5":0,"6":0,"7":0,"8":0,"9":0,"10":0,"11":0,"12":0,"13":0,"14":0,"15":0,"16":0,"17":0,"18":0,"19":0},"f":{"0":0,"1":0},"b":{"0":[0],"1":[0,0],"2":[0]}}
,"C:\\Users\\User\\OneDrive\\Рабочий стол\\RSSchool\\e-commerce\\eCommerce-Application\\src\\controller\\catalogBasketHandlers.ts": {"path":"C:\\Users\\User\\OneDrive\\Рабочий стол\\RSSchool\\e-commerce\\eCommerce-Application\\src\\controller\\catalogBasketHandlers.ts","statementMap":{"0":{"start":{"line":2,"column":0},"end":{"line":2,"column":68}},"1":{"start":{"line":3,"column":0},"end":{"line":3,"column":59}},"2":{"start":{"line":4,"column":0},"end":{"line":4,"column":50}},"3":{"start":{"line":6,"column":15},"end":{"line":6,"column":26}},"4":{"start":{"line":7,"column":0},"end":{"line":7,"column":21}},"5":{"start":{"line":8,"column":0},"end":{"line":8,"column":34}},"6":{"start":{"line":11,"column":17},"end":{"line":11,"column":20}},"7":{"start":{"line":12,"column":2},"end":{"line":12,"column":25}},"8":{"start":{"line":13,"column":2},"end":{"line":13,"column":48}},"9":{"start":{"line":14,"column":2},"end":{"line":14,"column":39}},"10":{"start":{"line":10,"column":0},"end":{"line":10,"column":16}},"11":{"start":{"line":18,"column":2},"end":{"line":18,"column":22}},"12":{"start":{"line":19,"column":14},"end":{"line":19,"column":43}},"13":{"start":{"line":20,"column":2},"end":{"line":20,"column":37}},"14":{"start":{"line":21,"column":21},"end":{"line":21,"column":42}},"15":{"start":{"line":22,"column":26},"end":{"line":22,"column":41}},"16":{"start":{"line":23,"column":15},"end":{"line":23,"column":53}},"17":{"start":{"line":24,"column":2},"end":{"line":29,"column":null}},"18":{"start":{"line":25,"column":4},"end":{"line":25,"column":26}},"19":{"start":{"line":26,"column":4},"end":{"line":26,"column":54}},"20":{"start":{"line":28,"column":4},"end":{"line":28,"column":47}},"21":{"start":{"line":30,"column":2},"end":{"line":30,"column":18}},"22":{"start":{"line":17,"column":0},"end":{"line":17,"column":22}},"23":{"start":{"line":34,"column":17},"end":{"line":34,"column":20}},"24":{"start":{"line":35,"column":2},"end":{"line":35,"column":34}},"25":{"start":{"line":36,"column":2},"end":{"line":40,"column":null}},"26":{"start":{"line":37,"column":4},"end":{"line":39,"column":7}},"27":{"start":{"line":38,"column":6},"end":{"line":38,"column":72}},"28":{"start":{"line":38,"column":47},"end":{"line":38,"column":72}},"29":{"start":{"line":33,"column":0},"end":{"line":33,"column":16}}},"fnMap":{"0":{"name":"disableBasketBtn","decl":{"start":{"line":10,"column":16},"end":{"line":10,"column":32}},"loc":{"start":{"line":10,"column":55},"end":{"line":15,"column":1}}},"1":{"name":"clickBasketBtn","decl":{"start":{"line":17,"column":22},"end":{"line":17,"column":36}},"loc":{"start":{"line":17,"column":45},"end":{"line":31,"column":null}}},"2":{"name":"tuneWithCart","decl":{"start":{"line":33,"column":16},"end":{"line":33,"column":28}},"loc":{"start":{"line":33,"column":64},"end":{"line":41,"column":1}}},"3":{"name":"(anonymous_12)","decl":{"start":{"line":37,"column":27},"end":{"line":37,"column":28}},"loc":{"start":{"line":37,"column":39},"end":{"line":39,"column":5}}}},"branchMap":{"0":{"loc":{"start":{"line":20,"column":2},"end":{"line":20,"column":36}},"type":"cond-expr","locations":[{"start":{"line":20,"column":19},"end":{"line":20,"column":21}},{"start":{"line":20,"column":19},"end":{"line":20,"column":36}}]},"1":{"loc":{"start":{"line":20,"column":2},"end":{"line":20,"column":21}},"type":"binary-expr","locations":[{"start":{"line":20,"column":2},"end":{"line":20,"column":21}},{"start":{"line":20,"column":19},"end":{"line":20,"column":21}}]},"2":{"loc":{"start":{"line":24,"column":2},"end":{"line":29,"column":null}},"type":"if","locations":[{"start":{"line":24,"column":2},"end":{"line":29,"column":null}},{"start":{"line":27,"column":9},"end":{"line":29,"column":null}}]},"3":{"loc":{"start":{"line":36,"column":2},"end":{"line":40,"column":null}},"type":"if","locations":[{"start":{"line":36,"column":2},"end":{"line":40,"column":null}}]},"4":{"loc":{"start":{"line":38,"column":6},"end":{"line":38,"column":72}},"type":"if","locations":[{"start":{"line":38,"column":6},"end":{"line":38,"column":72}}]}},"s":{"0":0,"1":0,"2":0,"3":0,"4":0,"5":0,"6":0,"7":0,"8":0,"9":0,"10":0,"11":0,"12":0,"13":0,"14":0,"15":0,"16":0,"17":0,"18":0,"19":0,"20":0,"21":0,"22":0,"23":0,"24":0,"25":0,"26":0,"27":0,"28":0,"29":0},"f":{"0":0,"1":0,"2":0,"3":0},"b":{"0":[0,0],"1":[0,0],"2":[0,0],"3":[0],"4":[0]}}
,"C:\\Users\\User\\OneDrive\\Рабочий стол\\RSSchool\\e-commerce\\eCommerce-Application\\src\\controller\\catalogPageHandlers.ts": {"path":"C:\\Users\\User\\OneDrive\\Рабочий стол\\RSSchool\\e-commerce\\eCommerce-Application\\src\\controller\\catalogPageHandlers.ts","statementMap":{"0":{"start":{"line":1,"column":0},"end":{"line":1,"column":65}},"1":{"start":{"line":2,"column":0},"end":{"line":2,"column":70}},"2":{"start":{"line":3,"column":0},"end":{"line":3,"column":45}},"3":{"start":{"line":4,"column":0},"end":{"line":4,"column":53}},"4":{"start":{"line":7,"column":26},"end":{"line":19,"column":1}},"5":{"start":{"line":11,"column":21},"end":{"line":11,"column":50}},"6":{"start":{"line":12,"column":2},"end":{"line":18,"column":null}},"7":{"start":{"line":13,"column":4},"end":{"line":13,"column":61}},"8":{"start":{"line":14,"column":4},"end":{"line":14,"column":41}},"9":{"start":{"line":16,"column":4},"end":{"line":16,"column":61}},"10":{"start":{"line":17,"column":4},"end":{"line":17,"column":38}},"11":{"start":{"line":21,"column":27},"end":{"line":23,"column":1}},"12":{"start":{"line":22,"column":2},"end":{"line":22,"column":42}},"13":{"start":{"line":21,"column":13},"end":{"line":21,"column":27}},"14":{"start":{"line":34,"column":2},"end":{"line":39,"column":5}},"15":{"start":{"line":35,"column":18},"end":{"line":35,"column":35}},"16":{"start":{"line":36,"column":32},"end":{"line":36,"column":71}},"17":{"start":{"line":37,"column":35},"end":{"line":37,"column":62}},"18":{"start":{"line":38,"column":4},"end":{"line":38,"column":64}},"19":{"start":{"line":38,"column":27},"end":{"line":38,"column":63}},"20":{"start":{"line":41,"column":2},"end":{"line":43,"column":5}},"21":{"start":{"line":42,"column":4},"end":{"line":42,"column":44}},"22":{"start":{"line":42,"column":23},"end":{"line":42,"column":43}},"23":{"start":{"line":47,"column":19},"end":{"line":47,"column":43}},"24":{"start":{"line":48,"column":19},"end":{"line":48,"column":43}},"25":{"start":{"line":49,"column":2},"end":{"line":53,"column":null}},"26":{"start":{"line":50,"column":4},"end":{"line":50,"column":37}},"27":{"start":{"line":51,"column":4},"end":{"line":51,"column":36}},"28":{"start":{"line":52,"column":4},"end":{"line":52,"column":36}},"29":{"start":{"line":56,"column":0},"end":{"line":56,"column":57}}},"fnMap":{"0":{"name":"(anonymous_13)","decl":{"start":{"line":7,"column":26},"end":{"line":7,"column":null}},"loc":{"start":{"line":10,"column":10},"end":{"line":19,"column":1}}},"1":{"name":"(anonymous_14)","decl":{"start":{"line":21,"column":27},"end":{"line":21,"column":28}},"loc":{"start":{"line":21,"column":62},"end":{"line":23,"column":1}}},"2":{"name":"addFilterBlcokListeners","decl":{"start":{"line":33,"column":9},"end":{"line":33,"column":32}},"loc":{"start":{"line":33,"column":32},"end":{"line":44,"column":1}}},"3":{"name":"(anonymous_16)","decl":{"start":{"line":34,"column":34},"end":{"line":34,"column":35}},"loc":{"start":{"line":34,"column":41},"end":{"line":39,"column":3}}},"4":{"name":"(anonymous_17)","decl":{"start":{"line":38,"column":21},"end":{"line":38,"column":24}},"loc":{"start":{"line":38,"column":27},"end":{"line":38,"column":63}}},"5":{"name":"(anonymous_18)","decl":{"start":{"line":41,"column":29},"end":{"line":41,"column":30}},"loc":{"start":{"line":41,"column":36},"end":{"line":43,"column":3}}},"6":{"name":"(anonymous_19)","decl":{"start":{"line":42,"column":17},"end":{"line":42,"column":20}},"loc":{"start":{"line":42,"column":23},"end":{"line":42,"column":43}}},"7":{"name":"pageLoaded","decl":{"start":{"line":46,"column":15},"end":{"line":46,"column":25}},"loc":{"start":{"line":46,"column":34},"end":{"line":54,"column":null}}}},"branchMap":{"0":{"loc":{"start":{"line":11,"column":21},"end":{"line":11,"column":50}},"type":"cond-expr","locations":[{"start":{"line":11,"column":27},"end":{"line":11,"column":29}},{"start":{"line":11,"column":21},"end":{"line":11,"column":50}}]},"1":{"loc":{"start":{"line":11,"column":21},"end":{"line":11,"column":29}},"type":"binary-expr","locations":[{"start":{"line":11,"column":21},"end":{"line":11,"column":29}},{"start":{"line":11,"column":21},"end":{"line":11,"column":29}}]},"2":{"loc":{"start":{"line":12,"column":2},"end":{"line":18,"column":null}},"type":"if","locations":[{"start":{"line":12,"column":2},"end":{"line":18,"column":null}},{"start":{"line":15,"column":9},"end":{"line":18,"column":null}}]},"3":{"loc":{"start":{"line":49,"column":2},"end":{"line":53,"column":null}},"type":"if","locations":[{"start":{"line":49,"column":2},"end":{"line":53,"column":null}}]}},"s":{"0":0,"1":0,"2":0,"3":0,"4":0,"5":0,"6":0,"7":0,"8":0,"9":0,"10":0,"11":0,"12":0,"13":0,"14":0,"15":0,"16":0,"17":0,"18":0,"19":0,"20":0,"21":0,"22":0,"23":0,"24":0,"25":0,"26":0,"27":0,"28":0,"29":0},"f":{"0":0,"1":0,"2":0,"3":0,"4":0,"5":0,"6":0,"7":0},"b":{"0":[0,0],"1":[0,0],"2":[0,0],"3":[0]}}
,"C:\\Users\\User\\OneDrive\\Рабочий стол\\RSSchool\\e-commerce\\eCommerce-Application\\src\\controller\\controllers.ts": {"path":"C:\\Users\\User\\OneDrive\\Рабочий стол\\RSSchool\\e-commerce\\eCommerce-Application\\src\\controller\\controllers.ts","statementMap":{"0":{"start":{"line":1,"column":0},"end":{"line":1,"column":18}},"1":{"start":{"line":2,"column":0},"end":{"line":2,"column":23}},"2":{"start":{"line":3,"column":0},"end":{"line":3,"column":25}},"3":{"start":{"line":4,"column":0},"end":{"line":4,"column":29}},"4":{"start":{"line":5,"column":0},"end":{"line":5,"column":28}},"5":{"start":{"line":6,"column":0},"end":{"line":6,"column":27}},"6":{"start":{"line":7,"column":0},"end":{"line":7,"column":26}},"7":{"start":{"line":8,"column":0},"end":{"line":8,"column":31}},"8":{"start":{"line":9,"column":0},"end":{"line":9,"column":31}},"9":{"start":{"line":10,"column":0},"end":{"line":10,"column":31}},"10":{"start":{"line":11,"column":0},"end":{"line":11,"column":30}},"11":{"start":{"line":12,"column":0},"end":{"line":12,"column":29}},"12":{"start":{"line":13,"column":0},"end":{"line":13,"column":27}},"13":{"start":{"line":14,"column":0},"end":{"line":14,"column":32}},"14":{"start":{"line":15,"column":0},"end":{"line":15,"column":31}},"15":{"start":{"line":16,"column":0},"end":{"line":16,"column":29}},"16":{"start":{"line":17,"column":0},"end":{"line":17,"column":30}},"17":{"start":{"line":18,"column":0},"end":{"line":18,"column":25}},"18":{"start":{"line":19,"column":0},"end":{"line":19,"column":32}},"19":{"start":{"line":20,"column":0},"end":{"line":20,"column":28}}},"fnMap":{},"branchMap":{},"s":{"0":0,"1":0,"2":0,"3":0,"4":0,"5":0,"6":0,"7":0,"8":0,"9":0,"10":0,"11":0,"12":0,"13":0,"14":0,"15":0,"16":0,"17":0,"18":0,"19":0},"f":{},"b":{}}
,"C:\\Users\\User\\OneDrive\\Рабочий стол\\RSSchool\\e-commerce\\eCommerce-Application\\src\\controller\\errorHanlders.ts": {"path":"C:\\Users\\User\\OneDrive\\Рабочий стол\\RSSchool\\e-commerce\\eCommerce-Application\\src\\controller\\errorHanlders.ts","statementMap":{"0":{"start":{"line":1,"column":0},"end":{"line":1,"column":59}},"1":{"start":{"line":3,"column":29},"end":{"line":12,"column":1}},"2":{"start":{"line":4,"column":25},"end":{"line":4,"column":36}},"3":{"start":{"line":5,"column":27},"end":{"line":6,"column":37}},"4":{"start":{"line":7,"column":2},"end":{"line":9,"column":76}},"5":{"start":{"line":8,"column":4},"end":{"line":9,"column":76}},"6":{"start":{"line":10,"column":24},"end":{"line":10,"column":48}},"7":{"start":{"line":11,"column":2},"end":{"line":11,"column":42}},"8":{"start":{"line":3,"column":13},"end":{"line":3,"column":29}},"9":{"start":{"line":14,"column":27},"end":{"line":31,"column":1}},"10":{"start":{"line":19,"column":4},"end":{"line":19,"column":70}},"11":{"start":{"line":20,"column":13},"end":{"line":20,"column":17}},"12":{"start":{"line":21,"column":2},"end":{"line":30,"column":null}},"13":{"start":{"line":22,"column":4},"end":{"line":22,"column":35}},"14":{"start":{"line":23,"column":4},"end":{"line":23,"column":30}},"15":{"start":{"line":24,"column":4},"end":{"line":24,"column":52}},"16":{"start":{"line":24,"column":22},"end":{"line":24,"column":52}},"17":{"start":{"line":26,"column":4},"end":{"line":26,"column":33}},"18":{"start":{"line":27,"column":4},"end":{"line":27,"column":32}},"19":{"start":{"line":28,"column":4},"end":{"line":29,"column":80}},"20":{"start":{"line":29,"column":6},"end":{"line":29,"column":80}},"21":{"start":{"line":14,"column":13},"end":{"line":14,"column":27}},"22":{"start":{"line":33,"column":43},"end":{"line":43,"column":1}},"23":{"start":{"line":34,"column":16},"end":{"line":34,"column":44}},"24":{"start":{"line":35,"column":2},"end":{"line":42,"column":null}},"25":{"start":{"line":36,"column":18},"end":{"line":36,"column":43}},"26":{"start":{"line":37,"column":18},"end":{"line":37,"column":41}},"27":{"start":{"line":38,"column":4},"end":{"line":40,"column":null}},"28":{"start":{"line":39,"column":6},"end":{"line":39,"column":37}},"29":{"start":{"line":41,"column":4},"end":{"line":41,"column":32}},"30":{"start":{"line":33,"column":13},"end":{"line":33,"column":43}},"31":{"start":{"line":45,"column":39},"end":{"line":49,"column":1}},"32":{"start":{"line":46,"column":24},"end":{"line":46,"column":53}},"33":{"start":{"line":47,"column":18},"end":{"line":47,"column":75}},"34":{"start":{"line":48,"column":2},"end":{"line":48,"column":38}},"35":{"start":{"line":45,"column":13},"end":{"line":45,"column":39}}},"fnMap":{"0":{"name":"(anonymous_1)","decl":{"start":{"line":3,"column":29},"end":{"line":3,"column":30}},"loc":{"start":{"line":3,"column":66},"end":{"line":12,"column":1}}},"1":{"name":"(anonymous_2)","decl":{"start":{"line":14,"column":27},"end":{"line":14,"column":null}},"loc":{"start":{"line":17,"column":4},"end":{"line":31,"column":1}}},"2":{"name":"(anonymous_3)","decl":{"start":{"line":33,"column":43},"end":{"line":33,"column":44}},"loc":{"start":{"line":33,"column":56},"end":{"line":43,"column":1}}},"3":{"name":"(anonymous_4)","decl":{"start":{"line":45,"column":39},"end":{"line":45,"column":40}},"loc":{"start":{"line":45,"column":52},"end":{"line":49,"column":1}}}},"branchMap":{"0":{"loc":{"start":{"line":5,"column":27},"end":{"line":6,"column":37}},"type":"cond-expr","locations":[{"start":{"line":5,"column":70},"end":{"line":5,"column":null}},{"start":{"line":5,"column":70},"end":{"line":6,"column":37}}]},"1":{"loc":{"start":{"line":5,"column":27},"end":{"line":5,"column":null}},"type":"binary-expr","locations":[{"start":{"line":5,"column":27},"end":{"line":5,"column":null}},{"start":{"line":5,"column":70},"end":{"line":5,"column":null}}]},"2":{"loc":{"start":{"line":5,"column":27},"end":{"line":5,"column":70}},"type":"cond-expr","locations":[{"start":{"line":5,"column":46},"end":{"line":5,"column":48}},{"start":{"line":5,"column":46},"end":{"line":5,"column":70}}]},"3":{"loc":{"start":{"line":5,"column":27},"end":{"line":5,"column":48}},"type":"binary-expr","locations":[{"start":{"line":5,"column":27},"end":{"line":5,"column":48}},{"start":{"line":5,"column":46},"end":{"line":5,"column":48}}]},"4":{"loc":{"start":{"line":7,"column":2},"end":{"line":9,"column":76}},"type":"if","locations":[{"start":{"line":7,"column":2},"end":{"line":9,"column":76}}]},"5":{"loc":{"start":{"line":7,"column":7},"end":{"line":7,"column":50}},"type":"cond-expr","locations":[{"start":{"line":7,"column":26},"end":{"line":7,"column":28}},{"start":{"line":7,"column":26},"end":{"line":7,"column":50}}]},"6":{"loc":{"start":{"line":7,"column":7},"end":{"line":7,"column":28}},"type":"binary-expr","locations":[{"start":{"line":7,"column":7},"end":{"line":7,"column":28}},{"start":{"line":7,"column":26},"end":{"line":7,"column":28}}]},"7":{"loc":{"start":{"line":8,"column":25},"end":{"line":9,"column":75}},"type":"cond-expr","locations":[{"start":{"line":9,"column":30},"end":{"line":9,"column":32}},{"start":{"line":9,"column":30},"end":{"line":9,"column":75}}]},"8":{"loc":{"start":{"line":8,"column":25},"end":{"line":9,"column":32}},"type":"binary-expr","locations":[{"start":{"line":8,"column":25},"end":{"line":9,"column":32}},{"start":{"line":9,"column":30},"end":{"line":9,"column":32}}]},"9":{"loc":{"start":{"line":8,"column":25},"end":{"line":9,"column":30}},"type":"cond-expr","locations":[{"start":{"line":8,"column":59},"end":{"line":8,"column":null}},{"start":{"line":8,"column":59},"end":{"line":9,"column":30}}]},"10":{"loc":{"start":{"line":8,"column":25},"end":{"line":8,"column":null}},"type":"binary-expr","locations":[{"start":{"line":8,"column":25},"end":{"line":8,"column":null}},{"start":{"line":8,"column":59},"end":{"line":8,"column":null}}]},"11":{"loc":{"start":{"line":8,"column":25},"end":{"line":8,"column":59}},"type":"cond-expr","locations":[{"start":{"line":8,"column":44},"end":{"line":8,"column":46}},{"start":{"line":8,"column":44},"end":{"line":8,"column":59}}]},"12":{"loc":{"start":{"line":8,"column":25},"end":{"line":8,"column":46}},"type":"binary-expr","locations":[{"start":{"line":8,"column":25},"end":{"line":8,"column":46}},{"start":{"line":8,"column":44},"end":{"line":8,"column":46}}]},"13":{"loc":{"start":{"line":19,"column":4},"end":{"line":19,"column":70}},"type":"binary-expr","locations":[{"start":{"line":19,"column":4},"end":{"line":19,"column":27}},{"start":{"line":19,"column":31},"end":{"line":19,"column":69}}]},"14":{"loc":{"start":{"line":19,"column":31},"end":{"line":19,"column":69}},"type":"cond-expr","locations":[{"start":{"line":19,"column":49},"end":{"line":19,"column":51}},{"start":{"line":19,"column":49},"end":{"line":19,"column":69}}]},"15":{"loc":{"start":{"line":19,"column":31},"end":{"line":19,"column":51}},"type":"binary-expr","locations":[{"start":{"line":19,"column":31},"end":{"line":19,"column":51}},{"start":{"line":19,"column":49},"end":{"line":19,"column":51}}]},"16":{"loc":{"start":{"line":21,"column":2},"end":{"line":30,"column":null}},"type":"if","locations":[{"start":{"line":21,"column":2},"end":{"line":30,"column":null}},{"start":{"line":25,"column":9},"end":{"line":30,"column":null}}]},"17":{"loc":{"start":{"line":24,"column":4},"end":{"line":24,"column":52}},"type":"if","locations":[{"start":{"line":24,"column":4},"end":{"line":24,"column":52}}]},"18":{"loc":{"start":{"line":28,"column":4},"end":{"line":29,"column":80}},"type":"if","locations":[{"start":{"line":28,"column":4},"end":{"line":29,"column":80}}]},"19":{"loc":{"start":{"line":29,"column":33},"end":{"line":29,"column":79}},"type":"binary-expr","locations":[{"start":{"line":29,"column":33},"end":{"line":29,"column":67}},{"start":{"line":29,"column":71},"end":{"line":29,"column":79}}]},"20":{"loc":{"start":{"line":35,"column":2},"end":{"line":42,"column":null}},"type":"if","locations":[{"start":{"line":35,"column":2},"end":{"line":42,"column":null}}]},"21":{"loc":{"start":{"line":38,"column":4},"end":{"line":40,"column":null}},"type":"if","locations":[{"start":{"line":38,"column":4},"end":{"line":40,"column":null}}]},"22":{"loc":{"start":{"line":47,"column":18},"end":{"line":47,"column":75}},"type":"binary-expr","locations":[{"start":{"line":47,"column":18},"end":{"line":47,"column":50}},{"start":{"line":47,"column":54},"end":{"line":47,"column":75}}]}},"s":{"0":3,"1":3,"2":2,"3":2,"4":2,"5":0,"6":2,"7":2,"8":3,"9":3,"10":7,"11":7,"12":7,"13":3,"14":3,"15":3,"16":3,"17":4,"18":4,"19":4,"20":4,"21":3,"22":3,"23":4,"24":4,"25":4,"26":4,"27":4,"28":1,"29":4,"30":3,"31":3,"32":1,"33":1,"34":1,"35":3},"f":{"0":2,"1":7,"2":4,"3":1},"b":{"0":[0,2],"1":[2,2],"2":[0,2],"3":[2,2],"4":[0],"5":[0,2],"6":[2,2],"7":[0,0],"8":[0,0],"9":[0,0],"10":[0,0],"11":[0,0],"12":[0,0],"13":[7,1],"14":[0,1],"15":[1,1],"16":[3,4],"17":[3],"18":[4],"19":[4,1],"20":[4],"21":[1],"22":[1,1]}}
,"C:\\Users\\User\\OneDrive\\Рабочий стол\\RSSchool\\e-commerce\\eCommerce-Application\\src\\controller\\fillBasket.ts": {"path":"C:\\Users\\User\\OneDrive\\Рабочий стол\\RSSchool\\e-commerce\\eCommerce-Application\\src\\controller\\fillBasket.ts","statementMap":{"0":{"start":{"line":2,"column":0},"end":{"line":2,"column":57}},"1":{"start":{"line":3,"column":0},"end":{"line":3,"column":null}},"2":{"start":{"line":10,"column":0},"end":{"line":10,"column":70}},"3":{"start":{"line":12,"column":21},"end":{"line":12,"column":24}},"4":{"start":{"line":14,"column":29},"end":{"line":75,"column":1}},"5":{"start":{"line":15,"column":15},"end":{"line":15,"column":27}},"6":{"start":{"line":16,"column":33},"end":{"line":16,"column":35}},"7":{"start":{"line":17,"column":2},"end":{"line":19,"column":null}},"8":{"start":{"line":18,"column":4},"end":{"line":18,"column":37}},"9":{"start":{"line":20,"column":25},"end":{"line":20,"column":37}},"10":{"start":{"line":22,"column":37},"end":{"line":24,"column":10}},"11":{"start":{"line":23,"column":12},"end":{"line":23,"column":35}},"12":{"start":{"line":25,"column":37},"end":{"line":27,"column":16}},"13":{"start":{"line":26,"column":12},"end":{"line":26,"column":35}},"14":{"start":{"line":28,"column":35},"end":{"line":30,"column":10}},"15":{"start":{"line":29,"column":12},"end":{"line":29,"column":34}},"16":{"start":{"line":31,"column":39},"end":{"line":33,"column":10}},"17":{"start":{"line":32,"column":12},"end":{"line":32,"column":36}},"18":{"start":{"line":34,"column":40},"end":{"line":36,"column":10}},"19":{"start":{"line":35,"column":12},"end":{"line":35,"column":37}},"20":{"start":{"line":38,"column":41},"end":{"line":38,"column":54}},"21":{"start":{"line":40,"column":35},"end":{"line":40,"column":57}},"22":{"start":{"line":43,"column":4},"end":{"line":43,"column":46}},"23":{"start":{"line":45,"column":4},"end":{"line":45,"column":45}},"24":{"start":{"line":46,"column":21},"end":{"line":46,"column":28}},"25":{"start":{"line":48,"column":31},"end":{"line":61,"column":4}},"26":{"start":{"line":63,"column":2},"end":{"line":67,"column":null}},"27":{"start":{"line":65,"column":6},"end":{"line":65,"column":59}},"28":{"start":{"line":66,"column":4},"end":{"line":66,"column":41}},"29":{"start":{"line":68,"column":2},"end":{"line":73,"column":null}},"30":{"start":{"line":70,"column":6},"end":{"line":71,"column":18}},"31":{"start":{"line":72,"column":4},"end":{"line":72,"column":41}},"32":{"start":{"line":74,"column":2},"end":{"line":74,"column":16}},"33":{"start":{"line":14,"column":13},"end":{"line":14,"column":29}},"34":{"start":{"line":77,"column":28},"end":{"line":176,"column":1}},"35":{"start":{"line":78,"column":19},"end":{"line":78,"column":48}},"36":{"start":{"line":79,"column":2},"end":{"line":79,"column":30}},"37":{"start":{"line":80,"column":2},"end":{"line":80,"column":37}},"38":{"start":{"line":82,"column":16},"end":{"line":82,"column":45}},"39":{"start":{"line":83,"column":2},"end":{"line":83,"column":37}},"40":{"start":{"line":84,"column":2},"end":{"line":84,"column":21}},"41":{"start":{"line":86,"column":17},"end":{"line":86,"column":46}},"42":{"start":{"line":87,"column":2},"end":{"line":87,"column":45}},"43":{"start":{"line":89,"column":15},"end":{"line":89,"column":42}},"44":{"start":{"line":90,"column":2},"end":{"line":90,"column":35}},"45":{"start":{"line":91,"column":2},"end":{"line":91,"column":29}},"46":{"start":{"line":93,"column":2},"end":{"line":95,"column":4}},"47":{"start":{"line":94,"column":4},"end":{"line":94,"column":52}},"48":{"start":{"line":97,"column":21},"end":{"line":97,"column":48}},"49":{"start":{"line":98,"column":2},"end":{"line":98,"column":51}},"50":{"start":{"line":99,"column":2},"end":{"line":99,"column":52}},"51":{"start":{"line":101,"column":24},"end":{"line":101,"column":51}},"52":{"start":{"line":102,"column":2},"end":{"line":102,"column":54}},"53":{"start":{"line":103,"column":2},"end":{"line":103,"column":111}},"54":{"start":{"line":105,"column":2},"end":{"line":105,"column":49}},"55":{"start":{"line":107,"column":16},"end":{"line":107,"column":45}},"56":{"start":{"line":108,"column":2},"end":{"line":108,"column":43}},"57":{"start":{"line":110,"column":29},"end":{"line":110,"column":58}},"58":{"start":{"line":111,"column":2},"end":{"line":111,"column":61}},"59":{"start":{"line":113,"column":20},"end":{"line":113,"column":47}},"60":{"start":{"line":114,"column":2},"end":{"line":114,"column":58}},"61":{"start":{"line":115,"column":2},"end":{"line":115,"column":53}},"62":{"start":{"line":116,"column":2},"end":{"line":116,"column":26}},"63":{"start":{"line":118,"column":24},"end":{"line":118,"column":51}},"64":{"start":{"line":119,"column":2},"end":{"line":119,"column":65}},"65":{"start":{"line":120,"column":2},"end":{"line":124,"column":null}},"66":{"start":{"line":121,"column":4},"end":{"line":121,"column":67}},"67":{"start":{"line":123,"column":4},"end":{"line":123,"column":35}},"68":{"start":{"line":126,"column":18},"end":{"line":126,"column":45}},"69":{"start":{"line":127,"column":2},"end":{"line":127,"column":53}},"70":{"start":{"line":128,"column":2},"end":{"line":134,"column":null}},"71":{"start":{"line":129,"column":4},"end":{"line":131,"column":20}},"72":{"start":{"line":133,"column":4},"end":{"line":133,"column":29}},"73":{"start":{"line":136,"column":2},"end":{"line":136,"column":48}},"74":{"start":{"line":138,"column":2},"end":{"line":138,"column":50}},"75":{"start":{"line":140,"column":17},"end":{"line":140,"column":46}},"76":{"start":{"line":141,"column":2},"end":{"line":141,"column":39}},"77":{"start":{"line":143,"column":25},"end":{"line":143,"column":57}},"78":{"start":{"line":144,"column":2},"end":{"line":144,"column":58}},"79":{"start":{"line":145,"column":2},"end":{"line":145,"column":35}},"80":{"start":{"line":146,"column":2},"end":{"line":146,"column":61}},"81":{"start":{"line":148,"column":25},"end":{"line":148,"column":57}},"82":{"start":{"line":149,"column":2},"end":{"line":149,"column":58}},"83":{"start":{"line":150,"column":2},"end":{"line":150,"column":35}},"84":{"start":{"line":151,"column":2},"end":{"line":151,"column":61}},"85":{"start":{"line":153,"column":21},"end":{"line":153,"column":48}},"86":{"start":{"line":154,"column":2},"end":{"line":154,"column":46}},"87":{"start":{"line":155,"column":2},"end":{"line":155,"column":48}},"88":{"start":{"line":157,"column":2},"end":{"line":157,"column":60}},"89":{"start":{"line":159,"column":21},"end":{"line":159,"column":48}},"90":{"start":{"line":160,"column":2},"end":{"line":160,"column":48}},"91":{"start":{"line":161,"column":2},"end":{"line":161,"column":48}},"92":{"start":{"line":163,"column":22},"end":{"line":163,"column":51}},"93":{"start":{"line":164,"column":2},"end":{"line":164,"column":50}},"94":{"start":{"line":166,"column":23},"end":{"line":166,"column":55}},"95":{"start":{"line":167,"column":2},"end":{"line":167,"column":45}},"96":{"start":{"line":168,"column":2},"end":{"line":168,"column":43}},"97":{"start":{"line":169,"column":2},"end":{"line":169,"column":59}},"98":{"start":{"line":171,"column":2},"end":{"line":171,"column":35}},"99":{"start":{"line":173,"column":2},"end":{"line":173,"column":73}},"100":{"start":{"line":175,"column":2},"end":{"line":175,"column":30}},"101":{"start":{"line":178,"column":26},"end":{"line":205,"column":2}},"102":{"start":{"line":178,"column":37},"end":{"line":205,"column":2}},"103":{"start":{"line":179,"column":2},"end":{"line":179,"column":28}},"104":{"start":{"line":180,"column":2},"end":{"line":204,"column":null}},"105":{"start":{"line":181,"column":17},"end":{"line":181,"column":38}},"106":{"start":{"line":182,"column":26},"end":{"line":182,"column":35}},"107":{"start":{"line":183,"column":4},"end":{"line":200,"column":null}},"108":{"start":{"line":184,"column":6},"end":{"line":184,"column":36}},"109":{"start":{"line":185,"column":6},"end":{"line":185,"column":36}},"110":{"start":{"line":187,"column":6},"end":{"line":187,"column":35}},"111":{"start":{"line":188,"column":6},"end":{"line":188,"column":36}},"112":{"start":{"line":189,"column":6},"end":{"line":192,"column":9}},"113":{"start":{"line":190,"column":20},"end":{"line":190,"column":39}},"114":{"start":{"line":191,"column":8},"end":{"line":191,"column":33}},"115":{"start":{"line":194,"column":6},"end":{"line":196,"column":11}},"116":{"start":{"line":198,"column":6},"end":{"line":198,"column":27}},"117":{"start":{"line":199,"column":6},"end":{"line":199,"column":37}},"118":{"start":{"line":202,"column":4},"end":{"line":202,"column":34}},"119":{"start":{"line":203,"column":4},"end":{"line":203,"column":34}},"120":{"start":{"line":178,"column":13},"end":{"line":178,"column":26}}},"fnMap":{"0":{"name":"(anonymous_7)","decl":{"start":{"line":14,"column":29},"end":{"line":14,"column":30}},"loc":{"start":{"line":14,"column":62},"end":{"line":75,"column":1}}},"1":{"name":"(anonymous_8)","decl":{"start":{"line":23,"column":4},"end":{"line":23,"column":5}},"loc":{"start":{"line":23,"column":12},"end":{"line":23,"column":35}}},"2":{"name":"(anonymous_9)","decl":{"start":{"line":26,"column":4},"end":{"line":26,"column":5}},"loc":{"start":{"line":26,"column":12},"end":{"line":26,"column":35}}},"3":{"name":"(anonymous_10)","decl":{"start":{"line":29,"column":4},"end":{"line":29,"column":5}},"loc":{"start":{"line":29,"column":12},"end":{"line":29,"column":34}}},"4":{"name":"(anonymous_11)","decl":{"start":{"line":32,"column":4},"end":{"line":32,"column":5}},"loc":{"start":{"line":32,"column":12},"end":{"line":32,"column":36}}},"5":{"name":"(anonymous_12)","decl":{"start":{"line":35,"column":4},"end":{"line":35,"column":5}},"loc":{"start":{"line":35,"column":12},"end":{"line":35,"column":37}}},"6":{"name":"(anonymous_13)","decl":{"start":{"line":77,"column":28},"end":{"line":77,"column":29}},"loc":{"start":{"line":77,"column":49},"end":{"line":176,"column":1}}},"7":{"name":"(anonymous_14)","decl":{"start":{"line":93,"column":17},"end":{"line":93,"column":20}},"loc":{"start":{"line":93,"column":22},"end":{"line":95,"column":3}}},"8":{"name":"(anonymous_15)","decl":{"start":{"line":178,"column":26},"end":{"line":178,"column":35}},"loc":{"start":{"line":178,"column":37},"end":{"line":205,"column":2}}},"9":{"name":"(anonymous_16)","decl":{"start":{"line":178,"column":37},"end":{"line":178,"column":null}},"loc":{"start":{"line":178,"column":37},"end":{"line":205,"column":1}}},"10":{"name":"(anonymous_17)","decl":{"start":{"line":189,"column":24},"end":{"line":189,"column":25}},"loc":{"start":{"line":189,"column":33},"end":{"line":192,"column":7}}}},"branchMap":{"0":{"loc":{"start":{"line":17,"column":2},"end":{"line":19,"column":null}},"type":"if","locations":[{"start":{"line":17,"column":2},"end":{"line":19,"column":null}}]},"1":{"loc":{"start":{"line":22,"column":37},"end":{"line":24,"column":10}},"type":"cond-expr","locations":[{"start":{"line":24,"column":3},"end":{"line":24,"column":5}},{"start":{"line":24,"column":3},"end":{"line":24,"column":10}}]},"2":{"loc":{"start":{"line":22,"column":37},"end":{"line":24,"column":5}},"type":"binary-expr","locations":[{"start":{"line":22,"column":37},"end":{"line":24,"column":5}},{"start":{"line":24,"column":3},"end":{"line":24,"column":5}}]},"3":{"loc":{"start":{"line":22,"column":37},"end":{"line":23,"column":null}},"type":"cond-expr","locations":[{"start":{"line":22,"column":47},"end":{"line":22,"column":49}},{"start":{"line":22,"column":37},"end":{"line":23,"column":null}}]},"4":{"loc":{"start":{"line":22,"column":37},"end":{"line":22,"column":49}},"type":"binary-expr","locations":[{"start":{"line":22,"column":37},"end":{"line":22,"column":49}},{"start":{"line":22,"column":37},"end":{"line":22,"column":49}}]},"5":{"loc":{"start":{"line":25,"column":37},"end":{"line":27,"column":16}},"type":"cond-expr","locations":[{"start":{"line":27,"column":3},"end":{"line":27,"column":5}},{"start":{"line":27,"column":3},"end":{"line":27,"column":16}}]},"6":{"loc":{"start":{"line":25,"column":37},"end":{"line":27,"column":5}},"type":"binary-expr","locations":[{"start":{"line":25,"column":37},"end":{"line":27,"column":5}},{"start":{"line":27,"column":3},"end":{"line":27,"column":5}}]},"7":{"loc":{"start":{"line":25,"column":37},"end":{"line":26,"column":null}},"type":"cond-expr","locations":[{"start":{"line":25,"column":47},"end":{"line":25,"column":49}},{"start":{"line":25,"column":37},"end":{"line":26,"column":null}}]},"8":{"loc":{"start":{"line":25,"column":37},"end":{"line":25,"column":49}},"type":"binary-expr","locations":[{"start":{"line":25,"column":37},"end":{"line":25,"column":49}},{"start":{"line":25,"column":37},"end":{"line":25,"column":49}}]},"9":{"loc":{"start":{"line":28,"column":35},"end":{"line":30,"column":10}},"type":"cond-expr","locations":[{"start":{"line":30,"column":3},"end":{"line":30,"column":5}},{"start":{"line":30,"column":3},"end":{"line":30,"column":10}}]},"10":{"loc":{"start":{"line":28,"column":35},"end":{"line":30,"column":5}},"type":"binary-expr","locations":[{"start":{"line":28,"column":35},"end":{"line":30,"column":5}},{"start":{"line":30,"column":3},"end":{"line":30,"column":5}}]},"11":{"loc":{"start":{"line":28,"column":35},"end":{"line":29,"column":null}},"type":"cond-expr","locations":[{"start":{"line":28,"column":45},"end":{"line":28,"column":47}},{"start":{"line":28,"column":35},"end":{"line":29,"column":null}}]},"12":{"loc":{"start":{"line":28,"column":35},"end":{"line":28,"column":47}},"type":"binary-expr","locations":[{"start":{"line":28,"column":35},"end":{"line":28,"column":47}},{"start":{"line":28,"column":35},"end":{"line":28,"column":47}}]},"13":{"loc":{"start":{"line":31,"column":39},"end":{"line":33,"column":10}},"type":"cond-expr","locations":[{"start":{"line":33,"column":3},"end":{"line":33,"column":5}},{"start":{"line":33,"column":3},"end":{"line":33,"column":10}}]},"14":{"loc":{"start":{"line":31,"column":39},"end":{"line":33,"column":5}},"type":"binary-expr","locations":[{"start":{"line":31,"column":39},"end":{"line":33,"column":5}},{"start":{"line":33,"column":3},"end":{"line":33,"column":5}}]},"15":{"loc":{"start":{"line":31,"column":39},"end":{"line":32,"column":null}},"type":"cond-expr","locations":[{"start":{"line":31,"column":49},"end":{"line":31,"column":51}},{"start":{"line":31,"column":39},"end":{"line":32,"column":null}}]},"16":{"loc":{"start":{"line":31,"column":39},"end":{"line":31,"column":51}},"type":"binary-expr","locations":[{"start":{"line":31,"column":39},"end":{"line":31,"column":51}},{"start":{"line":31,"column":39},"end":{"line":31,"column":51}}]},"17":{"loc":{"start":{"line":34,"column":40},"end":{"line":36,"column":10}},"type":"cond-expr","locations":[{"start":{"line":36,"column":3},"end":{"line":36,"column":5}},{"start":{"line":36,"column":3},"end":{"line":36,"column":10}}]},"18":{"loc":{"start":{"line":34,"column":40},"end":{"line":36,"column":5}},"type":"binary-expr","locations":[{"start":{"line":34,"column":40},"end":{"line":36,"column":5}},{"start":{"line":36,"column":3},"end":{"line":36,"column":5}}]},"19":{"loc":{"start":{"line":34,"column":40},"end":{"line":35,"column":null}},"type":"cond-expr","locations":[{"start":{"line":34,"column":50},"end":{"line":34,"column":52}},{"start":{"line":34,"column":40},"end":{"line":35,"column":null}}]},"20":{"loc":{"start":{"line":34,"column":40},"end":{"line":34,"column":52}},"type":"binary-expr","locations":[{"start":{"line":34,"column":40},"end":{"line":34,"column":52}},{"start":{"line":34,"column":40},"end":{"line":34,"column":52}}]},"21":{"loc":{"start":{"line":40,"column":35},"end":{"line":40,"column":57}},"type":"binary-expr","locations":[{"start":{"line":40,"column":35},"end":{"line":40,"column":51}},{"start":{"line":40,"column":55},"end":{"line":40,"column":57}}]},"22":{"loc":{"start":{"line":63,"column":2},"end":{"line":67,"column":null}},"type":"if","locations":[{"start":{"line":63,"column":2},"end":{"line":67,"column":null}}]},"23":{"loc":{"start":{"line":68,"column":2},"end":{"line":73,"column":null}},"type":"if","locations":[{"start":{"line":68,"column":2},"end":{"line":73,"column":null}}]},"24":{"loc":{"start":{"line":120,"column":2},"end":{"line":124,"column":null}},"type":"if","locations":[{"start":{"line":120,"column":2},"end":{"line":124,"column":null}},{"start":{"line":122,"column":9},"end":{"line":124,"column":null}}]},"25":{"loc":{"start":{"line":128,"column":2},"end":{"line":134,"column":null}},"type":"if","locations":[{"start":{"line":128,"column":2},"end":{"line":134,"column":null}},{"start":{"line":132,"column":9},"end":{"line":134,"column":null}}]},"26":{"loc":{"start":{"line":183,"column":4},"end":{"line":200,"column":null}},"type":"if","locations":[{"start":{"line":183,"column":4},"end":{"line":200,"column":null}},{"start":{"line":186,"column":11},"end":{"line":200,"column":null}}]}},"s":{"0":0,"1":0,"2":0,"3":0,"4":0,"5":0,"6":0,"7":0,"8":0,"9":0,"10":0,"11":0,"12":0,"13":0,"14":0,"15":0,"16":0,"17":0,"18":0,"19":0,"20":0,"21":0,"22":0,"23":0,"24":0,"25":0,"26":0,"27":0,"28":0,"29":0,"30":0,"31":0,"32":0,"33":0,"34":0,"35":0,"36":0,"37":0,"38":0,"39":0,"40":0,"41":0,"42":0,"43":0,"44":0,"45":0,"46":0,"47":0,"48":0,"49":0,"50":0,"51":0,"52":0,"53":0,"54":0,"55":0,"56":0,"57":0,"58":0,"59":0,"60":0,"61":0,"62":0,"63":0,"64":0,"65":0,"66":0,"67":0,"68":0,"69":0,"70":0,"71":0,"72":0,"73":0,"74":0,"75":0,"76":0,"77":0,"78":0,"79":0,"80":0,"81":0,"82":0,"83":0,"84":0,"85":0,"86":0,"87":0,"88":0,"89":0,"90":0,"91":0,"92":0,"93":0,"94":0,"95":0,"96":0,"97":0,"98":0,"99":0,"100":0,"101":0,"102":0,"103":0,"104":0,"105":0,"106":0,"107":0,"108":0,"109":0,"110":0,"111":0,"112":0,"113":0,"114":0,"115":0,"116":0,"117":0,"118":0,"119":0,"120":0},"f":{"0":0,"1":0,"2":0,"3":0,"4":0,"5":0,"6":0,"7":0,"8":0,"9":0,"10":0},"b":{"0":[0],"1":[0,0],"2":[0,0],"3":[0,0],"4":[0,0],"5":[0,0],"6":[0,0],"7":[0,0],"8":[0,0],"9":[0,0],"10":[0,0],"11":[0,0],"12":[0,0],"13":[0,0],"14":[0,0],"15":[0,0],"16":[0,0],"17":[0,0],"18":[0,0],"19":[0,0],"20":[0,0],"21":[0,0],"22":[0],"23":[0],"24":[0,0],"25":[0,0],"26":[0,0]}}
,"C:\\Users\\User\\OneDrive\\Рабочий стол\\RSSchool\\e-commerce\\eCommerce-Application\\src\\controller\\fillCatalogPage.ts": {"path":"C:\\Users\\User\\OneDrive\\Рабочий стол\\RSSchool\\e-commerce\\eCommerce-Application\\src\\controller\\fillCatalogPage.ts","statementMap":{"0":{"start":{"line":2,"column":0},"end":{"line":2,"column":53}},"1":{"start":{"line":3,"column":0},"end":{"line":3,"column":null}},"2":{"start":{"line":8,"column":0},"end":{"line":8,"column":55}},"3":{"start":{"line":10,"column":20},"end":{"line":25,"column":1}},"4":{"start":{"line":11,"column":32},"end":{"line":11,"column":69}},"5":{"start":{"line":11,"column":53},"end":{"line":11,"column":67}},"6":{"start":{"line":13,"column":4},"end":{"line":13,"column":69}},"7":{"start":{"line":14,"column":30},"end":{"line":14,"column":71}},"8":{"start":{"line":14,"column":51},"end":{"line":14,"column":69}},"9":{"start":{"line":15,"column":2},"end":{"line":24,"column":null}},"10":{"start":{"line":16,"column":4},"end":{"line":16,"column":57}},"11":{"start":{"line":17,"column":4},"end":{"line":17,"column":61}},"12":{"start":{"line":18,"column":4},"end":{"line":18,"column":62}},"13":{"start":{"line":19,"column":4},"end":{"line":19,"column":46}},"14":{"start":{"line":20,"column":4},"end":{"line":20,"column":66}},"15":{"start":{"line":22,"column":4},"end":{"line":22,"column":59}},"16":{"start":{"line":23,"column":4},"end":{"line":23,"column":63}},"17":{"start":{"line":27,"column":22},"end":{"line":57,"column":2}},"18":{"start":{"line":31,"column":37},"end":{"line":57,"column":2}},"19":{"start":{"line":32,"column":34},"end":{"line":32,"column":36}},"20":{"start":{"line":33,"column":2},"end":{"line":54,"column":null}},"21":{"start":{"line":34,"column":4},"end":{"line":49,"column":null}},"22":{"start":{"line":35,"column":6},"end":{"line":48,"column":8}},"23":{"start":{"line":37,"column":26},"end":{"line":37,"column":35}},"24":{"start":{"line":38,"column":28},"end":{"line":47,"column":12}},"25":{"start":{"line":39,"column":34},"end":{"line":40,"column":null}},"26":{"start":{"line":40,"column":23},"end":{"line":40,"column":47}},"27":{"start":{"line":42,"column":33},"end":{"line":42,"column":78}},"28":{"start":{"line":43,"column":12},"end":{"line":45,"column":null}},"29":{"start":{"line":44,"column":14},"end":{"line":44,"column":35}},"30":{"start":{"line":46,"column":12},"end":{"line":46,"column":31}},"31":{"start":{"line":51,"column":4},"end":{"line":53,"column":45}},"32":{"start":{"line":52,"column":22},"end":{"line":52,"column":47}},"33":{"start":{"line":53,"column":23},"end":{"line":53,"column":43}},"34":{"start":{"line":56,"column":2},"end":{"line":56,"column":21}},"35":{"start":{"line":59,"column":24},"end":{"line":85,"column":2}},"36":{"start":{"line":59,"column":46},"end":{"line":85,"column":2}},"37":{"start":{"line":60,"column":2},"end":{"line":60,"column":32}},"38":{"start":{"line":61,"column":2},"end":{"line":61,"column":35}},"39":{"start":{"line":62,"column":19},"end":{"line":62,"column":40}},"40":{"start":{"line":63,"column":30},"end":{"line":63,"column":51}},"41":{"start":{"line":64,"column":2},"end":{"line":66,"column":null}},"42":{"start":{"line":65,"column":4},"end":{"line":65,"column":30}},"43":{"start":{"line":67,"column":22},"end":{"line":70,"column":null}},"44":{"start":{"line":72,"column":2},"end":{"line":72,"column":31}},"45":{"start":{"line":73,"column":2},"end":{"line":84,"column":null}},"46":{"start":{"line":74,"column":4},"end":{"line":83,"column":7}},"47":{"start":{"line":75,"column":19},"end":{"line":75,"column":48}},"48":{"start":{"line":76,"column":6},"end":{"line":76,"column":43}},"49":{"start":{"line":77,"column":6},"end":{"line":77,"column":45}},"50":{"start":{"line":78,"column":6},"end":{"line":78,"column":38}},"51":{"start":{"line":79,"column":6},"end":{"line":81,"column":9}},"52":{"start":{"line":80,"column":8},"end":{"line":80,"column":61}},"53":{"start":{"line":82,"column":6},"end":{"line":82,"column":33}},"54":{"start":{"line":59,"column":13},"end":{"line":59,"column":24}},"55":{"start":{"line":87,"column":0},"end":{"line":87,"column":29}}},"fnMap":{"0":{"name":"(anonymous_8)","decl":{"start":{"line":10,"column":20},"end":{"line":10,"column":21}},"loc":{"start":{"line":10,"column":57},"end":{"line":25,"column":1}}},"1":{"name":"(anonymous_9)","decl":{"start":{"line":11,"column":45},"end":{"line":11,"column":46}},"loc":{"start":{"line":11,"column":53},"end":{"line":11,"column":67}}},"2":{"name":"(anonymous_10)","decl":{"start":{"line":14,"column":43},"end":{"line":14,"column":44}},"loc":{"start":{"line":14,"column":51},"end":{"line":14,"column":69}}},"3":{"name":"(anonymous_11)","decl":{"start":{"line":27,"column":22},"end":{"line":27,"column":null}},"loc":{"start":{"line":31,"column":37},"end":{"line":57,"column":2}}},"4":{"name":"(anonymous_12)","decl":{"start":{"line":31,"column":37},"end":{"line":31,"column":null}},"loc":{"start":{"line":31,"column":37},"end":{"line":57,"column":1}}},"5":{"name":"(anonymous_13)","decl":{"start":{"line":37,"column":18},"end":{"line":37,"column":19}},"loc":{"start":{"line":37,"column":26},"end":{"line":37,"column":35}}},"6":{"name":"(anonymous_14)","decl":{"start":{"line":38,"column":15},"end":{"line":38,"column":22}},"loc":{"start":{"line":38,"column":28},"end":{"line":47,"column":12}}},"7":{"name":"(anonymous_15)","decl":{"start":{"line":38,"column":28},"end":{"line":38,"column":null}},"loc":{"start":{"line":38,"column":28},"end":{"line":47,"column":11}}},"8":{"name":"(anonymous_16)","decl":{"start":{"line":40,"column":14},"end":{"line":40,"column":15}},"loc":{"start":{"line":40,"column":23},"end":{"line":40,"column":47}}},"9":{"name":"(anonymous_17)","decl":{"start":{"line":52,"column":14},"end":{"line":52,"column":15}},"loc":{"start":{"line":52,"column":22},"end":{"line":52,"column":47}}},"10":{"name":"(anonymous_18)","decl":{"start":{"line":53,"column":15},"end":{"line":53,"column":16}},"loc":{"start":{"line":53,"column":23},"end":{"line":53,"column":43}}},"11":{"name":"(anonymous_19)","decl":{"start":{"line":59,"column":24},"end":{"line":59,"column":31}},"loc":{"start":{"line":59,"column":46},"end":{"line":85,"column":2}}},"12":{"name":"(anonymous_20)","decl":{"start":{"line":59,"column":46},"end":{"line":59,"column":null}},"loc":{"start":{"line":59,"column":46},"end":{"line":85,"column":1}}},"13":{"name":"(anonymous_21)","decl":{"start":{"line":74,"column":24},"end":{"line":74,"column":25}},"loc":{"start":{"line":74,"column":31},"end":{"line":83,"column":5}}},"14":{"name":"(anonymous_22)","decl":{"start":{"line":79,"column":39},"end":{"line":79,"column":42}},"loc":{"start":{"line":79,"column":44},"end":{"line":81,"column":7}}}},"branchMap":{"0":{"loc":{"start":{"line":13,"column":4},"end":{"line":13,"column":69}},"type":"cond-expr","locations":[{"start":{"line":13,"column":30},"end":{"line":13,"column":52}},{"start":{"line":13,"column":55},"end":{"line":13,"column":69}}]},"1":{"loc":{"start":{"line":15,"column":2},"end":{"line":24,"column":null}},"type":"if","locations":[{"start":{"line":15,"column":2},"end":{"line":24,"column":null}},{"start":{"line":21,"column":9},"end":{"line":24,"column":null}}]},"2":{"loc":{"start":{"line":33,"column":2},"end":{"line":54,"column":null}},"type":"if","locations":[{"start":{"line":33,"column":2},"end":{"line":54,"column":null}},{"start":{"line":50,"column":9},"end":{"line":54,"column":null}}]},"3":{"loc":{"start":{"line":33,"column":6},"end":{"line":33,"column":38}},"type":"binary-expr","locations":[{"start":{"line":33,"column":6},"end":{"line":33,"column":14}},{"start":{"line":33,"column":18},"end":{"line":33,"column":38}}]},"4":{"loc":{"start":{"line":34,"column":4},"end":{"line":49,"column":null}},"type":"if","locations":[{"start":{"line":34,"column":4},"end":{"line":49,"column":null}}]},"5":{"loc":{"start":{"line":34,"column":10},"end":{"line":34,"column":48}},"type":"binary-expr","locations":[{"start":{"line":34,"column":10},"end":{"line":34,"column":21}},{"start":{"line":34,"column":25},"end":{"line":34,"column":48}}]},"6":{"loc":{"start":{"line":42,"column":33},"end":{"line":42,"column":78}},"type":"cond-expr","locations":[{"start":{"line":42,"column":53},"end":{"line":42,"column":55}},{"start":{"line":42,"column":53},"end":{"line":42,"column":78}}]},"7":{"loc":{"start":{"line":42,"column":33},"end":{"line":42,"column":55}},"type":"binary-expr","locations":[{"start":{"line":42,"column":33},"end":{"line":42,"column":55}},{"start":{"line":42,"column":53},"end":{"line":42,"column":55}}]},"8":{"loc":{"start":{"line":43,"column":12},"end":{"line":45,"column":null}},"type":"if","locations":[{"start":{"line":43,"column":12},"end":{"line":45,"column":null}}]},"9":{"loc":{"start":{"line":64,"column":2},"end":{"line":66,"column":null}},"type":"if","locations":[{"start":{"line":64,"column":2},"end":{"line":66,"column":null}}]},"10":{"loc":{"start":{"line":73,"column":2},"end":{"line":84,"column":null}},"type":"if","locations":[{"start":{"line":73,"column":2},"end":{"line":84,"column":null}}]}},"s":{"0":0,"1":0,"2":0,"3":0,"4":0,"5":0,"6":0,"7":0,"8":0,"9":0,"10":0,"11":0,"12":0,"13":0,"14":0,"15":0,"16":0,"17":0,"18":0,"19":0,"20":0,"21":0,"22":0,"23":0,"24":0,"25":0,"26":0,"27":0,"28":0,"29":0,"30":0,"31":0,"32":0,"33":0,"34":0,"35":0,"36":0,"37":0,"38":0,"39":0,"40":0,"41":0,"42":0,"43":0,"44":0,"45":0,"46":0,"47":0,"48":0,"49":0,"50":0,"51":0,"52":0,"53":0,"54":0,"55":0},"f":{"0":0,"1":0,"2":0,"3":0,"4":0,"5":0,"6":0,"7":0,"8":0,"9":0,"10":0,"11":0,"12":0,"13":0,"14":0},"b":{"0":[0,0],"1":[0,0],"2":[0,0],"3":[0,0],"4":[0],"5":[0,0],"6":[0,0],"7":[0,0],"8":[0],"9":[0],"10":[0]}}
,"C:\\Users\\User\\OneDrive\\Рабочий стол\\RSSchool\\e-commerce\\eCommerce-Application\\src\\controller\\fillProductPage.ts": {"path":"C:\\Users\\User\\OneDrive\\Рабочий стол\\RSSchool\\e-commerce\\eCommerce-Application\\src\\controller\\fillProductPage.ts","statementMap":{"0":{"start":{"line":2,"column":0},"end":{"line":2,"column":55}},"1":{"start":{"line":3,"column":0},"end":{"line":3,"column":57}},"2":{"start":{"line":4,"column":0},"end":{"line":4,"column":51}},"3":{"start":{"line":6,"column":0},"end":{"line":6,"column":56}},"4":{"start":{"line":7,"column":0},"end":{"line":7,"column":57}},"5":{"start":{"line":9,"column":22},"end":{"line":31,"column":1}},"6":{"start":{"line":10,"column":23},"end":{"line":10,"column":26}},"7":{"start":{"line":11,"column":16},"end":{"line":13,"column":4}},"8":{"start":{"line":15,"column":2},"end":{"line":30,"column":null}},"9":{"start":{"line":16,"column":4},"end":{"line":18,"column":53}},"10":{"start":{"line":19,"column":4},"end":{"line":19,"column":42}},"11":{"start":{"line":20,"column":26},"end":{"line":24,"column":null}},"12":{"start":{"line":26,"column":4},"end":{"line":26,"column":56}},"13":{"start":{"line":27,"column":4},"end":{"line":27,"column":59}},"14":{"start":{"line":29,"column":4},"end":{"line":29,"column":45}},"15":{"start":{"line":33,"column":21},"end":{"line":69,"column":1}},"16":{"start":{"line":34,"column":2},"end":{"line":36,"column":38}},"17":{"start":{"line":36,"column":23},"end":{"line":36,"column":36}},"18":{"start":{"line":37,"column":2},"end":{"line":68,"column":null}},"19":{"start":{"line":37,"column":15},"end":{"line":37,"column":16}},"20":{"start":{"line":38,"column":20},"end":{"line":38,"column":49}},"21":{"start":{"line":39,"column":4},"end":{"line":39,"column":41}},"22":{"start":{"line":40,"column":24},"end":{"line":40,"column":54}},"23":{"start":{"line":41,"column":17},"end":{"line":43,"column":9}},"24":{"start":{"line":44,"column":4},"end":{"line":44,"column":73}},"25":{"start":{"line":46,"column":25},"end":{"line":46,"column":55}},"26":{"start":{"line":47,"column":4},"end":{"line":52,"column":null}},"27":{"start":{"line":48,"column":6},"end":{"line":48,"column":52}},"28":{"start":{"line":50,"column":24},"end":{"line":50,"column":50}},"29":{"start":{"line":51,"column":6},"end":{"line":51,"column":49}},"30":{"start":{"line":53,"column":4},"end":{"line":65,"column":null}},"31":{"start":{"line":55,"column":8},"end":{"line":55,"column":42}},"32":{"start":{"line":56,"column":8},"end":{"line":56,"column":14}},"33":{"start":{"line":58,"column":8},"end":{"line":58,"column":42}},"34":{"start":{"line":59,"column":8},"end":{"line":59,"column":14}},"35":{"start":{"line":61,"column":8},"end":{"line":61,"column":42}},"36":{"start":{"line":62,"column":8},"end":{"line":62,"column":14}},"37":{"start":{"line":64,"column":8},"end":{"line":64,"column":14}},"38":{"start":{"line":66,"column":4},"end":{"line":66,"column":46}},"39":{"start":{"line":67,"column":4},"end":{"line":67,"column":37}},"40":{"start":{"line":71,"column":24},"end":{"line":79,"column":1}},"41":{"start":{"line":72,"column":2},"end":{"line":72,"column":34}},"42":{"start":{"line":73,"column":2},"end":{"line":73,"column":36}},"43":{"start":{"line":74,"column":2},"end":{"line":74,"column":48}},"44":{"start":{"line":75,"column":2},"end":{"line":78,"column":null}},"45":{"start":{"line":75,"column":15},"end":{"line":75,"column":16}},"46":{"start":{"line":76,"column":20},"end":{"line":76,"column":29}},"47":{"start":{"line":77,"column":4},"end":{"line":77,"column":28}},"48":{"start":{"line":81,"column":27},"end":{"line":98,"column":1}},"49":{"start":{"line":82,"column":2},"end":{"line":82,"column":40}},"50":{"start":{"line":83,"column":2},"end":{"line":97,"column":null}},"51":{"start":{"line":83,"column":15},"end":{"line":83,"column":16}},"52":{"start":{"line":84,"column":16},"end":{"line":84,"column":45}},"53":{"start":{"line":85,"column":4},"end":{"line":85,"column":37}},"54":{"start":{"line":86,"column":4},"end":{"line":88,"column":null}},"55":{"start":{"line":87,"column":6},"end":{"line":87,"column":51}},"56":{"start":{"line":90,"column":4},"end":{"line":95,"column":7}},"57":{"start":{"line":91,"column":6},"end":{"line":91,"column":38}},"58":{"start":{"line":92,"column":22},"end":{"line":92,"column":66}},"59":{"start":{"line":93,"column":6},"end":{"line":93,"column":78}},"60":{"start":{"line":93,"column":30},"end":{"line":93,"column":76}},"61":{"start":{"line":94,"column":6},"end":{"line":94,"column":51}},"62":{"start":{"line":96,"column":4},"end":{"line":96,"column":39}},"63":{"start":{"line":101,"column":20},"end":{"line":102,"column":null}},"64":{"start":{"line":102,"column":14},"end":{"line":102,"column":41}},"65":{"start":{"line":104,"column":2},"end":{"line":107,"column":null}},"66":{"start":{"line":105,"column":23},"end":{"line":105,"column":51}},"67":{"start":{"line":106,"column":4},"end":{"line":106,"column":28}},"68":{"start":{"line":108,"column":2},"end":{"line":108,"column":19}},"69":{"start":{"line":111,"column":21},"end":{"line":135,"column":1}},"70":{"start":{"line":115,"column":17},"end":{"line":115,"column":72}},"71":{"start":{"line":115,"column":43},"end":{"line":115,"column":71}},"72":{"start":{"line":116,"column":24},"end":{"line":116,"column":69}},"73":{"start":{"line":118,"column":2},"end":{"line":118,"column":39}},"74":{"start":{"line":119,"column":2},"end":{"line":134,"column":null}},"75":{"start":{"line":119,"column":15},"end":{"line":119,"column":16}},"76":{"start":{"line":120,"column":20},"end":{"line":120,"column":47}},"77":{"start":{"line":121,"column":4},"end":{"line":121,"column":42}},"78":{"start":{"line":123,"column":4},"end":{"line":123,"column":40}},"79":{"start":{"line":124,"column":4},"end":{"line":124,"column":46}},"80":{"start":{"line":125,"column":4},"end":{"line":125,"column":42}},"81":{"start":{"line":126,"column":4},"end":{"line":126,"column":36}},"82":{"start":{"line":127,"column":4},"end":{"line":128,"column":68}},"83":{"start":{"line":128,"column":6},"end":{"line":128,"column":68}},"84":{"start":{"line":130,"column":4},"end":{"line":132,"column":6}},"85":{"start":{"line":131,"column":6},"end":{"line":131,"column":63}},"86":{"start":{"line":133,"column":4},"end":{"line":133,"column":42}},"87":{"start":{"line":137,"column":22},"end":{"line":146,"column":1}},"88":{"start":{"line":138,"column":30},"end":{"line":138,"column":32}},"89":{"start":{"line":139,"column":2},"end":{"line":145,"column":5}},"90":{"start":{"line":140,"column":4},"end":{"line":144,"column":7}},"91":{"start":{"line":141,"column":6},"end":{"line":141,"column":34}},"92":{"start":{"line":142,"column":18},"end":{"line":142,"column":29}},"93":{"start":{"line":143,"column":6},"end":{"line":143,"column":28}},"94":{"start":{"line":148,"column":19},"end":{"line":152,"column":2}},"95":{"start":{"line":148,"column":58},"end":{"line":152,"column":2}},"96":{"start":{"line":149,"column":15},"end":{"line":149,"column":36}},"97":{"start":{"line":150,"column":27},"end":{"line":150,"column":46}},"98":{"start":{"line":151,"column":2},"end":{"line":151,"column":66}},"99":{"start":{"line":151,"column":43},"end":{"line":151,"column":64}},"100":{"start":{"line":154,"column":22},"end":{"line":162,"column":2}},"101":{"start":{"line":154,"column":50},"end":{"line":162,"column":2}},"102":{"start":{"line":155,"column":2},"end":{"line":161,"column":null}},"103":{"start":{"line":156,"column":4},"end":{"line":156,"column":58}},"104":{"start":{"line":157,"column":4},"end":{"line":157,"column":62}},"105":{"start":{"line":159,"column":4},"end":{"line":159,"column":63}},"106":{"start":{"line":160,"column":4},"end":{"line":160,"column":65}},"107":{"start":{"line":164,"column":31},"end":{"line":211,"column":2}},"108":{"start":{"line":164,"column":53},"end":{"line":211,"column":2}},"109":{"start":{"line":165,"column":19},"end":{"line":165,"column":45}},"110":{"start":{"line":167,"column":2},"end":{"line":171,"column":null}},"111":{"start":{"line":168,"column":4},"end":{"line":168,"column":61}},"112":{"start":{"line":169,"column":4},"end":{"line":169,"column":64}},"113":{"start":{"line":170,"column":4},"end":{"line":170,"column":17}},"114":{"start":{"line":172,"column":2},"end":{"line":172,"column":34}},"115":{"start":{"line":173,"column":2},"end":{"line":173,"column":40}},"116":{"start":{"line":174,"column":2},"end":{"line":174,"column":37}},"117":{"start":{"line":175,"column":2},"end":{"line":175,"column":40}},"118":{"start":{"line":176,"column":2},"end":{"line":176,"column":36}},"119":{"start":{"line":178,"column":22},"end":{"line":178,"column":46}},"120":{"start":{"line":179,"column":19},"end":{"line":179,"column":71}},"121":{"start":{"line":180,"column":2},"end":{"line":180,"column":26}},"122":{"start":{"line":181,"column":30},"end":{"line":181,"column":32}},"123":{"start":{"line":182,"column":2},"end":{"line":186,"column":5}},"124":{"start":{"line":183,"column":4},"end":{"line":185,"column":7}},"125":{"start":{"line":184,"column":6},"end":{"line":184,"column":34}},"126":{"start":{"line":188,"column":25},"end":{"line":188,"column":66}},"127":{"start":{"line":188,"column":49},"end":{"line":188,"column":65}},"128":{"start":{"line":190,"column":2},"end":{"line":190,"column":49}},"129":{"start":{"line":191,"column":2},"end":{"line":200,"column":null}},"130":{"start":{"line":192,"column":35},"end":{"line":192,"column":75}},"131":{"start":{"line":193,"column":4},"end":{"line":193,"column":39}},"132":{"start":{"line":194,"column":4},"end":{"line":199,"column":7}},"133":{"start":{"line":195,"column":24},"end":{"line":195,"column":51}},"134":{"start":{"line":196,"column":6},"end":{"line":196,"column":54}},"135":{"start":{"line":197,"column":6},"end":{"line":197,"column":33}},"136":{"start":{"line":198,"column":6},"end":{"line":198,"column":44}},"137":{"start":{"line":201,"column":2},"end":{"line":201,"column":80}},"138":{"start":{"line":201,"column":40},"end":{"line":201,"column":80}},"139":{"start":{"line":202,"column":2},"end":{"line":202,"column":42}},"140":{"start":{"line":203,"column":2},"end":{"line":203,"column":41}},"141":{"start":{"line":204,"column":2},"end":{"line":205,"column":46}},"142":{"start":{"line":205,"column":4},"end":{"line":205,"column":46}},"143":{"start":{"line":206,"column":2},"end":{"line":206,"column":41}},"144":{"start":{"line":208,"column":19},"end":{"line":208,"column":54}},"145":{"start":{"line":209,"column":2},"end":{"line":209,"column":26}},"146":{"start":{"line":210,"column":2},"end":{"line":210,"column":14}},"147":{"start":{"line":164,"column":13},"end":{"line":164,"column":31}}},"fnMap":{"0":{"name":"(anonymous_14)","decl":{"start":{"line":9,"column":22},"end":{"line":9,"column":23}},"loc":{"start":{"line":9,"column":46},"end":{"line":31,"column":1}}},"1":{"name":"(anonymous_15)","decl":{"start":{"line":33,"column":21},"end":{"line":33,"column":22}},"loc":{"start":{"line":33,"column":60},"end":{"line":69,"column":1}}},"2":{"name":"(anonymous_16)","decl":{"start":{"line":36,"column":13},"end":{"line":36,"column":14}},"loc":{"start":{"line":36,"column":23},"end":{"line":36,"column":36}}},"3":{"name":"(anonymous_17)","decl":{"start":{"line":71,"column":24},"end":{"line":71,"column":25}},"loc":{"start":{"line":71,"column":61},"end":{"line":79,"column":1}}},"4":{"name":"(anonymous_18)","decl":{"start":{"line":81,"column":27},"end":{"line":81,"column":28}},"loc":{"start":{"line":81,"column":64},"end":{"line":98,"column":1}}},"5":{"name":"(anonymous_19)","decl":{"start":{"line":90,"column":34},"end":{"line":90,"column":37}},"loc":{"start":{"line":90,"column":39},"end":{"line":95,"column":5}}},"6":{"name":"(anonymous_20)","decl":{"start":{"line":93,"column":22},"end":{"line":93,"column":23}},"loc":{"start":{"line":93,"column":30},"end":{"line":93,"column":76}}},"7":{"name":"getColorFromVariant","decl":{"start":{"line":100,"column":9},"end":{"line":100,"column":28}},"loc":{"start":{"line":100,"column":52},"end":{"line":109,"column":1}}},"8":{"name":"(anonymous_22)","decl":{"start":{"line":102,"column":4},"end":{"line":102,"column":5}},"loc":{"start":{"line":102,"column":14},"end":{"line":102,"column":41}}},"9":{"name":"(anonymous_23)","decl":{"start":{"line":111,"column":21},"end":{"line":111,"column":null}},"loc":{"start":{"line":114,"column":4},"end":{"line":135,"column":1}}},"10":{"name":"(anonymous_24)","decl":{"start":{"line":115,"column":30},"end":{"line":115,"column":31}},"loc":{"start":{"line":115,"column":43},"end":{"line":115,"column":71}}},"11":{"name":"(anonymous_25)","decl":{"start":{"line":130,"column":22},"end":{"line":130,"column":25}},"loc":{"start":{"line":130,"column":27},"end":{"line":132,"column":5}}},"12":{"name":"(anonymous_26)","decl":{"start":{"line":137,"column":22},"end":{"line":137,"column":23}},"loc":{"start":{"line":137,"column":53},"end":{"line":146,"column":1}}},"13":{"name":"(anonymous_27)","decl":{"start":{"line":139,"column":19},"end":{"line":139,"column":20}},"loc":{"start":{"line":139,"column":31},"end":{"line":145,"column":3}}},"14":{"name":"(anonymous_28)","decl":{"start":{"line":140,"column":27},"end":{"line":140,"column":28}},"loc":{"start":{"line":140,"column":56},"end":{"line":144,"column":5}}},"15":{"name":"(anonymous_29)","decl":{"start":{"line":148,"column":19},"end":{"line":148,"column":26}},"loc":{"start":{"line":148,"column":58},"end":{"line":152,"column":2}}},"16":{"name":"(anonymous_30)","decl":{"start":{"line":148,"column":58},"end":{"line":148,"column":null}},"loc":{"start":{"line":148,"column":58},"end":{"line":152,"column":1}}},"17":{"name":"(anonymous_31)","decl":{"start":{"line":151,"column":33},"end":{"line":151,"column":34}},"loc":{"start":{"line":151,"column":43},"end":{"line":151,"column":64}}},"18":{"name":"(anonymous_32)","decl":{"start":{"line":154,"column":22},"end":{"line":154,"column":29}},"loc":{"start":{"line":154,"column":50},"end":{"line":162,"column":2}}},"19":{"name":"(anonymous_33)","decl":{"start":{"line":154,"column":50},"end":{"line":154,"column":null}},"loc":{"start":{"line":154,"column":50},"end":{"line":162,"column":1}}},"20":{"name":"(anonymous_34)","decl":{"start":{"line":164,"column":31},"end":{"line":164,"column":38}},"loc":{"start":{"line":164,"column":53},"end":{"line":211,"column":2}}},"21":{"name":"(anonymous_35)","decl":{"start":{"line":164,"column":53},"end":{"line":164,"column":null}},"loc":{"start":{"line":164,"column":53},"end":{"line":211,"column":1}}},"22":{"name":"(anonymous_36)","decl":{"start":{"line":182,"column":19},"end":{"line":182,"column":20}},"loc":{"start":{"line":182,"column":31},"end":{"line":186,"column":3}}},"23":{"name":"(anonymous_37)","decl":{"start":{"line":183,"column":27},"end":{"line":183,"column":28}},"loc":{"start":{"line":183,"column":56},"end":{"line":185,"column":5}}},"24":{"name":"(anonymous_38)","decl":{"start":{"line":188,"column":39},"end":{"line":188,"column":40}},"loc":{"start":{"line":188,"column":49},"end":{"line":188,"column":65}}},"25":{"name":"(anonymous_39)","decl":{"start":{"line":194,"column":25},"end":{"line":194,"column":26}},"loc":{"start":{"line":194,"column":32},"end":{"line":199,"column":5}}}},"branchMap":{"0":{"loc":{"start":{"line":15,"column":2},"end":{"line":30,"column":null}},"type":"if","locations":[{"start":{"line":15,"column":2},"end":{"line":30,"column":null}},{"start":{"line":28,"column":9},"end":{"line":30,"column":null}}]},"1":{"loc":{"start":{"line":44,"column":30},"end":{"line":44,"column":72}},"type":"cond-expr","locations":[{"start":{"line":44,"column":49},"end":{"line":44,"column":65}},{"start":{"line":44,"column":68},"end":{"line":44,"column":72}}]},"2":{"loc":{"start":{"line":47,"column":4},"end":{"line":52,"column":null}},"type":"if","locations":[{"start":{"line":47,"column":4},"end":{"line":52,"column":null}},{"start":{"line":49,"column":11},"end":{"line":52,"column":null}}]},"3":{"loc":{"start":{"line":53,"column":4},"end":{"line":65,"column":null}},"type":"switch","locations":[{"start":{"line":54,"column":6},"end":{"line":56,"column":14}},{"start":{"line":57,"column":6},"end":{"line":59,"column":14}},{"start":{"line":60,"column":6},"end":{"line":62,"column":14}},{"start":{"line":63,"column":6},"end":{"line":64,"column":14}}]},"4":{"loc":{"start":{"line":86,"column":4},"end":{"line":88,"column":null}},"type":"if","locations":[{"start":{"line":86,"column":4},"end":{"line":88,"column":null}}]},"5":{"loc":{"start":{"line":104,"column":2},"end":{"line":107,"column":null}},"type":"if","locations":[{"start":{"line":104,"column":2},"end":{"line":107,"column":null}}]},"6":{"loc":{"start":{"line":116,"column":24},"end":{"line":116,"column":69}},"type":"cond-expr","locations":[{"start":{"line":116,"column":34},"end":{"line":116,"column":62}},{"start":{"line":116,"column":65},"end":{"line":116,"column":69}}]},"7":{"loc":{"start":{"line":127,"column":4},"end":{"line":128,"column":68}},"type":"if","locations":[{"start":{"line":127,"column":4},"end":{"line":128,"column":68}}]},"8":{"loc":{"start":{"line":155,"column":2},"end":{"line":161,"column":null}},"type":"if","locations":[{"start":{"line":155,"column":2},"end":{"line":161,"column":null}},{"start":{"line":158,"column":9},"end":{"line":161,"column":null}}]},"9":{"loc":{"start":{"line":167,"column":2},"end":{"line":171,"column":null}},"type":"if","locations":[{"start":{"line":167,"column":2},"end":{"line":171,"column":null}}]},"10":{"loc":{"start":{"line":168,"column":4},"end":{"line":168,"column":60}},"type":"cond-expr","locations":[{"start":{"line":168,"column":33},"end":{"line":168,"column":35}},{"start":{"line":168,"column":33},"end":{"line":168,"column":60}}]},"11":{"loc":{"start":{"line":168,"column":4},"end":{"line":168,"column":35}},"type":"binary-expr","locations":[{"start":{"line":168,"column":4},"end":{"line":168,"column":35}},{"start":{"line":168,"column":33},"end":{"line":168,"column":35}}]},"12":{"loc":{"start":{"line":169,"column":4},"end":{"line":169,"column":63}},"type":"cond-expr","locations":[{"start":{"line":169,"column":33},"end":{"line":169,"column":35}},{"start":{"line":169,"column":33},"end":{"line":169,"column":63}}]},"13":{"loc":{"start":{"line":169,"column":4},"end":{"line":169,"column":35}},"type":"binary-expr","locations":[{"start":{"line":169,"column":4},"end":{"line":169,"column":35}},{"start":{"line":169,"column":33},"end":{"line":169,"column":35}}]},"14":{"loc":{"start":{"line":191,"column":2},"end":{"line":200,"column":null}},"type":"if","locations":[{"start":{"line":191,"column":2},"end":{"line":200,"column":null}}]},"15":{"loc":{"start":{"line":201,"column":2},"end":{"line":201,"column":80}},"type":"if","locations":[{"start":{"line":201,"column":2},"end":{"line":201,"column":80}}]},"16":{"loc":{"start":{"line":204,"column":2},"end":{"line":205,"column":46}},"type":"if","locations":[{"start":{"line":204,"column":2},"end":{"line":205,"column":46}}]}},"s":{"0":0,"1":0,"2":0,"3":0,"4":0,"5":0,"6":0,"7":0,"8":0,"9":0,"10":0,"11":0,"12":0,"13":0,"14":0,"15":0,"16":0,"17":0,"18":0,"19":0,"20":0,"21":0,"22":0,"23":0,"24":0,"25":0,"26":0,"27":0,"28":0,"29":0,"30":0,"31":0,"32":0,"33":0,"34":0,"35":0,"36":0,"37":0,"38":0,"39":0,"40":0,"41":0,"42":0,"43":0,"44":0,"45":0,"46":0,"47":0,"48":0,"49":0,"50":0,"51":0,"52":0,"53":0,"54":0,"55":0,"56":0,"57":0,"58":0,"59":0,"60":0,"61":0,"62":0,"63":0,"64":0,"65":0,"66":0,"67":0,"68":0,"69":0,"70":0,"71":0,"72":0,"73":0,"74":0,"75":0,"76":0,"77":0,"78":0,"79":0,"80":0,"81":0,"82":0,"83":0,"84":0,"85":0,"86":0,"87":0,"88":0,"89":0,"90":0,"91":0,"92":0,"93":0,"94":0,"95":0,"96":0,"97":0,"98":0,"99":0,"100":0,"101":0,"102":0,"103":0,"104":0,"105":0,"106":0,"107":0,"108":0,"109":0,"110":0,"111":0,"112":0,"113":0,"114":0,"115":0,"116":0,"117":0,"118":0,"119":0,"120":0,"121":0,"122":0,"123":0,"124":0,"125":0,"126":0,"127":0,"128":0,"129":0,"130":0,"131":0,"132":0,"133":0,"134":0,"135":0,"136":0,"137":0,"138":0,"139":0,"140":0,"141":0,"142":0,"143":0,"144":0,"145":0,"146":0,"147":0},"f":{"0":0,"1":0,"2":0,"3":0,"4":0,"5":0,"6":0,"7":0,"8":0,"9":0,"10":0,"11":0,"12":0,"13":0,"14":0,"15":0,"16":0,"17":0,"18":0,"19":0,"20":0,"21":0,"22":0,"23":0,"24":0,"25":0},"b":{"0":[0,0],"1":[0,0],"2":[0,0],"3":[0,0,0,0],"4":[0],"5":[0],"6":[0,0],"7":[0],"8":[0,0],"9":[0],"10":[0,0],"11":[0,0],"12":[0,0],"13":[0,0],"14":[0],"15":[0],"16":[0]}}
,"C:\\Users\\User\\OneDrive\\Рабочий стол\\RSSchool\\e-commerce\\eCommerce-Application\\src\\controller\\filterResetHandler.ts": {"path":"C:\\Users\\User\\OneDrive\\Рабочий стол\\RSSchool\\e-commerce\\eCommerce-Application\\src\\controller\\filterResetHandler.ts","statementMap":{"0":{"start":{"line":1,"column":0},"end":{"line":1,"column":54}},"1":{"start":{"line":2,"column":0},"end":{"line":2,"column":52}},"2":{"start":{"line":3,"column":0},"end":{"line":3,"column":64}},"3":{"start":{"line":4,"column":0},"end":{"line":4,"column":75}},"4":{"start":{"line":6,"column":20},"end":{"line":14,"column":2}},"5":{"start":{"line":6,"column":31},"end":{"line":14,"column":2}},"6":{"start":{"line":7,"column":25},"end":{"line":7,"column":44}},"7":{"start":{"line":8,"column":16},"end":{"line":8,"column":26}},"8":{"start":{"line":9,"column":17},"end":{"line":9,"column":28}},"9":{"start":{"line":10,"column":15},"end":{"line":10,"column":72}},"10":{"start":{"line":11,"column":20},"end":{"line":11,"column":37}},"11":{"start":{"line":12,"column":2},"end":{"line":12,"column":29}},"12":{"start":{"line":13,"column":2},"end":{"line":13,"column":24}},"13":{"start":{"line":16,"column":0},"end":{"line":16,"column":47}}},"fnMap":{"0":{"name":"(anonymous_8)","decl":{"start":{"line":6,"column":20},"end":{"line":6,"column":29}},"loc":{"start":{"line":6,"column":31},"end":{"line":14,"column":2}}},"1":{"name":"(anonymous_9)","decl":{"start":{"line":6,"column":31},"end":{"line":6,"column":null}},"loc":{"start":{"line":6,"column":31},"end":{"line":14,"column":1}}}},"branchMap":{},"s":{"0":0,"1":0,"2":0,"3":0,"4":0,"5":0,"6":0,"7":0,"8":0,"9":0,"10":0,"11":0,"12":0,"13":0},"f":{"0":0,"1":0},"b":{}}
,"C:\\Users\\User\\OneDrive\\Рабочий стол\\RSSchool\\e-commerce\\eCommerce-Application\\src\\controller\\filterSubmitHandler.ts": {"path":"C:\\Users\\User\\OneDrive\\Рабочий стол\\RSSchool\\e-commerce\\eCommerce-Application\\src\\controller\\filterSubmitHandler.ts","statementMap":{"0":{"start":{"line":2,"column":0},"end":{"line":2,"column":72}},"1":{"start":{"line":3,"column":0},"end":{"line":3,"column":69}},"2":{"start":{"line":4,"column":0},"end":{"line":4,"column":52}},"3":{"start":{"line":6,"column":0},"end":{"line":6,"column":64}},"4":{"start":{"line":7,"column":0},"end":{"line":7,"column":75}},"5":{"start":{"line":8,"column":0},"end":{"line":8,"column":55}},"6":{"start":{"line":9,"column":0},"end":{"line":9,"column":57}},"7":{"start":{"line":13,"column":27},"end":{"line":25,"column":2}},"8":{"start":{"line":13,"column":55},"end":{"line":25,"column":2}},"9":{"start":{"line":14,"column":21},"end":{"line":14,"column":36}},"10":{"start":{"line":15,"column":2},"end":{"line":15,"column":25}},"11":{"start":{"line":15,"column":15},"end":{"line":15,"column":25}},"12":{"start":{"line":16,"column":22},"end":{"line":16,"column":59}},"13":{"start":{"line":18,"column":31},"end":{"line":18,"column":76}},"14":{"start":{"line":19,"column":2},"end":{"line":23,"column":null}},"15":{"start":{"line":20,"column":4},"end":{"line":20,"column":45}},"16":{"start":{"line":22,"column":4},"end":{"line":22,"column":55}},"17":{"start":{"line":24,"column":2},"end":{"line":24,"column":16}},"18":{"start":{"line":13,"column":13},"end":{"line":13,"column":27}},"19":{"start":{"line":27,"column":21},"end":{"line":31,"column":1}},"20":{"start":{"line":28,"column":15},"end":{"line":28,"column":36}},"21":{"start":{"line":29,"column":20},"end":{"line":29,"column":39}},"22":{"start":{"line":30,"column":2},"end":{"line":30,"column":24}},"23":{"start":{"line":33,"column":22},"end":{"line":83,"column":1}},"24":{"start":{"line":34,"column":15},"end":{"line":34,"column":36}},"25":{"start":{"line":35,"column":34},"end":{"line":35,"column":36}},"26":{"start":{"line":37,"column":25},"end":{"line":43,"column":4}},"27":{"start":{"line":44,"column":2},"end":{"line":52,"column":5}},"28":{"start":{"line":45,"column":19},"end":{"line":45,"column":36}},"29":{"start":{"line
[...]
,"C:\\Users\\User\\OneDrive\\Рабочий стол\\RSSchool\\e-commerce\\eCommerce-Application\\src\\view\\pages\\profile\\menu.ts": {"path":"C:\\Users\\User\\OneDrive\\Рабочий стол\\RSSchool\\e-commerce\\eCommerce-Application\\src\\view\\pages\\profile\\menu.ts","statementMap":{"0":{"start":{"line":5,"column":15},"end":{"line":5,"column":44}},"1":{"start":{"line":6,"column":2},"end":{"line":6,"column":40}},"2":{"start":{"line":8,"column":22},"end":{"line":8,"column":51}},"3":{"start":{"line":9,"column":2},"end":{"line":9,"column":52}},"4":{"start":{"line":10,"column":2},"end":{"line":10,"column":34}},"5":{"start":{"line":11,"column":27},"end":{"line":11,"column":58}},"6":{"start":{"line":12,"column":2},"end":{"line":12,"column":34}},"7":{"start":{"line":13,"column":2},"end":{"line":13,"column":64}},"8":{"start":{"line":14,"column":2},"end":{"line":14,"column":33}},"9":{"start":{"line":15,"column":2},"end":{"line":15,"column":40}},"10":{"start":{"line":16,"column":2},"end":{"line":16,"column":34}},"11":{"start":{"line":17,"column":27},"end":{"line":17,"column":58}},"12":{"start":{"line":18,"column":2},"end":{"line":18,"column":45}},"13":{"start":{"line":19,"column":2},"end":{"line":19,"column":64}},"14":{"start":{"line":20,"column":2},"end":{"line":20,"column":64}},"15":{"start":{"line":21,"column":2},"end":{"line":21,"column":45}},"16":{"start":{"line":22,"column":2},"end":{"line":22,"column":63}},"17":{"start":{"line":24,"column":25},"end":{"line":24,"column":54}},"18":{"start":{"line":25,"column":2},"end":{"line":25,"column":55}},"19":{"start":{"line":26,"column":2},"end":{"line":26,"column":40}},"20":{"start":{"line":27,"column":30},"end":{"line":27,"column":61}},"21":{"start":{"line":28,"column":2},"end":{"line":28,"column":37}},"22":{"start":{"line":29,"column":2},"end":{"line":29,"column":67}},"23":{"start":{"line":30,"column":2},"end":{"line":30,"column":36}},"24":{"start":{"line":31,"column":2},"end":{"line":31,"column":46}},"25":{"start":{"line":32,"column":2},"end":{"line":32,"column":38}},"26":{"start":{"line":33,"column":30},"end":{"line":33,"column":61}},"27":{"start":{"line":34,"column":2},"end":{"line":34,"column":51}},"28":{"start":{"line":35,"column":2},"end":{"line":35,"column":67}},"29":{"start":{"line":36,"column":2},"end":{"line":36,"column":68}},"30":{"start":{"line":37,"column":2},"end":{"line":37,"column":48}},"31":{"start":{"line":38,"column":2},"end":{"line":38,"column":72}},"32":{"start":{"line":40,"column":2},"end":{"line":40,"column":14}},"33":{"start":{"line":1,"column":0},"end":{"line":1,"column":16}}},"fnMap":{"0":{"name":"createMenu","decl":{"start":{"line":1,"column":16},"end":{"line":1,"column":26}},"loc":{"start":{"line":3,"column":29},"end":{"line":41,"column":1}}}},"branchMap":{},"s":{"0":1,"1":1,"2":1,"3":1,"4":1,"5":1,"6":1,"7":1,"8":1,"9":1,"10":1,"11":1,"12":1,"13":1,"14":1,"15":1,"16":1,"17":1,"18":1,"19":1,"20":1,"21":1,"22":1,"23":1,"24":1,"25":1,"26":1,"27":1,"28":1,"29":1,"30":1,"31":1,"32":1,"33":1},"f":{"0":1},"b":{}}
,"C:\\Users\\User\\OneDrive\\Рабочий стол\\RSSchool\\e-commerce\\eCommerce-Application\\src\\view\\pages\\profile\\profile.ts": {"path":"C:\\Users\\User\\OneDrive\\Рабочий стол\\RSSchool\\e-commerce\\eCommerce-Application\\src\\view\\pages\\profile\\profile.ts","statementMap":{"0":{"start":{"line":1,"column":0},"end":{"line":1,"column":54}},"1":{"start":{"line":3,"column":0},"end":{"line":3,"column":59}},"2":{"start":{"line":4,"column":0},"end":{"line":4,"column":66}},"3":{"start":{"line":5,"column":0},"end":{"line":5,"column":41}},"4":{"start":{"line":6,"column":0},"end":{"line":6,"column":36}},"5":{"start":{"line":8,"column":33},"end":{"line":8,"column":62}},"6":{"start":{"line":9,"column":0},"end":{"line":9,"column":42}},"7":{"start":{"line":11,"column":15},"end":{"line":11,"column":43}},"8":{"start":{"line":12,"column":0},"end":{"line":12,"column":45}},"9":{"start":{"line":13,"column":0},"end":{"line":13,"column":31}},"10":{"start":{"line":16,"column":13},"end":{"line":16,"column":61}},"11":{"start":{"line":17,"column":0},"end":{"line":17,"column":57}},"12":{"start":{"line":19,"column":38},"end":{"line":28,"column":4}},"13":{"start":{"line":30,"column":37},"end":{"line":39,"column":4}},"14":{"start":{"line":41,"column":34},"end":{"line":50,"column":4}},"15":{"start":{"line":52,"column":32},"end":{"line":61,"column":4}},"16":{"start":{"line":63,"column":38},"end":{"line":73,"column":4}},"17":{"start":{"line":75,"column":20},"end":{"line":81,"column":4}},"18":{"start":{"line":83,"column":15},"end":{"line":83,"column":45}},"19":{"start":{"line":84,"column":2},"end":{"line":84,"column":36}},"20":{"start":{"line":86,"column":2},"end":{"line":89,"column":5}},"21":{"start":{"line":87,"column":18},"end":{"line":87,"column":38}},"22":{"start":{"line":88,"column":4},"end":{"line":88,"column":23}},"23":{"start":{"line":91,"column":2},"end":{"line":91,"column":25}},"24":{"start":{"line":93,"column":2},"end":{"line":93,"column":14}},"25":{"start":{"line":18,"column":0},"end":{"line":18,"column":16}},"26":{"start":{"line":97,"column":13},"end":{"line":97,"column":69}},"27":{"start":{"line":98,"column":0},"end":{"line":98,"column":65}},"28":{"start":{"line":99,"column":0},"end":{"line":99,"column":53}},"29":{"start":{"line":101,"column":37},"end":{"line":111,"column":4}},"30":{"start":{"line":113,"column":40},"end":{"line":123,"column":4}},"31":{"start":{"line":125,"column":43},"end":{"line":134,"column":4}},"32":{"start":{"line":136,"column":41},"end":{"line":142,"column":4}},"33":{"start":{"line":144,"column":20},"end":{"line":149,"column":4}},"34":{"start":{"line":151,"column":15},"end":{"line":151,"column":45}},"35":{"start":{"line":152,"column":2},"end":{"line":152,"column":36}},"36":{"start":{"line":154,"column":2},"end":{"line":157,"column":5}},"37":{"start":{"line":155,"column":18},"end":{"line":155,"column":38}},"38":{"start":{"line":156,"column":4},"end":{"line":156,"column":23}},"39":{"start":{"line":159,"column":20},"end":{"line":159,"column":52}},"40":{"start":{"line":160,"column":2},"end":{"line":160,"column":34}},"41":{"start":{"line":161,"column":2},"end":{"line":161,"column":28}},"42":{"start":{"line":162,"column":2},"end":{"line":162,"column":52}},"43":{"start":{"line":164,"column":20},"end":{"line":164,"column":52}},"44":{"start":{"line":165,"column":2},"end":{"line":165,"column":35}},"45":{"start":{"line":166,"column":2},"end":{"line":166,"column":51}},"46":{"start":{"line":167,"column":2},"end":{"line":170,"column":5}},"47":{"start":{"line":168,"column":4},"end":{"line":168,"column":69}},"48":{"start":{"line":169,"column":4},"end":{"line":169,"column":52}},"49":{"start":{"line":172,"column":19},"end":{"line":172,"column":48}},"50":{"start":{"line":173,"column":2},"end":{"line":173,"column":52}},"51":{"start":{"line":174,"column":2},"end":{"line":174,"column":40}},"52":{"start":{"line":176,"column":2},"end":{"line":176,"column":24}},"53":{"start":{"line":178,"column":23},"end":{"line":184,"column":3}},"54":{"start":{"line":179,"column":19},"end":{"line":179,"column":47}},"55":{"start":{"line":180,"column":4},"end":{"line":183,"column":7}},"56":{"start":{"line":181,"column":20},"end":{"line":181,"column":42}},"57":{"start":{"line":182,"column":6},"end":{"line":182,"column":56}},"58":{"start":{"line":185,"column":2},"end":{"line":187,"column":46}},"59":{"start":{"line":189,"column":2},"end":{"line":189,"column":14}},"60":{"start":{"line":192,"column":13},"end":{"line":192,"column":55}},"61":{"start":{"line":193,"column":0},"end":{"line":196,"column":3}},"62":{"start":{"line":194,"column":2},"end":{"line":194,"column":39}},"63":{"start":{"line":195,"column":2},"end":{"line":195,"column":47}},"64":{"start":{"line":199,"column":13},"end":{"line":199,"column":60}},"65":{"start":{"line":200,"column":0},"end":{"line":200,"column":54}},"66":{"start":{"line":202,"column":13},"end":{"line":202,"column":62}},"67":{"start":{"line":203,"column":0},"end":{"line":203,"column":49}},"68":{"start":{"line":205,"column":15},"end":{"line":205,"column":45}},"69":{"start":{"line":206,"column":2},"end":{"line":206,"column":45}},"70":{"start":{"line":208,"column":31},"end":{"line":213,"column":4}},"71":{"start":{"line":215,"column":30},"end":{"line":220,"column":4}},"72":{"start":{"line":222,"column":35},"end":{"line":230,"column":4}},"73":{"start":{"line":232,"column":33},"end":{"line":241,"column":4}},"74":{"start":{"line":243,"column":37},"end":{"line":251,"column":4}},"75":{"start":{"line":253,"column":33},"end":{"line":259,"column":4}},"76":{"start":{"line":261,"column":36},"end":{"line":268,"column":4}},"77":{"start":{"line":270,"column":17},"end":{"line":270,"column":49}},"78":{"start":{"line":271,"column":2},"end":{"line":271,"column":49}},"79":{"start":{"line":272,"column":2},"end":{"line":272,"column":28}},"80":{"start":{"line":273,"column":2},"end":{"line":273,"column":25}},"81":{"start":{"line":274,"column":2},"end":{"line":274,"column":32}},"82":{"start":{"line":276,"column":2},"end":{"line":285,"column":4}},"83":{"start":{"line":287,"column":2},"end":{"line":287,"column":25}},"84":{"start":{"line":289,"column":2},"end":{"line":289,"column":14}},"85":{"start":{"line":204,"column":0},"end":{"line":204,"column":16}},"86":{"start":{"line":291,"column":13},"end":{"line":291,"column":65}},"87":{"start":{"line":292,"column":0},"end":{"line":292,"column":58}},"88":{"start":{"line":293,"column":0},"end":{"line":293,"column":33}},"89":{"start":{"line":294,"column":0},"end":{"line":294,"column":49}},"90":{"start":{"line":295,"column":0},"end":{"line":295,"column":42}},"91":{"start":{"line":297,"column":0},"end":{"line":297,"column":74}},"92":{"start":{"line":299,"column":0},"end":{"line":299,"column":27}}},"fnMap":{"0":{"name":"createUserDataForm","decl":{"start":{"line":18,"column":16},"end":{"line":18,"column":34}},"loc":{"start":{"line":18,"column":34},"end":{"line":94,"column":1}}},"1":{"name":"(anonymous_2)","decl":{"start":{"line":86,"column":20},"end":{"line":86,"column":21}},"loc":{"start":{"line":86,"column":28},"end":{"line":89,"column":3}}},"2":{"name":"createChangePasswordForm","decl":{"start":{"line":100,"column":9},"end":{"line":100,"column":33}},"loc":{"start":{"line":100,"column":33},"end":{"line":190,"column":1}}},"3":{"name":"(anonymous_4)","decl":{"start":{"line":154,"column":20},"end":{"line":154,"column":21}},"loc":{"start":{"line":154,"column":28},"end":{"line":157,"column":3}}},"4":{"name":"(anonymous_5)","decl":{"start":{"line":167,"column":38},"end":{"line":167,"column":39}},"loc":{"start":{"line":167,"column":51},"end":{"line":170,"column":3}}},"5":{"name":"(anonymous_6)","decl":{"start":{"line":178,"column":23},"end":{"line":178,"column":24}},"loc":{"start":{"line":178,"column":36},"end":{"line":184,"column":3}}},"6":{"name":"(anonymous_7)","decl":{"start":{"line":180,"column":66},"end":{"line":180,"column":67}},"loc":{"start":{"line":180,"column":73},"end":{"line":183,"column":5}}},"7":{"name":"(anonymous_8)","decl":{"start":{"line":193,"column":47},"end":{"line":193,"column":50}},"loc":{"start":{"line":193,"column":52},"end":{"line":196,"column":1}}},"8":{"name":"createAddressForm","decl":{"start":{"line":204,"column":16},"end":{"line":204,"column":33}},"loc":{"start":{"line":204,"column":33},"end":{"line":290,"column":1}}}},"branchMap":{"0":{"loc":{"start":{"line":168,"column":4},"end":{"line":168,"column":68}},"type":"cond-expr","locations":[{"start":{"line":168,"column":58},"end":{"line":168,"column":60}},{"start":{"line":168,"column":58},"end":{"line":168,"column":68}}]},"1":{"loc":{"start":{"line":168,"column":4},"end":{"line":168,"column":60}},"type":"binary-expr","locations":[{"start":{"line":168,"column":4},"end":{"line":168,"column":60}},{"start":{"line":168,"column":58},"end":{"line":168,"column":60}}]},"2":{"loc":{"start":{"line":168,"column":4},"end":{"line":168,"column":58}},"type":"cond-expr","locations":[{"start":{"line":168,"column":43},"end":{"line":168,"column":45}},{"start":{"line":168,"column":43},"end":{"line":168,"column":58}}]},"3":{"loc":{"start":{"line":168,"column":4},"end":{"line":168,"column":45}},"type":"binary-expr","locations":[{"start":{"line":168,"column":4},"end":{"line":168,"column":45}},{"start":{"line":168,"column":43},"end":{"line":168,"column":45}}]},"4":{"loc":{"start":{"line":182,"column":19},"end":{"line":182,"column":55}},"type":"cond-expr","locations":[{"start":{"line":182,"column":36},"end":{"line":182,"column":42}},{"start":{"line":182,"column":45},"end":{"line":182,"column":55}}]},"5":{"loc":{"start":{"line":185,"column":2},"end":{"line":187,"column":45}},"type":"cond-expr","locations":[{"start":{"line":186,"column":43},"end":{"line":186,"column":null}},{"start":{"line":186,"column":43},"end":{"line":187,"column":45}}]},"6":{"loc":{"start":{"line":185,"column":2},"end":{"line":186,"column":null}},"type":"binary-expr","locations":[{"start":{"line":185,"column":2},"end":{"line":186,"column":null}},{"start":{"line":186,"column":43},"end":{"line":186,"column":null}}]}},"s":{"0":1,"1":1,"2":1,"3":1,"4":1,"5":1,"6":1,"7":1,"8":1,"9":1,"10":1,"11":1,"12":1,"13":1,"14":1,"15":1,"16":1,"17":1,"18":1,"19":1,"20":1,"21":5,"22":5,"23":1,"24":1,"25":1,"26":1,"27":1,"28":1,"29":1,"30":1,"31":1,"32":1,"33":1,"34":1,"35":1,"36":1,"37":4,"38":4,"39":1,"40":1,"41":1,"42":1,"43":1,"44":1,"45":1,"46":1,"47":0,"48":0,"49":1,"50":1,"51":1,"52":1,"53":1,"54":0,"55":0,"56":0,"57":0,"58":1,"59":1,"60":1,"61":1,"62":0,"63":0,"64":1,"65":1,"66":1,"67":1,"68":0,"69":0,"70":0,"71":0,"72":0,"73":0,"74":0,"75":0,"76":0,"77":0,"78":0,"79":0,"80":0,"81":0,"82":0,"83":0,"84":0,"85":1,"86":1,"87":1,"88":1,"89":1,"90":1,"91":1,"92":1},"f":{"0":1,"1":5,"2":1,"3":4,"4":0,"5":0,"6":0,"7":0,"8":0},"b":{"0":[0,0],"1":[0,0],"2":[0,0],"3":[0,0],"4":[0,0],"5":[0,1],"6":[1,1]}}
,"C:\\Users\\User\\OneDrive\\Рабочий стол\\RSSchool\\e-commerce\\eCommerce-Application\\src\\view\\pages\\registration\\defaultCheckbox.ts": {"path":"C:\\Users\\User\\OneDrive\\Рабочий стол\\RSSchool\\e-commerce\\eCommerce-Application\\src\\view\\pages\\registration\\defaultCheckbox.ts","statementMap":{"0":{"start":{"line":1,"column":0},"end":{"line":1,"column":66}},"1":{"start":{"line":3,"column":32},"end":{"line":8,"column":2}},"2":{"start":{"line":10,"column":0},"end":{"line":10,"column":39}}},"fnMap":{},"branchMap":{},"s":{"0":2,"1":2,"2":2},"f":{},"b":{}}
,"C:\\Users\\User\\OneDrive\\Рабочий стол\\RSSchool\\e-commerce\\eCommerce-Application\\src\\view\\pages\\registration\\registration.ts": {"path":"C:\\Users\\User\\OneDrive\\Рабочий стол\\RSSchool\\e-commerce\\eCommerce-Application\\src\\view\\pages\\registration\\registration.ts","statementMap":{"0":{"start":{"line":2,"column":0},"end":{"line":2,"column":59}},"1":{"start":{"line":3,"column":0},"end":{"line":3,"column":72}},"2":{"start":{"line":4,"column":0},"end":{"line":4,"column":66}},"3":{"start":{"line":6,"column":28},"end":{"line":11,"column":1}},"4":{"start":{"line":7,"column":17},"end":{"line":7,"column":49}},"5":{"start":{"line":8,"column":2},"end":{"line":8,"column":44}},"6":{"start":{"line":9,"column":2},"end":{"line":9,"column":47}},"7":{"start":{"line":10,"column":2},"end":{"line":10,"column":16}},"8":{"start":{"line":13,"column":13},"end":{"line":13,"column":65}},"9":{"start":{"line":14,"column":13},"end":{"line":14,"column":67}},"10":{"start":{"line":15,"column":13},"end":{"line":15,"column":51}},"11":{"start":{"line":18,"column":34},"end":{"line":26,"column":4}},"12":{"start":{"line":28,"column":37},"end":{"line":37,"column":4}},"13":{"start":{"line":39,"column":41},"end":{"line":45,"column":4}},"14":{"start":{"line":47,"column":43},"end":{"line":55,"column":4}},"15":{"start":{"line":57,"column":38},"end":{"line":65,"column":4}},"16":{"start":{"line":67,"column":37},"end":{"line":75,"column":4}},"17":{"start":{"line":77,"column":32},"end":{"line":85,"column":4}},"18":{"start":{"line":87,"column":38},"end":{"line":97,"column":4}},"19":{"start":{"line":99,"column":20},"end":{"line":107,"column":4}},"20":{"start":{"line":109,"column":18},"end":{"line":109,"column":48}},"21":{"start":{"line":110,"column":2},"end":{"line":110,"column":39}},"22":{"start":{"line":112,"column":2},"end":{"line":119,"column":5}},"23":{"start":{"line":113,"column":18},"end":{"line":113,"column":38}},"24":{"start":{"line":114,"column":4},"end":{"line":117,"column":null}},"25":{"start":{"line":115,"column":27},"end":{"line":115,"column":63}},"26":{"start":{"line":116,"column":6},"end":{"line":116,"column":33}},"27":{"start":{"line":118,"column":4},"end":{"line":118,"column":26}},"28":{"start":{"line":121,"column":20},"end":{"line":121,"column":52}},"29":{"start":{"line":122,"column":2},"end":{"line":122,"column":54}},"30":{"start":{"line":123,"column":2},"end":{"line":123,"column":28}},"31":{"start":{"line":124,"column":2},"end":{"line":124,"column":43}},"32":{"start":{"line":126,"column":2},"end":{"line":126,"column":65}},"33":{"start":{"line":128,"column":2},"end":{"line":128,"column":17}},"34":{"start":{"line":131,"column":29},"end":{"line":142,"column":1}},"35":{"start":{"line":132,"column":23},"end":{"line":132,"column":50}},"36":{"start":{"line":133,"column":2},"end":{"line":133,"column":48}},"37":{"start":{"line":134,"column":2},"end":{"line":134,"column":57}},"38":{"start":{"line":136,"column":23},"end":{"line":136,"column":50}},"39":{"start":{"line":137,"column":2},"end":{"line":137,"column":56}},"40":{"start":{"line":138,"column":2},"end":{"line":138,"column":31}},"41":{"start":{"line":139,"column":2},"end":{"line":139,"column":51}},"42":{"start":{"line":140,"column":2},"end":{"line":140,"column":36}},"43":{"start":{"line":141,"column":2},"end":{"line":141,"column":22}},"44":{"start":{"line":144,"column":25},"end":{"line":144,"column":54}},"45":{"start":{"line":145,"column":0},"end":{"line":145,"column":43}},"46":{"start":{"line":147,"column":15},"end":{"line":147,"column":43}},"47":{"start":{"line":148,"column":0},"end":{"line":148,"column":53}},"48":{"start":{"line":149,"column":0},"end":{"line":149,"column":38}},"49":{"start":{"line":151,"column":25},"end":{"line":151,"column":47}},"50":{"start":{"line":153,"column":13},"end":{"line":153,"column":37}},"51":{"start":{"line":155,"column":0},"end":{"line":155,"column":56}},"52":{"start":{"line":157,"column":0},"end":{"line":157,"column":32}}},"fnMap":{"0":{"name":"(anonymous_1)","decl":{"start":{"line":6,"column":28},"end":{"line":6,"column":50}},"loc":{"start":{"line":6,"column":52},"end":{"line":11,"column":1}}},"1":{"name":"createRegistrationForm","decl":{"start":{"line":17,"column":9},"end":{"line":17,"column":31}},"loc":{"start":{"line":17,"column":31},"end":{"line":129,"column":1}}},"2":{"name":"(anonymous_3)","decl":{"start":{"line":112,"column":20},"end":{"line":112,"column":21}},"loc":{"start":{"line":112,"column":28},"end":{"line":119,"column":3}}},"3":{"name":"(anonymous_4)","decl":{"start":{"line":131,"column":29},"end":{"line":131,"column":54}},"loc":{"start":{"line":131,"column":56},"end":{"line":142,"column":1}}}},"branchMap":{"0":{"loc":{"start":{"line":114,"column":4},"end":{"line":117,"column":null}},"type":"if","locations":[{"start":{"line":114,"column":4},"end":{"line":117,"column":null}}]}},"s":{"0":2,"1":2,"2":2,"3":2,"4":2,"5":2,"6":2,"7":2,"8":2,"9":2,"10":2,"11":2,"12":2,"13":2,"14":2,"15":2,"16":2,"17":2,"18":2,"19":2,"20":2,"21":2,"22":2,"23":14,"24":14,"25":4,"26":4,"27":14,"28":2,"29":2,"30":2,"31":2,"32":2,"33":2,"34":2,"35":2,"36":2,"37":2,"38":2,"39":2,"40":2,"41":2,"42":2,"43":2,"44":2,"45":2,"46":2,"47":2,"48":2,"49":2,"50":2,"51":2,"52":2},"f":{"0":2,"1":2,"2":14,"3":2},"b":{"0":[4]}}
}
