{"C:\\Users\\User\\OneDrive\\Рабочий стол\\RSSchool\\e-commerce\\eCommerce-Application\\src\\index.ts": {"path":"C:\\Users\\User\\OneDrive\\Рабочий стол\\RSSchool\\e-commerce\\eCommerce-Application\\src\\index.ts","statementMap":{"0":{"start":{"line":1,"column":0},"end":{"line":1,"column":21}},"1":{"start":{"line":2,"column":0},"end":{"line":2,"column":34}}},"fnMap":{},"branchMap":{},"s":{"0":0,"1":0},"f":{},"b":{}}
,"C:\\Users\\User\\OneDrive\\Рабочий стол\\RSSchool\\e-commerce\\eCommerce-Application\\src\\assets\\index.d.ts": {"path":"C:\\Users\\User\\OneDrive\\Рабочий стол\\RSSchool\\e-commerce\\eCommerce-Application\\src\\assets\\index.d.ts","statementMap":{},"fnMap":{},"branchMap":{},"s":{},"f":{},"b":{}}
,"C:\\Users\\User\\OneDrive\\Рабочий стол\\RSSchool\\e-commerce\\eCommerce-Application\\src\\controller\\controllers.ts": {"path":"C:\\Users\\User\\OneDrive\\Рабочий стол\\RSSchool\\e-commerce\\eCommerce-Application\\src\\controller\\controllers.ts","statementMap":{"0":{"start":{"line":1,"column":0},"end":{"line":1,"column":31}},"1":{"start":{"line":2,"column":0},"end":{"line":2,"column":29}},"2":{"start":{"line":3,"column":0},"end":{"line":3,"column":18}},"3":{"start":{"line":4,"column":0},"end":{"line":4,"column":28}},"4":{"start":{"line":5,"column":0},"end":{"line":5,"column":27}},"5":{"start":{"line":6,"column":0},"end":{"line":6,"column":26}}},"fnMap":{},"branchMap":{},"s":{"0":0,"1":0,"2":0,"3":0,"4":0,"5":0},"f":{},"b":{}}
,"C:\\Users\\User\\OneDrive\\Рабочий стол\\RSSchool\\e-commerce\\eCommerce-Application\\src\\controller\\headerHandlers.ts": {"path":"C:\\Users\\User\\OneDrive\\Рабочий стол\\RSSchool\\e-commerce\\eCommerce-Application\\src\\controller\\headerHandlers.ts","statementMap":{"0":{"start":{"line":1,"column":0},"end":{"line":1,"column":70}},"1":{"start":{"line":4,"column":23},"end":{"line":4,"column":25}},"2":{"start":{"line":7,"column":2},"end":{"line":17,"column":null}},"3":{"start":{"line":8,"column":4},"end":{"line":8,"column":44}},"4":{"start":{"line":9,"column":4},"end":{"line":9,"column":44}},"5":{"start":{"line":10,"column":4},"end":{"line":10,"column":48}},"6":{"start":{"line":11,"column":4},"end":{"line":11,"column":49}},"7":{"start":{"line":13,"column":4},"end":{"line":13,"column":45}},"8":{"start":{"line":14,"column":4},"end":{"line":14,"column":46}},"9":{"start":{"line":15,"column":4},"end":{"line":15,"column":47}},"10":{"start":{"line":16,"column":4},"end":{"line":16,"column":47}},"11":{"start":{"line":21,"column":2},"end":{"line":21,"column":26}},"12":{"start":{"line":21,"column":13},"end":{"line":21,"column":26}},"13":{"start":{"line":22,"column":2},"end":{"line":29,"column":null}},"14":{"start":{"line":23,"column":21},"end":{"line":23,"column":40}},"15":{"start":{"line":24,"column":4},"end":{"line":24,"column":37}},"16":{"start":{"line":25,"column":4},"end":{"line":28,"column":7}},"17":{"start":{"line":26,"column":6},"end":{"line":26,"column":28}},"18":{"start":{"line":27,"column":6},"end":{"line":27,"column":28}},"19":{"start":{"line":32,"column":0},"end":{"line":33,"column":42}},"20":{"start":{"line":33,"column":2},"end":{"line":33,"column":22}}},"fnMap":{"0":{"name":"switchElements","decl":{"start":{"line":6,"column":9},"end":{"line":6,"column":23}},"loc":{"start":{"line":6,"column":41},"end":{"line":18,"column":1}}},"1":{"name":"navChanger","decl":{"start":{"line":20,"column":9},"end":{"line":20,"column":19}},"loc":{"start":{"line":20,"column":37},"end":{"line":30,"column":1}}},"2":{"name":"(anonymous_2)","decl":{"start":{"line":25,"column":47},"end":{"line":25,"column":50}},"loc":{"start":{"line":25,"column":52},"end":{"line":28,"column":5}}},"3":{"name":"(anonymous_3)","decl":{"start":{"line":32,"column":45},"end":{"line":32,"column":46}},"loc":{"start":{"line":33,"column":2},"end":{"line":33,"column":22}}}},"branchMap":{"0":{"loc":{"start":{"line":7,"column":2},"end":{"line":17,"column":null}},"type":"if","locations":[{"start":{"line":7,"column":2},"end":{"line":17,"column":null}},{"start":{"line":12,"column":9},"end":{"line":17,"column":null}}]},"1":{"loc":{"start":{"line":8,"column":4},"end":{"line":8,"column":43}},"type":"cond-expr","locations":[{"start":{"line":8,"column":18},"end":{"line":8,"column":20}},{"start":{"line":8,"column":18},"end":{"line":8,"column":43}}]},"2":{"loc":{"start":{"line":8,"column":4},"end":{"line":8,"column":20}},"type":"binary-expr","locations":[{"start":{"line":8,"column":4},"end":{"line":8,"column":20}},{"start":{"line":8,"column":18},"end":{"line":8,"column":20}}]},"3":{"loc":{"start":{"line":9,"column":4},"end":{"line":9,"column":43}},"type":"cond-expr","locations":[{"start":{"line":9,"column":18},"end":{"line":9,"column":20}},{"start":{"line":9,"column":18},"end":{"line":9,"column":43}}]},"4":{"loc":{"start":{"line":9,"column":4},"end":{"line":9,"column":20}},"type":"binary-expr","locations":[{"start":{"line":9,"column":4},"end":{"line":9,"column":20}},{"start":{"line":9,"column":18},"end":{"line":9,"column":20}}]},"5":{"loc":{"start":{"line":10,"column":4},"end":{"line":10,"column":47}},"type":"cond-expr","locations":[{"start":{"line":10,"column":19},"end":{"line":10,"column":21}},{"start":{"line":10,"column":19},"end":{"line":10,"column":47}}]},"6":{"loc":{"start":{"line":10,"column":4},"end":{"line":10,"column":21}},"type":"binary-expr","locations":[{"start":{"line":10,"column":4},"end":{"line":10,"column":21}},{"start":{"line":10,"column":19},"end":{"line":10,"column":21}}]},"7":{"loc":{"start":{"line":11,"column":4},"end":{"line":11,"column":48}},"type":"cond-expr","locations":[{"start":{"line":11,"column":20},"end":{"line":11,"column":22}},{"start":{"line":11,"column":20},"end":{"line":11,"column":48}}]},"8":{"loc":{"start":{"line":11,"column":4},"end":{"line":11,"column":22}},"type":"binary-expr","locations":[{"start":{"line":11,"column":4},"end":{"line":11,"column":22}},{"start":{"line":11,"column":20},"end":{"line":11,"column":22}}]},"9":{"loc":{"start":{"line":13,"column":4},"end":{"line":13,"column":44}},"type":"cond-expr","locations":[{"start":{"line":13,"column":19},"end":{"line":13,"column":21}},{"start":{"line":13,"column":19},"end":{"line":13,"column":44}}]},"10":{"loc":{"start":{"line":13,"column":4},"end":{"line":13,"column":21}},"type":"binary-expr","locations":[{"start":{"line":13,"column":4},"end":{"line":13,"column":21}},{"start":{"line":13,"column":19},"end":{"line":13,"column":21}}]},"11":{"loc":{"start":{"line":14,"column":4},"end":{"line":14,"column":45}},"type":"cond-expr","locations":[{"start":{"line":14,"column":20},"end":{"line":14,"column":22}},{"start":{"line":14,"column":20},"end":{"line":14,"column":45}}]},"12":{"loc":{"start":{"line":14,"column":4},"end":{"line":14,"column":22}},"type":"binary-expr","locations":[{"start":{"line":14,"column":4},"end":{"line":14,"column":22}},{"start":{"line":14,"column":20},"end":{"line":14,"column":22}}]},"13":{"loc":{"start":{"line":15,"column":4},"end":{"line":15,"column":46}},"type":"cond-expr","locations":[{"start":{"line":15,"column":18},"end":{"line":15,"column":20}},{"start":{"line":15,"column":18},"end":{"line":15,"column":46}}]},"14":{"loc":{"start":{"line":15,"column":4},"end":{"line":15,"column":20}},"type":"binary-expr","locations":[{"start":{"line":15,"column":4},"end":{"line":15,"column":20}},{"start":{"line":15,"column":18},"end":{"line":15,"column":20}}]},"15":{"loc":{"start":{"line":16,"column":4},"end":{"line":16,"column":46}},"type":"cond-expr","locations":[{"start":{"line":16,"column":18},"end":{"line":16,"column":20}},{"start":{"line":16,"column":18},"end":{"line":16,"column":46}}]},"16":{"loc":{"start":{"line":16,"column":4},"end":{"line":16,"column":20}},"type":"binary-expr","locations":[{"start":{"line":16,"column":4},"end":{"line":16,"column":20}},{"start":{"line":16,"column":18},"end":{"line":16,"column":20}}]},"17":{"loc":{"start":{"line":21,"column":2},"end":{"line":21,"column":26}},"type":"if","locations":[{"start":{"line":21,"column":2},"end":{"line":21,"column":26}}]},"18":{"loc":{"start":{"line":22,"column":2},"end":{"line":29,"column":null}},"type":"if","locations":[{"start":{"line":22,"column":2},"end":{"line":29,"column":null}}]},"19":{"loc":{"start":{"line":25,"column":4},"end":{"line":28,"column":6}},"type":"cond-expr","locations":[{"start":{"line":25,"column":19},"end":{"line":25,"column":21}},{"start":{"line":25,"column":19},"end":{"line":28,"column":6}}]},"20":{"loc":{"start":{"line":25,"column":4},"end":{"line":25,"column":21}},"type":"binary-expr","locations":[{"start":{"line":25,"column":4},"end":{"line":25,"column":21}},{"start":{"line":25,"column":19},"end":{"line":25,"column":21}}]}},"s":{"0":0,"1":0,"2":0,"3":0,"4":0,"5":0,"6":0,"7":0,"8":0,"9":0,"10":0,"11":0,"12":0,"13":0,"14":0,"15":0,"16":0,"17":0,"18":0,"19":0,"20":0},"f":{"0":0,"1":0,"2":0,"3":0},"b":{"0":[0,0],"1":[0,0],"2":[0,0],"3":[0,0],"4":[0,0],"5":[0,0],"6":[0,0],"7":[0,0],"8":[0,0],"9":[0,0],"10":[0,0],"11":[0,0],"12":[0,0],"13":[0,0],"14":[0,0],"15":[0,0],"16":[0,0],"17":[0],"18":[0],"19":[0,0],"20":[0,0]}}
,"C:\\Users\\User\\OneDrive\\Рабочий стол\\RSSchool\\e-commerce\\eCommerce-Application\\src\\controller\\loginPageHandlers.ts": {"path":"C:\\Users\\User\\OneDrive\\Рабочий стол\\RSSchool\\e-commerce\\eCommerce-Application\\src\\controller\\loginPageHandlers.ts","statementMap":{"0":{"start":{"line":1,"column":0},"end":{"line":1,"column":50}},"1":{"start":{"line":2,"column":0},"end":{"line":2,"column":53}},"2":{"start":{"line":3,"column":0},"end":{"line":3,"column":62}},"3":{"start":{"line":4,"column":0},"end":{"line":4,"column":70}},"4":{"start":{"line":6,"column":32},"end":{"line":7,"column":null}},"5":{"start":{"line":9,"column":33},"end":{"line":10,"column":null}},"6":{"start":{"line":14,"column":2},"end":{"line":14,"column":52}},"7":{"start":{"line":55,"column":9},"end":{"line":55,"column":19}},"8":{"start":{"line":18,"column":2},"end":{"line":18,"column":21}},"9":{"start":{"line":20,"column":18},"end":{"line":20,"column":45}},"10":{"start":{"line":21,"column":19},"end":{"line":21,"column":40}},"11":{"start":{"line":22,"column":15},"end":{"line":22,"column":54}},"12":{"start":{"line":23,"column":19},"end":{"line":23,"column":61}},"13":{"start":{"line":24,"column":19},"end":{"line":24,"column":54}},"14":{"start":{"line":26,"column":2},"end":{"line":26,"column":29}},"15":{"start":{"line":27,"column":2},"end":{"line":27,"column":43}},"16":{"start":{"line":28,"column":2},"end":{"line":38,"column":null}},"17":{"start":{"line":29,"column":4},"end":{"line":29,"column":46}},"18":{"start":{"line":30,"column":4},"end":{"line":30,"column":105}},"19":{"start":{"line":31,"column":4},"end":{"line":35,"column":13}},"20":{"start":{"line":32,"column":6},"end":{"line":32,"column":33}},"21":{"start":{"line":33,"column":6},"end":{"line":33,"column":49}},"22":{"start":{"line":34,"column":6},"end":{"line":34,"column":44}},"23":{"start":{"line":37,"column":4},"end":{"line":37,"column":61}},"24":{"start":{"line":55,"column":21},"end":{"line":55,"column":34}},"25":{"start":{"line":42,"column":19},"end":{"line":42,"column":43}},"26":{"start":{"line":43,"column":2},"end":{"line":48,"column":null}},"27":{"start":{"line":44,"column":4},"end":{"line":47,"column":12}},"28":{"start":{"line":45,"column":23},"end":{"line":45,"column":42}},"29":{"start":{"line":46,"column":6},"end":{"line":46,"column":55}},"30":{"start":{"line":46,"column":28},"end":{"line":46,"column":55}},"31":{"start":{"line":55,"column":36},"end":{"line":55,"column":49}},"32":{"start":{"line":51,"column":0},"end":{"line":51,"column":46}},"33":{"start":{"line":52,"column":0},"end":{"line":52,"column":52}},"34":{"start":{"line":53,"column":0},"end":{"line":53,"column":59}}},"fnMap":{"0":{"name":"changeType","decl":{"start":{"line":13,"column":9},"end":{"line":13,"column":19}},"loc":{"start":{"line":13,"column":19},"end":{"line":15,"column":1}}},"1":{"name":"submitHandler","decl":{"start":{"line":17,"column":15},"end":{"line":17,"column":28}},"loc":{"start":{"line":17,"column":37},"end":{"line":39,"column":null}}},"2":{"name":"(anonymous_11)","decl":{"start":{"line":31,"column":15},"end":{"line":31,"column":18}},"loc":{"start":{"line":31,"column":20},"end":{"line":35,"column":5}}},"3":{"name":"checkCustomer","decl":{"start":{"line":41,"column":9},"end":{"line":41,"column":22}},"loc":{"start":{"line":41,"column":22},"end":{"line":49,"column":1}}},"4":{"name":"(anonymous_13)","decl":{"start":{"line":44,"column":15},"end":{"line":44,"column":18}},"loc":{"start":{"line":44,"column":20},"end":{"line":47,"column":5}}}},"branchMap":{"0":{"loc":{"start":{"line":14,"column":15},"end":{"line":14,"column":51}},"type":"cond-expr","locations":[{"start":{"line":14,"column":32},"end":{"line":14,"column":38}},{"start":{"line":14,"column":41},"end":{"line":14,"column":51}}]},"1":{"loc":{"start":{"line":22,"column":15},"end":{"line":22,"column":54}},"type":"binary-expr","locations":[{"start":{"line":22,"column":15},"end":{"line":22,"column":48}},{"start":{"line":22,"column":52},"end":{"line":22,"column":54}}]},"2":{"loc":{"start":{"line":22,"column":15},"end":{"line":22,"column":48}},"type":"cond-expr","locations":[{"start":{"line":22,"column":36},"end":{"line":22,"column":38}},{"start":{"line":22,"column":36},"end":{"line":22,"column":48}}]},"3":{"loc":{"start":{"line":22,"column":15},"end":{"line":22,"column":38}},"type":"binary-expr","locations":[{"start":{"line":22,"column":15},"end":{"line":22,"column":38}},{"start":{"line":22,"column":36},"end":{"line":22,"column":38}}]},"4":{"loc":{"start":{"line":23,"column":19},"end":{"line":23,"column":61}},"type":"binary-expr","locations":[{"start":{"line":23,"column":19},"end":{"line":23,"column":55}},{"start":{"line":23,"column":59},"end":{"line":23,"column":61}}]},"5":{"loc":{"start":{"line":23,"column":19},"end":{"line":23,"column":55}},"type":"cond-expr","locations":[{"start":{"line":23,"column":43},"end":{"line":23,"column":45}},{"start":{"line":23,"column":43},"end":{"line":23,"column":55}}]},"6":{"loc":{"start":{"line":23,"column":19},"end":{"line":23,"column":45}},"type":"binary-expr","locations":[{"start":{"line":23,"column":19},"end":{"line":23,"column":45}},{"start":{"line":23,"column":43},"end":{"line":23,"column":45}}]},"7":{"loc":{"start":{"line":28,"column":2},"end":{"line":38,"column":null}},"type":"if","locations":[{"start":{"line":28,"column":2},"end":{"line":38,"column":null}},{"start":{"line":36,"column":9},"end":{"line":38,"column":null}}]},"8":{"loc":{"start":{"line":43,"column":2},"end":{"line":48,"column":null}},"type":"if","locations":[{"start":{"line":43,"column":2},"end":{"line":48,"column":null}}]},"9":{"loc":{"start":{"line":46,"column":6},"end":{"line":46,"column":55}},"type":"if","locations":[{"start":{"line":46,"column":6},"end":{"line":46,"column":55}}]},"10":{"loc":{"start":{"line":51,"column":0},"end":{"line":51,"column":45}},"type":"cond-expr","locations":[{"start":{"line":51,"column":6},"end":{"line":51,"column":8}},{"start":{"line":51,"column":0},"end":{"line":51,"column":45}}]},"11":{"loc":{"start":{"line":51,"column":0},"end":{"line":51,"column":8}},"type":"binary-expr","locations":[{"start":{"line":51,"column":0},"end":{"line":51,"column":8}},{"start":{"line":51,"column":0},"end":{"line":51,"column":8}}]}},"s":{"0":0,"1":0,"2":0,"3":0,"4":0,"5":0,"6":0,"7":0,"8":0,"9":0,"10":0,"11":0,"12":0,"13":0,"14":0,"15":0,"16":0,"17":0,"18":0,"19":0,"20":0,"21":0,"22":0,"23":0,"24":0,"25":0,"26":0,"27":0,"28":0,"29":0,"30":0,"31":0,"32":0,"33":0,"34":0},"f":{"0":0,"1":0,"2":0,"3":0,"4":0},"b":{"0":[0,0],"1":[0,0],"2":[0,0],"3":[0,0],"4":[0,0],"5":[0,0],"6":[0,0],"7":[0,0],"8":[0],"9":[0],"10":[0,0],"11":[0,0]}}
,"C:\\Users\\User\\OneDrive\\Рабочий стол\\RSSchool\\e-commerce\\eCommerce-Application\\src\\controller\\regFormErrorHanlder.ts": {"path":"C:\\Users\\User\\OneDrive\\Рабочий стол\\RSSchool\\e-commerce\\eCommerce-Application\\src\\controller\\regFormErrorHanlder.ts","statementMap":{"0":{"start":{"line":1,"column":0},"end":{"line":1,"column":71}},"1":{"start":{"line":2,"column":0},"end":{"line":2,"column":50}},"2":{"start":{"line":3,"column":0},"end":{"line":3,"column":59}},"3":{"start":{"line":5,"column":22},"end":{"line":11,"column":1}},"4":{"start":{"line":6,"column":25},"end":{"line":6,"column":36}},"5":{"start":{"line":7,"column":29},"end":{"line":8,"column":37}},"6":{"start":{"line":9,"column":24},"end":{"line":9,"column":48}},"7":{"start":{"line":10,"column":2},"end":{"line":10,"column":42}},"8":{"start":{"line":13,"column":18},"end":{"line":13,"column":65}},"9":{"start":{"line":14,"column":20},"end":{"line":14,"column":60}},"10":{"start":{"line":15,"column":19},"end":{"line":15,"column":67}},"11":{"start":{"line":17,"column":20},"end":{"line":33,"column":1}},"12":{"start":{"line":21,"column":23},"end":{"line":21,"column":46}},"13":{"start":{"line":22,"column":13},"end":{"line":22,"column":17}},"14":{"start":{"line":23,"column":2},"end":{"line":32,"column":null}},"15":{"start":{"line":24,"column":4},"end":{"line":24,"column":35}},"16":{"start":{"line":25,"column":4},"end":{"line":25,"column":30}},"17":{"start":{"line":26,"column":4},"end":{"line":26,"column":52}},"18":{"start":{"line":26,"column":22},"end":{"line":26,"column":52}},"19":{"start":{"line":28,"column":4},"end":{"line":28,"column":33}},"20":{"start":{"line":29,"column":4},"end":{"line":29,"column":32}},"21":{"start":{"line":30,"column":4},"end":{"line":31,"column":80}},"22":{"start":{"line":31,"column":6},"end":{"line":31,"column":80}},"23":{"start":{"line":35,"column":43},"end":{"line":45,"column":1}},"24":{"start":{"line":36,"column":16},"end":{"line":36,"column":44}},"25":{"start":{"line":37,"column":2},"end":{"line":44,"column":null}},"26":{"start":{"line":38,"column":18},"end":{"line":38,"column":43}},"27":{"start":{"line":39,"column":18},"end":{"line":39,"column":41}},"28":{"start":{"line":40,"column":4},"end":{"line":42,"column":null}},"29":{"start":{"line":41,"column":6},"end":{"line":41,"column":37}},"30":{"start":{"line":43,"column":4},"end":{"line":43,"column":32}},"31":{"start":{"line":35,"column":13},"end":{"line":35,"column":43}},"32":{"start":{"line":47,"column":32},"end":{"line":51,"column":1}},"33":{"start":{"line":48,"column":24},"end":{"line":48,"column":53}},"34":{"start":{"line":49,"column":18},"end":{"line":49,"column":75}},"35":{"start":{"line":50,"column":2},"end":{"line":50,"column":38}},"36":{"start":{"line":53,"column":0},"end":{"line":55,"column":3}},"37":{"start":{"line":54,"column":2},"end":{"line":54,"column":63}},"38":{"start":{"line":57,"column":0},"end":{"line":59,"column":3}},"39":{"start":{"line":58,"column":2},"end":{"line":58,"column":63}},"40":{"start":{"line":61,"column":0},"end":{"line":63,"column":3}},"41":{"start":{"line":62,"column":2},"end":{"line":62,"column":61}}},"fnMap":{"0":{"name":"(anonymous_1)","decl":{"start":{"line":5,"column":22},"end":{"line":5,"column":23}},"loc":{"start":{"line":5,"column":59},"end":{"line":11,"column":1}}},"1":{"name":"(anonymous_2)","decl":{"start":{"line":17,"column":20},"end":{"line":17,"column":null}},"loc":{"start":{"line":20,"column":4},"end":{"line":33,"column":1}}},"2":{"name":"(anonymous_3)","decl":{"start":{"line":35,"column":43},"end":{"line":35,"column":44}},"loc":{"start":{"line":35,"column":56},"end":{"line":45,"column":1}}},"3":{"name":"(anonymous_4)","decl":{"start":{"line":47,"column":32},"end":{"line":47,"column":33}},"loc":{"start":{"line":47,"column":45},"end":{"line":51,"column":1}}},"4":{"name":"(anonymous_5)","decl":{"start":{"line":53,"column":18},"end":{"line":53,"column":19}},"loc":{"start":{"line":53,"column":28},"end":{"line":55,"column":1}}},"5":{"name":"(anonymous_6)","decl":{"start":{"line":57,"column":20},"end":{"line":57,"column":21}},"loc":{"start":{"line":57,"column":30},"end":{"line":59,"column":1}}},"6":{"name":"(anonymous_7)","decl":{"start":{"line":61,"column":19},"end":{"line":61,"column":20}},"loc":{"start":{"line":61,"column":30},"end":{"line":63,"column":1}}}},"branchMap":{"0":{"loc":{"start":{"line":7,"column":29},"end":{"line":8,"column":37}},"type":"cond-expr","locations":[{"start":{"line":7,"column":72},"end":{"line":7,"column":null}},{"start":{"line":7,"column":72},"end":{"line":8,"column":37}}]},"1":{"loc":{"start":{"line":7,"column":29},"end":{"line":7,"column":null}},"type":"binary-expr","locations":[{"start":{"line":7,"column":29},"end":{"line":7,"column":null}},{"start":{"line":7,"column":72},"end":{"line":7,"column":null}}]},"2":{"loc":{"start":{"line":7,"column":29},"end":{"line":7,"column":72}},"type":"cond-expr","locations":[{"start":{"line":7,"column":48},"end":{"line":7,"column":50}},{"start":{"line":7,"column":48},"end":{"line":7,"column":72}}]},"3":{"loc":{"start":{"line":7,"column":29},"end":{"line":7,"column":50}},"type":"binary-expr","locations":[{"start":{"line":7,"column":29},"end":{"line":7,"column":50}},{"start":{"line":7,"column":48},"end":{"line":7,"column":50}}]},"4":{"loc":{"start":{"line":23,"column":2},"end":{"line":32,"column":null}},"type":"if","locations":[{"start":{"line":23,"column":2},"end":{"line":32,"column":null}},{"start":{"line":27,"column":9},"end":{"line":32,"column":null}}]},"5":{"loc":{"start":{"line":26,"column":4},"end":{"line":26,"column":52}},"type":"if","locations":[{"start":{"line":26,"column":4},"end":{"line":26,"column":52}}]},"6":{"loc":{"start":{"line":30,"column":4},"end":{"line":31,"column":80}},"type":"if","locations":[{"start":{"line":30,"column":4},"end":{"line":31,"column":80}}]},"7":{"loc":{"start":{"line":31,"column":33},"end":{"line":31,"column":79}},"type":"binary-expr","locations":[{"start":{"line":31,"column":33},"end":{"line":31,"column":67}},{"start":{"line":31,"column":71},"end":{"line":31,"column":79}}]},"8":{"loc":{"start":{"line":37,"column":2},"end":{"line":44,"column":null}},"type":"if","locations":[{"start":{"line":37,"column":2},"end":{"line":44,"column":null}}]},"9":{"loc":{"start":{"line":40,"column":4},"end":{"line":42,"column":null}},"type":"if","locations":[{"start":{"line":40,"column":4},"end":{"line":42,"column":null}}]},"10":{"loc":{"start":{"line":49,"column":18},"end":{"line":49,"column":75}},"type":"binary-expr","locations":[{"start":{"line":49,"column":18},"end":{"line":49,"column":50}},{"start":{"line":49,"column":54},"end":{"line":49,"column":75}}]}},"s":{"0":0,"1":0,"2":0,"3":0,"4":0,"5":0,"6":0,"7":0,"8":0,"9":0,"10":0,"11":0,"12":0,"13":0,"14":0,"15":0,"16":0,"17":0,"18":0,"19":0,"20":0,"21":0,"22":0,"23":0,"24":0,"25":0,"26":0,"27":0,"28":0,"29":0,"30":0,"31":0,"32":0,"33":0,"34":0,"35":0,"36":0,"37":0,"38":0,"39":0,"40":0,"41":0},"f":{"0":0,"1":0,"2":0,"3":0,"4":0,"5":0,"6":0},"b":{"0":[0,0],"1":[0,0],"2":[0,0],"3":[0,0],"4":[0,0],"5":[0],"6":[0],"7":[0,0],"8":[0],"9":[0],"10":[0,0]}}
,"C:\\Users\\User\\OneDrive\\Рабочий стол\\RSSchool\\e-commerce\\eCommerce-Application\\src\\controller\\regFormHandlers.ts": {"path":"C:\\Users\\User\\OneDrive\\Рабочий стол\\RSSchool\\e-commerce\\eCommerce-Application\\src\\controller\\regFormHandlers.ts","statementMap":{"0":{"start":{"line":1,"column":0},"end":{"line":1,"column":81}},"1":{"start":{"line":2,"column":0},"end":{"line":2,"column":null}},"2":{"start":{"line":7,"column":0},"end":{"line":7,"column":68}},"3":{"start":{"line":9,"column":32},"end":{"line":10,"column":34}},"4":{"start":{"line":12,"column":20},"end":{"line":23,"column":1}},"5":{"start":{"line":13,"column":17},"end":{"line":13,"column":45}},"6":{"start":{"line":14,"column":2},"end":{"line":14,"column":39}},"7":{"start":{"line":15,"column":2},"end":{"line":15,"column":41}},"8":{"start":{"line":15,"column":34},"end":{"line":15,"column":41}},"9":{"start":{"line":17,"column":2},"end":{"line":22,"column":null}},"10":{"start":{"line":18,"column":4},"end":{"line":18,"column":44}},"11":{"start":{"line":19,"column":4},"end":{"line":19,"column":44}},"12":{"start":{"line":21,"column":4},"end":{"line":21,"column":45}},"13":{"start":{"line":24,"column":0},"end":{"line":24,"column":63}},"14":{"start":{"line":26,"column":27},"end":{"line":28,"column":24}},"15":{"start":{"line":29,"column":23},"end":{"line":31,"column":24}},"16":{"start":{"line":33,"column":21},"end":{"line":37,"column":1}},"17":{"start":{"line":34,"column":17},"end":{"line":34,"column":38}},"18":{"start":{"line":35,"column":16},"end":{"line":35,"column":33}},"19":{"start":{"line":36,"column":2},"end":{"line":36,"column":52}},"20":{"start":{"line":39,"column":0},"end":{"line":41,"column":3}},"21":{"start":{"line":40,"column":2},"end":{"line":40,"column":60}},"22":{"start":{"line":40,"column":43},"end":{"line":40,"column":58}},"23":{"start":{"line":43,"column":14},"end":{"line":43,"column":19}},"24":{"start":{"line":44,"column":29},"end":{"line":65,"column":1}},"25":{"start":{"line":45,"column":2},"end":{"line":45,"column":21}},"26":{"start":{"line":46,"column":19},"end":{"line":46,"column":74}},"27":{"start":{"line":47,"column":2},"end":{"line":64,"column":null}},"28":{"start":{"line":48,"column":4},"end":{"line":48,"column":54}},"29":{"start":{"line":49,"column":4},"end":{"line":49,"column":19}},"30":{"start":{"line":50,"column":4},"end":{"line":50,"column":45}},"31":{"start":{"line":51,"column":4},"end":{"line":51,"column":29}},"32":{"start":{"line":52,"column":4},"end":{"line":52,"column":29}},"33":{"start":{"line":53,"column":4},"end":{"line":53,"column":45}},"34":{"start":{"line":54,"column":26},"end":{"line":54,"column":71}},"35":{"start":{"line":55,"column":4},"end":{"line":57,"column":7}},"36":{"start":{"line":56,"column":6},"end":{"line":56,"column":68}},"37":{"start":{"line":59,"column":4},"end":{"line":59,"column":53}},"38":{"start":{"line":60,"column":4},"end":{"line":60,"column":20}},"39":{"start":{"line":61,"column":4},"end":{"line":61,"column":33}},"40":{"start":{"line":62,"column":4},"end":{"line":62,"column":30}},"41":{"start":{"line":63,"column":4},"end":{"line":63,"column":29}},"42":{"start":{"line":66,"column":0},"end":{"line":66,"column":62}}},"fnMap":{"0":{"name":"(anonymous_7)","decl":{"start":{"line":12,"column":20},"end":{"line":12,"column":21}},"loc":{"start":{"line":12,"column":33},"end":{"line":23,"column":1}}},"1":{"name":"(anonymous_8)","decl":{"start":{"line":33,"column":21},"end":{"line":33,"column":22}},"loc":{"start":{"line":33,"column":35},"end":{"line":37,"column":1}}},"2":{"name":"(anonymous_9)","decl":{"start":{"line":39,"column":27},"end":{"line":39,"column":28}},"loc":{"start":{"line":39,"column":43},"end":{"line":41,"column":1}}},"3":{"name":"(anonymous_10)","decl":{"start":{"line":40,"column":37},"end":{"line":40,"column":40}},"loc":{"start":{"line":40,"column":43},"end":{"line":40,"column":58}}},"4":{"name":"(anonymous_11)","decl":{"start":{"line":44,"column":29},"end":{"line":44,"column":30}},"loc":{"start":{"line":44,"column":42},"end":{"line":65,"column":1}}},"5":{"name":"(anonymous_12)","decl":{"start":{"line":55,"column":26},"end":{"line":55,"column":27}},"loc":{"start":{"line":55,"column":36},"end":{"line":57,"column":5}}}},"branchMap":{"0":{"loc":{"start":{"line":15,"column":2},"end":{"line":15,"column":41}},"type":"if","locations":[{"start":{"line":15,"column":2},"end":{"line":15,"column":41}}]},"1":{"loc":{"start":{"line":17,"column":2},"end":{"line":22,"column":null}},"type":"if","locations":[{"start":{"line":17,"column":2},"end":{"line":22,"column":null}},{"start":{"line":20,"column":9},"end":{"line":22,"column":null}}]},"2":{"loc":{"start":{"line":36,"column":15},"end":{"line":36,"column":51}},"type":"cond-expr","locations":[{"start":{"line":36,"column":32},"end":{"line":36,"column":38}},{"start":{"line":36,"column":41},"end":{"line":36,"column":51}}]},"3":{"loc":{"start":{"line":47,"column":2},"end":{"line":64,"column":null}},"type":"if","locations":[{"start":{"line":47,"column":2},"end":{"line":64,"column":null}},{"start":{"line":58,"column":9},"end":{"line":64,"column":null}}]}},"s":{"0":0,"1":0,"2":0,"3":0,"4":0,"5":0,"6":0,"7":0,"8":0,"9":0,"10":0,"11":0,"12":0,"13":0,"14":0,"15":0,"16":0,"17":0,"18":0,"19":0,"20":0,"21":0,"22":0,"23":0,"24":0,"25":0,"26":0,"27":0,"28":0,"29":0,"30":0,"31":0,"32":0,"33":0,"34":0,"35":0,"36":0,"37":0,"38":0,"39":0,"40":0,"41":0,"42":0},"f":{"0":0,"1":0,"2":0,"3":0,"4":0,"5":0},"b":{"0":[0],"1":[0,0],"2":[0,0],"3":[0,0]}}
,"C:\\Users\\User\\OneDrive\\Рабочий стол\\RSSchool\\e-commerce\\eCommerce-Application\\src\\controller\\regSubmitHandler.ts": {"path":"C:\\Users\\User\\OneDrive\\Рабочий стол\\RSSchool\\e-commerce\\eCommerce-Application\\src\\controller\\regSubmitHandler.ts","statementMap":{"0":{"start":{"line":1,"column":0},"end":{"line":1,"column":69}},"1":{"start":{"line":2,"column":0},"end":{"line":2,"column":48}},"2":{"start":{"line":3,"column":0},"end":{"line":3,"column":51}},"3":{"start":{"line":5,"column":0},"end":{"line":5,"column":71}},"4":{"start":{"line":6,"column":0},"end":{"line":6,"column":69}},"5":{"start":{"line":8,"column":23},"end":{"line":66,"column":1}},"6":{"start":{"line":9,"column":18},"end":{"line":9,"column":45}},"7":{"start":{"line":10,"column":19},"end":{"line":10,"column":40}},"8":{"start":{"line":12,"column":37},"end":{"line":20,"column":4}},"9":{"start":{"line":22,"column":26},"end":{"line":22,"column":62}},"10":{"start":{"line":23,"column":24},"end":{"line":23,"column":76}},"11":{"start":{"line":24,"column":28},"end":{"line":24,"column":76}},"12":{"start":{"line":26,"column":26},"end":{"line":34,"column":4}},"13":{"start":{"line":35,"column":2},"end":{"line":35,"column":46}},"14":{"start":{"line":36,"column":2},"end":{"line":38,"column":null}},"15":{"start":{"line":37,"column":4},"end":{"line":37,"column":43}},"16":{"start":{"line":39,"column":2},"end":{"line":42,"column":null}},"17":{"start":{"line":40,"column":4},"end":{"line":40,"column":42}},"18":{"start":{"line":41,"column":4},"end":{"line":41,"column":43}},"19":{"start":{"line":44,"column":25},"end":{"line":44,"column":60}},"20":{"start":{"line":45,"column":24},"end":{"line":45,"column":75}},"21":{"start":{"line":47,"column":2},"end":{"line":64,"column":null}},"22":{"start":{"line":48,"column":4},"end":{"line":56,"column":6}},"23":{"start":{"line":57,"column":4},"end":{"line":57,"column":48}},"24":{"start":{"line":58,"column":4},"end":{"line":60,"column":null}},"25":{"start":{"line":59,"column":6},"end":{"line":59,"column":44}},"26":{"start":{"line":61,"column":4},"end":{"line":63,"column":null}},"27":{"start":{"line":62,"column":6},"end":{"line":62,"column":44}},"28":{"start":{"line":65,"column":2},"end":{"line":65,"column":21}},"29":{"start":{"line":68,"column":22},"end":{"line":102,"column":2}},"30":{"start":{"line":68,"column":41},"end":{"line":102,"column":2}},"31":{"start":{"line":69,"column":2},"end":{"line":69,"column":21}},"32":{"start":{"line":70,"column":22},"end":{"line":70,"column":39}},"33":{"start":{"line":71,"column":2},"end":{"line":101,"column":null}},"34":{"start":{"line":72,"column":24},"end":{"line":72,"column":57}},"35":{"start":{"line":73,"column":23},"end":{"line":73,"column":42}},"36":{"start":{"line":74,"column":4},"end":{"line":74,"column":43}},"37":{"start":{"line":75,"column":4},"end":{"line":98,"column":null}},"38":{"start":{"line":76,"column":6},"end":{"line":76,"column":72}},"39":{"start":{"line":78,"column":26},"end":{"line":80,"column":null}},"40":{"start":{"line":82,"column":6},"end":{"line":88,"column":null}},"41":{"start":{"line":83,"column":8},"end":{"line":83,"column":53}},"42":{"start":{"line":84,"column":8},"end":{"line":84,"column":60}},"43":{"start":{"line":85,"column":8},"end":{"line":85,"column":35}},"44":{"start":{"line":87,"column":8},"end":{"line":87,"column":68}},"45":{"start":{"line":89,"column":11},"end":{"line":98,"column":null}},"46":{"start":{"line":90,"column":6},"end":{"line":95,"column":null}},"47":{"start":{"line":91,"column":8},"end":{"line":92,"column":78}},"48":{"start":{"line":94,"column":8},"end":{"line":94,"column":59}},"49":{"start":{"line":96,"column":11},"end":{"line":98,"column":null}},"50":{"start":{"line":97,"column":6},"end":{"line":97,"column":87}},"51":{"start":{"line":100,"column":4},"end":{"line":100,"column":82}},"52":{"start":{"line":104,"column":0},"end":{"line":104,"column":59}}},"fnMap":{"0":{"name":"(anonymous_8)","decl":{"start":{"line":8,"column":23},"end":{"line":8,"column":24}},"loc":{"start":{"line":8,"column":51},"end":{"line":66,"column":1}}},"1":{"name":"(anonymous_9)","decl":{"start":{"line":68,"column":22},"end":{"line":68,"column":29}},"loc":{"start":{"line":68,"column":41},"end":{"line":102,"column":2}}},"2":{"name":"(anonymous_10)","decl":{"start":{"line":68,"column":41},"end":{"line":68,"column":null}},"loc":{"start":{"line":68,"column":41},"end":{"line":102,"column":1}}}},"branchMap":{"0":{"loc":{"start":{"line":36,"column":2},"end":{"line":38,"column":null}},"type":"if","locations":[{"start":{"line":36,"column":2},"end":{"line":38,"column":null}}]},"1":{"loc":{"start":{"line":39,"column":2},"end":{"line":42,"column":null}},"type":"if","locations":[{"start":{"line":39,"column":2},"end":{"line":42,"column":null}}]},"2":{"loc":{"start":{"line":47,"column":2},"end":{"line":64,"column":null}},"type":"if","locations":[{"start":{"line":47,"column":2},"end":{"line":64,"column":null}}]},"3":{"loc":{"start":{"line":47,"column":6},"end":{"line":47,"column":71}},"type":"binary-expr","locations":[{"start":{"line":47,"column":6},"end":{"line":47,"column":20}},{"start":{"line":47,"column":24},"end":{"line":47,"column":49}},{"start":{"line":47,"column":53},"end":{"line":47,"column":71}}]},"4":{"loc":{"start":{"line":57,"column":4},"end":{"line":57,"column":47}},"type":"cond-expr","locations":[{"start":{"line":57,"column":25},"end":{"line":57,"column":27}},{"start":{"line":57,"column":25},"end":{"line":57,"column":47}}]},"5":{"loc":{"start":{"line":57,"column":4},"end":{"line":57,"column":27}},"type":"binary-expr","locations":[{"start":{"line":57,"column":4},"end":{"line":57,"column":27}},{"start":{"line":57,"column":25},"end":{"line":57,"column":27}}]},"6":{"loc":{"start":{"line":58,"column":4},"end":{"line":60,"column":null}},"type":"if","locations":[{"start":{"line":58,"column":4},"end":{"line":60,"column":null}}]},"7":{"loc":{"start":{"line":58,"column":8},"end":{"line":58,"column":40}},"type":"binary-expr","locations":[{"start":{"line":58,"column":8},"end":{"line":58,"column":21}},{"start":{"line":58,"column":25},"end":{"line":58,"column":40}}]},"8":{"loc":{"start":{"line":61,"column":4},"end":{"line":63,"column":null}},"type":"if","locations":[{"start":{"line":61,"column":4},"end":{"line":63,"column":null}}]},"9":{"loc":{"start":{"line":61,"column":8},"end":{"line":61,"column":41}},"type":"binary-expr","locations":[{"start":{"line":61,"column":8},"end":{"line":61,"column":21}},{"start":{"line":61,"column":25},"end":{"line":61,"column":41}}]},"10":{"loc":{"start":{"line":75,"column":4},"end":{"line":98,"column":null}},"type":"if","locations":[{"start":{"line":75,"column":4},"end":{"line":98,"column":null}},{"start":{"line":89,"column":11},"end":{"line":98,"column":null}}]},"11":{"loc":{"start":{"line":82,"column":6},"end":{"line":88,"column":null}},"type":"if","locations":[{"start":{"line":82,"column":6},"end":{"line":88,"column":null}},{"start":{"line":86,"column":13},"end":{"line":88,"column":null}}]},"12":{"loc":{"start":{"line":89,"column":11},"end":{"line":98,"column":null}},"type":"if","locations":[{"start":{"line":89,"column":11},"end":{"line":98,"column":null}},{"start":{"line":96,"column":11},"end":{"line":98,"column":null}}]},"13":{"loc":{"start":{"line":90,"column":6},"end":{"line":95,"column":null}},"type":"if","locations":[{"start":{"line":90,"column":6},"end":{"line":95,"column":null}},{"start":{"line":93,"column":13},"end":{"line":95,"column":null}}]},"14":{"loc":{"start":{"line":96,"column":11},"end":{"line":98,"column":null}},"type":"if","locations":[{"start":{"line":96,"column":11},"end":{"line":98,"column":null}}]}},"s":{"0":0,"1":0,"2":0,"3":0,"4":0,"5":0,"6":0,"7":0,"8":0,"9":0,"10":0,"11":0,"12":0,"13":0,"14":0,"15":0,"16":0,"17":0,"18":0,"19":0,"20":0,"21":0,"22":0,"23":0,"24":0,"25":0,"26":0,"27":0,"28":0,"29":0,"30":0,"31":0,"32":0,"33":0,"34":0,"35":0,"36":0,"37":0,"38":0,"39":0,"40":0,"41":0,"42":0,"43":0,"44":0,"45":0,"46":0,"47":0,"48":0,"49":0,"50":0,"51":0,"52":0},"f":{"0":0,"1":0,"2":0},"b":{"0":[0],"1":[0],"2":[0],"3":[0,0,0],"4":[0,0],"5":[0,0],"6":[0],"7":[0,0],"8":[0],"9":[0,0],"10":[0,0],"11":[0,0],"12":[0,0],"13":[0,0],"14":[0]}}
,"C:\\Users\\User\\OneDrive\\Рабочий стол\\RSSchool\\e-commerce\\eCommerce-Application\\src\\controller\\router.ts": {"path":"C:\\Users\\User\\OneDrive\\Рабочий стол\\RSSchool\\e-commerce\\eCommerce-Application\\src\\controller\\router.ts","statementMap":{"0":{"start":{"line":1,"column":0},"end":{"line":1,"column":44}},"1":{"start":{"line":2,"column":0},"end":{"line":2,"column":52}},"2":{"start":{"line":3,"column":0},"end":{"line":3,"column":67}},"3":{"start":{"line":4,"column":0},"end":{"line":4,"column":55}},"4":{"start":{"line":5,"column":0},"end":{"line":5,"column":51}},"5":{"start":{"line":10,"column":27},"end":{"line":20,"column":2}},"6":{"start":{"line":23,"column":15},"end":{"line":23,"column":46}},"7":{"start":{"line":24,"column":28},"end":{"line":24,"column":57}},"8":{"start":{"line":25,"column":2},"end":{"line":25,"column":37}},"9":{"start":{"line":26,"column":2},"end":{"line":26,"column":35}},"10":{"start":{"line":27,"column":2},"end":{"line":27,"column":54}},"11":{"start":{"line":31,"column":20},"end":{"line":31,"column":55}},"12":{"start":{"line":32,"column":2},"end":{"line":32,"column":45}},"13":{"start":{"line":33,"column":2},"end":{"line":33,"column":20}},"14":{"start":{"line":37,"column":2},"end":{"line":40,"column":null}},"15":{"start":{"line":38,"column":4},"end":{"line":38,"column":23}},"16":{"start":{"line":39,"column":4},"end":{"line":39,"column":13}},"17":{"start":{"line":44,"column":2},"end":{"line":46,"column":5}},"18":{"start":{"line":45,"column":4},"end":{"line":45,"column":46}},"19":{"start":{"line":49,"column":0},"end":{"line":58,"column":3}},"20":{"start":{"line":51,"column":4},"end":{"line":51,"column":22}},"21":{"start":{"line":54,"column":4},"end":{"line":54,"column":24}},"22":{"start":{"line":55,"column":4},"end":{"line":55,"column":49}},"23":{"start":{"line":56,"column":4},"end":{"line":56,"column":22}},"24":{"start":{"line":60,"column":0},"end":{"line":60,"column":49}},"25":{"start":{"line":61,"column":0},"end":{"line":61,"column":53}},"26":{"start":{"line":62,"column":0},"end":{"line":62,"column":59}}},"fnMap":{"0":{"name":"locationHandler","decl":{"start":{"line":22,"column":9},"end":{"line":22,"column":24}},"loc":{"start":{"line":22,"column":24},"end":{"line":28,"column":1}}},"1":{"name":"route","decl":{"start":{"line":30,"column":9},"end":{"line":30,"column":14}},"loc":{"start":{"line":30,"column":23},"end":{"line":34,"column":1}}},"2":{"name":"linkClick","decl":{"start":{"line":36,"column":9},"end":{"line":36,"column":18}},"loc":{"start":{"line":36,"column":27},"end":{"line":41,"column":1}}},"3":{"name":"contentLoaded","decl":{"start":{"line":43,"column":9},"end":{"line":43,"column":22}},"loc":{"start":{"line":43,"column":22},"end":{"line":47,"column":1}}},"4":{"name":"(anonymous_10)","decl":{"start":{"line":44,"column":41},"end":{"line":44,"column":42}},"loc":{"start":{"line":44,"column":50},"end":{"line":46,"column":3}}},"5":{"name":"(anonymous_11)","decl":{"start":{"line":50,"column":2},"end":{"line":50,"column":5}},"loc":{"start":{"line":50,"column":5},"end":{"line":52,"column":3}}},"6":{"name":"(anonymous_12)","decl":{"start":{"line":53,"column":2},"end":{"line":53,"column":5}},"loc":{"start":{"line":53,"column":20},"end":{"line":57,"column":3}}}},"branchMap":{"0":{"loc":{"start":{"line":23,"column":15},"end":{"line":23,"column":46}},"type":"binary-expr","locations":[{"start":{"line":23,"column":15},"end":{"line":23,"column":39}},{"start":{"line":23,"column":43},"end":{"line":23,"column":46}}]},"1":{"loc":{"start":{"line":24,"column":28},"end":{"line":24,"column":57}},"type":"binary-expr","locations":[{"start":{"line":24,"column":28},"end":{"line":24,"column":40}},{"start":{"line":24,"column":44},"end":{"line":24,"column":57}}]},"2":{"loc":{"start":{"line":37,"column":2},"end":{"line":40,"column":null}},"type":"if","locations":[{"start":{"line":37,"column":2},"end":{"line":40,"column":null}}]}},"s":{"0":0,"1":0,"2":0,"3":0,"4":0,"5":0,"6":0,"7":0,"8":0,"9":0,"10":0,"11":0,"12":0,"13":0,"14":0,"15":0,"16":0,"17":0,"18":0,"19":0,"20":0,"21":0,"22":0,"23":0,"24":0,"25":0,"26":0},"f":{"0":0,"1":0,"2":0,"3":0,"4":0,"5":0,"6":0},"b":{"0":[0,0],"1":[0,0],"2":[0]}}
,"C:\\Users\\User\\OneDrive\\Рабочий стол\\RSSchool\\e-commerce\\eCommerce-Application\\src\\lib\\BuildClient.ts": {"path":"C:\\Users\\User\\OneDrive\\Рабочий стол\\RSSchool\\e-commerce\\eCommerce-Application\\src\\lib\\BuildClient.ts","statementMap":{"0":{"start":{"line":1,"column":0},"end":{"line":1,"column":null}},"1":{"start":{"line":8,"column":53},"end":{"line":17,"column":2}},"2":{"start":{"line":20,"column":53},"end":{"line":23,"column":2}},"3":{"start":{"line":26,"column":13},"end":{"line":30,"column":11}}},"fnMap":{},"branchMap":{},"s":{"0":0,"1":0,"2":0,"3":0},"f":{},"b":{}}
,"C:\\Users\\User\\OneDrive\\Рабочий стол\\RSSchool\\e-commerce\\eCommerce-Application\\src\\model\\inputErrorSpecifier.ts": {"path":"C:\\Users\\User\\OneDrive\\Рабочий стол\\RSSchool\\e-commerce\\eCommerce-Application\\src\\model\\inputErrorSpecifier.ts","statementMap":{"0":{"start":{"line":1,"column":0},"end":{"line":1,"column":36}},"1":{"start":{"line":4,"column":2},"end":{"line":4,"column":52}},"2":{"start":{"line":4,"column":23},"end":{"line":4,"column":52}},"3":{"start":{"line":5,"column":2},"end":{"line":5,"column":55}},"4":{"start":{"line":5,"column":27},"end":{"line":5,"column":55}},"5":{"start":{"line":6,"column":2},"end":{"line":6,"column":55}},"6":{"start":{"line":6,"column":27},"end":{"line":6,"column":55}},"7":{"start":{"line":7,"column":2},"end":{"line":7,"column":55}},"8":{"start":{"line":7,"column":27},"end":{"line":7,"column":55}},"9":{"start":{"line":8,"column":2},"end":{"line":8,"column":56}},"10":{"start":{"line":8,"column":28},"end":{"line":8,"column":56}},"11":{"start":{"line":9,"column":2},"end":{"line":9,"column":12}},"12":{"start":{"line":13,"column":2},"end":{"line":13,"column":59}},"13":{"start":{"line":13,"column":30},"end":{"line":13,"column":59}},"14":{"start":{"line":14,"column":2},"end":{"line":14,"column":12}},"15":{"start":{"line":18,"column":15},"end":{"line":18,"column":17}},"16":{"start":{"line":19,"column":2},"end":{"line":32,"column":null}},"17":{"start":{"line":21,"column":6},"end":{"line":21,"column":32}},"18":{"start":{"line":22,"column":6},"end":{"line":22,"column":12}},"19":{"start":{"line":25,"column":6},"end":{"line":25,"column":35}},"20":{"start":{"line":26,"column":6},"end":{"line":26,"column":12}},"21":{"start":{"line":30,"column":6},"end":{"line":30,"column":12}},"22":{"start":{"line":33,"column":2},"end":{"line":33,"column":16}},"23":{"start":{"line":36,"column":0},"end":{"line":36,"column":31}}},"fnMap":{"0":{"name":"checkPassword","decl":{"start":{"line":3,"column":9},"end":{"line":3,"column":22}},"loc":{"start":{"line":3,"column":35},"end":{"line":10,"column":1}}},"1":{"name":"checkEmail","decl":{"start":{"line":12,"column":9},"end":{"line":12,"column":19}},"loc":{"start":{"line":12,"column":32},"end":{"line":15,"column":1}}},"2":{"name":"getSpecifyError","decl":{"start":{"line":17,"column":9},"end":{"line":17,"column":24}},"loc":{"start":{"line":17,"column":51},"end":{"line":34,"column":1}}}},"branchMap":{"0":{"loc":{"start":{"line":4,"column":2},"end":{"line":4,"column":52}},"type":"if","locations":[{"start":{"line":4,"column":2},"end":{"line":4,"column":52}}]},"1":{"loc":{"start":{"line":5,"column":2},"end":{"line":5,"column":55}},"type":"if","locations":[{"start":{"line":5,"column":2},"end":{"line":5,"column":55}}]},"2":{"loc":{"start":{"line":6,"column":2},"end":{"line":6,"column":55}},"type":"if","locations":[{"start":{"line":6,"column":2},"end":{"line":6,"column":55}}]},"3":{"loc":{"start":{"line":7,"column":2},"end":{"line":7,"column":55}},"type":"if","locations":[{"start":{"line":7,"column":2},"end":{"line":7,"column":55}}]},"4":{"loc":{"start":{"line":8,"column":2},"end":{"line":8,"column":56}},"type":"if","locations":[{"start":{"line":8,"column":2},"end":{"line":8,"column":56}}]},"5":{"loc":{"start":{"line":13,"column":2},"end":{"line":13,"column":59}},"type":"if","locations":[{"start":{"line":13,"column":2},"end":{"line":13,"column":59}}]},"6":{"loc":{"start":{"line":19,"column":2},"end":{"line":32,"column":null}},"type":"switch","locations":[{"start":{"line":20,"column":4},"end":{"line":23,"column":null}},{"start":{"line":24,"column":4},"end":{"line":27,"column":null}},{"start":{"line":28,"column":4},"end":{"line":31,"column":null}}]}},"s":{"0":0,"1":0,"2":0,"3":0,"4":0,"5":0,"6":0,"7":0,"8":0,"9":0,"10":0,"11":0,"12":0,"13":0,"14":0,"15":0,"16":0,"17":0,"18":0,"19":0,"20":0,"21":0,"22":0,"23":0},"f":{"0":0,"1":0,"2":0},"b":{"0":[0],"1":[0],"2":[0],"3":[0],"4":[0],"5":[0],"6":[0,0,0]}}
,"C:\\Users\\User\\OneDrive\\Рабочий стол\\RSSchool\\e-commerce\\eCommerce-Application\\src\\model\\login.ts": {"path":"C:\\Users\\User\\OneDrive\\Рабочий стол\\RSSchool\\e-commerce\\eCommerce-Application\\src\\model\\login.ts","statementMap":{"0":{"start":{"line":1,"column":0},"end":{"line":1,"column":66}},"1":{"start":{"line":3,"column":13},"end":{"line":3,"column":33}},"2":{"start":{"line":6,"column":2},"end":{"line":6,"column":28}},"3":{"start":{"line":5,"column":0},"end":{"line":5,"column":16}},"4":{"start":{"line":10,"column":2},"end":{"line":10,"column":31}},"5":{"start":{"line":9,"column":0},"end":{"line":9,"column":16}}},"fnMap":{"0":{"name":"setLoacalCustomer","decl":{"start":{"line":5,"column":16},"end":{"line":5,"column":33}},"loc":{"start":{"line":5,"column":46},"end":{"line":7,"column":1}}},"1":{"name":"getLoacalCustomer","decl":{"start":{"line":9,"column":16},"end":{"line":9,"column":33}},"loc":{"start":{"line":9,"column":33},"end":{"line":11,"column":1}}}},"branchMap":{},"s":{"0":0,"1":0,"2":0,"3":0,"4":0,"5":0},"f":{"0":0,"1":0},"b":{}}
,"C:\\Users\\User\\OneDrive\\Рабочий стол\\RSSchool\\e-commerce\\eCommerce-Application\\src\\model\\api\\apiRoot.ts": {"path":"C:\\Users\\User\\OneDrive\\Рабочий стол\\RSSchool\\e-commerce\\eCommerce-Application\\src\\model\\api\\apiRoot.ts","statementMap":{"0":{"start":{"line":1,"column":0},"end":{"line":1,"column":76}},"1":{"start":{"line":2,"column":0},"end":{"line":2,"column":50}},"2":{"start":{"line":6,"column":16},"end":{"line":8,"column":2}},"3":{"start":{"line":10,"column":29},"end":{"line":18,"column":24}},"4":{"start":{"line":11,"column":2},"end":{"line":18,"column":24}},"5":{"start":{"line":17,"column":19},"end":{"line":17,"column":22}},"6":{"start":{"line":18,"column":20},"end":{"line":18,"column":23}},"7":{"start":{"line":10,"column":13},"end":{"line":10,"column":29}},"8":{"start":{"line":20,"column":30},"end":{"line":29,"column":24}},"9":{"start":{"line":21,"column":2},"end":{"line":29,"column":24}},"10":{"start":{"line":28,"column":19},"end":{"line":28,"column":22}},"11":{"start":{"line":29,"column":20},"end":{"line":29,"column":23}},"12":{"start":{"line":20,"column":13},"end":{"line":20,"column":30}},"13":{"start":{"line":31,"column":29},"end":{"line":45,"column":24}},"14":{"start":{"line":32,"column":2},"end":{"line":45,"column":24}},"15":{"start":{"line":44,"column":19},"end":{"line":44,"column":22}},"16":{"start":{"line":45,"column":20},"end":{"line":45,"column":23}},"17":{"start":{"line":31,"column":13},"end":{"line":31,"column":29}}},"fnMap":{"0":{"name":"(anonymous_0)","decl":{"start":{"line":10,"column":29},"end":{"line":10,"column":32}},"loc":{"start":{"line":11,"column":2},"end":{"line":18,"column":24}}},"1":{"name":"(anonymous_1)","decl":{"start":{"line":17,"column":10},"end":{"line":17,"column":11}},"loc":{"start":{"line":17,"column":19},"end":{"line":17,"column":22}}},"2":{"name":"(anonymous_2)","decl":{"start":{"line":18,"column":11},"end":{"line":18,"column":12}},"loc":{"start":{"line":18,"column":20},"end":{"line":18,"column":23}}},"3":{"name":"(anonymous_3)","decl":{"start":{"line":20,"column":30},"end":{"line":20,"column":31}},"loc":{"start":{"line":21,"column":2},"end":{"line":29,"column":24}}},"4":{"name":"(anonymous_4)","decl":{"start":{"line":28,"column":10},"end":{"line":28,"column":11}},"loc":{"start":{"line":28,"column":19},"end":{"line":28,"column":22}}},"5":{"name":"(anonymous_5)","decl":{"start":{"line":29,"column":11},"end":{"line":29,"column":12}},"loc":{"start":{"line":29,"column":20},"end":{"line":29,"column":23}}},"6":{"name":"(anonymous_6)","decl":{"start":{"line":31,"column":29},"end":{"line":31,"column":30}},"loc":{"start":{"line":32,"column":2},"end":{"line":45,"column":24}}},"7":{"name":"(anonymous_7)","decl":{"start":{"line":44,"column":10},"end":{"line":44,"column":11}},"loc":{"start":{"line":44,"column":19},"end":{"line":44,"column":22}}},"8":{"name":"(anonymous_8)","decl":{"start":{"line":45,"column":11},"end":{"line":45,"column":12}},"loc":{"start":{"line":45,"column":20},"end":{"line":45,"column":23}}}},"branchMap":{},"s":{"0":0,"1":0,"2":0,"3":0,"4":0,"5":0,"6":0,"7":0,"8":0,"9":0,"10":0,"11":0,"12":0,"13":0,"14":0,"15":0,"16":0,"17":0},"f":{"0":0,"1":0,"2":0,"3":0,"4":0,"5":0,"6":0,"7":0,"8":0},"b":{}}
,"C:\\Users\\User\\OneDrive\\Рабочий стол\\RSSchool\\e-commerce\\eCommerce-Application\\src\\model\\data\\countries.ts": {"path":"C:\\Users\\User\\OneDrive\\Рабочий стол\\RSSchool\\e-commerce\\eCommerce-Application\\src\\model\\data\\countries.ts","statementMap":{"0":{"start":{"line":1,"column":18},"end":{"line":29,"column":2}},"1":{"start":{"line":31,"column":0},"end":{"line":31,"column":25}}},"fnMap":{},"branchMap":{},"s":{"0":1,"1":1},"f":{},"b":{}}
,"C:\\Users\\User\\OneDrive\\Рабочий стол\\RSSchool\\e-commerce\\eCommerce-Application\\src\\model\\data\\messages.ts": {"path":"C:\\Users\\User\\OneDrive\\Рабочий стол\\RSSchool\\e-commerce\\eCommerce-Application\\src\\model\\data\\messages.ts","statementMap":{"0":{"start":{"line":1,"column":14},"end":{"line":12,"column":2}},"1":{"start":{"line":14,"column":0},"end":{"line":14,"column":21}}},"fnMap":{},"branchMap":{},"s":{"0":0,"1":0},"f":{},"b":{}}
,"C:\\Users\\User\\OneDrive\\Рабочий стол\\RSSchool\\e-commerce\\eCommerce-Application\\src\\types\\index.d.ts": {"path":"C:\\Users\\User\\OneDrive\\Рабочий стол\\RSSchool\\e-commerce\\eCommerce-Application\\src\\types\\index.d.ts","statementMap":{},"fnMap":{},"branchMap":{},"s":{},"f":{},"b":{}}
,"C:\\Users\\User\\OneDrive\\Рабочий стол\\RSSchool\\e-commerce\\eCommerce-Application\\src\\utils\\storage.ts": {"path":"C:\\Users\\User\\OneDrive\\Рабочий стол\\RSSchool\\e-commerce\\eCommerce-Application\\src\\utils\\storage.ts","statementMap":{"0":{"start":{"line":2,"column":2},"end":{"line":2,"column":51}},"1":{"start":{"line":1,"column":0},"end":{"line":1,"column":16}},"2":{"start":{"line":6,"column":2},"end":{"line":10,"column":null}},"3":{"start":{"line":7,"column":4},"end":{"line":7,"column":56}},"4":{"start":{"line":9,"column":4},"end":{"line":9,"column":14}},"5":{"start":{"line":5,"column":0},"end":{"line":5,"column":16}}},"fnMap":{"0":{"name":"saveToStorage","decl":{"start":{"line":1,"column":16},"end":{"line":1,"column":29}},"loc":{"start":{"line":1,"column":56},"end":{"line":3,"column":1}}},"1":{"name":"loadFromStorage","decl":{"start":{"line":5,"column":16},"end":{"line":5,"column":31}},"loc":{"start":{"line":5,"column":44},"end":{"line":11,"column":1}}}},"branchMap":{"0":{"loc":{"start":{"line":7,"column":22},"end":{"line":7,"column":54}},"type":"binary-expr","locations":[{"start":{"line":7,"column":22},"end":{"line":7,"column":48}},{"start":{"line":7,"column":52},"end":{"line":7,"column":54}}]}},"s":{"0":0,"1":0,"2":0,"3":0,"4":0,"5":0},"f":{"0":0,"1":0},"b":{"0":[0,0]}}
,"C:\\Users\\User\\OneDrive\\Рабочий стол\\RSSchool\\e-commerce\\eCommerce-Application\\src\\utils\\view\\createFormBlock.ts": {"path":"C:\\Users\\User\\OneDrive\\Рабочий стол\\RSSchool\\e-commerce\\eCommerce-Application\\src\\utils\\view\\createFormBlock.ts","statementMap":{"0":{"start":{"line":3,"column":24},"end":{"line":43,"column":1}},"1":{"start":{"line":4,"column":16},"end":{"line":4,"column":45}},"2":{"start":{"line":5,"column":2},"end":{"line":5,"column":34}},"3":{"start":{"line":7,"column":16},"end":{"line":7,"column":47}},"4":{"start":{"line":8,"column":2},"end":{"line":8,"column":28}},"5":{"start":{"line":9,"column":2},"end":{"line":9,"column":28}},"6":{"start":{"line":10,"column":2},"end":{"line":10,"column":36}},"7":{"start":{"line":11,"column":2},"end":{"line":11,"column":37}},"8":{"start":{"line":12,"column":2},"end":{"line":12,"column":80}},"9":{"start":{"line":12,"column":38},"end":{"line":12,"column":80}},"10":{"start":{"line":13,"column":2},"end":{"line":13,"column":67}},"11":{"start":{"line":13,"column":27},"end":{"line":13,"column":67}},"12":{"start":{"line":14,"column":2},"end":{"line":14,"column":62}},"13":{"start":{"line":14,"column":23},"end":{"line":14,"column":62}},"14":{"start":{"line":15,"column":2},"end":{"line":15,"column":43}},"15":{"start":{"line":15,"column":19},"end":{"line":15,"column":43}},"16":{"start":{"line":16,"column":2},"end":{"line":16,"column":49}},"17":{"start":{"line":16,"column":21},"end":{"line":16,"column":49}},"18":{"start":{"line":18,"column":16},"end":{"line":18,"column":47}},"19":{"start":{"line":19,"column":2},"end":{"line":19,"column":31}},"20":{"start":{"line":20,"column":2},"end":{"line":20,"column":53}},"21":{"start":{"line":20,"column":20},"end":{"line":20,"column":53}},"22":{"start":{"line":21,"column":2},"end":{"line":21,"column":37}},"23":{"start":{"line":23,"column":23},"end":{"line":23,"column":50}},"24":{"start":{"line":24,"column":2},"end":{"line":24,"column":44}},"25":{"start":{"line":26,"column":2},"end":{"line":26,"column":75}},"26":{"start":{"line":26,"column":33},"end":{"line":26,"column":75}},"27":{"start":{"line":27,"column":2},"end":{"line":27,"column":75}},"28":{"start":{"line":27,"column":33},"end":{"line":27,"column":75}},"29":{"start":{"line":28,"column":2},"end":{"line":28,"column":75}},"30":{"start":{"line":28,"column":33},"end":{"line":28,"column":75}},"31":{"start":{"line":29,"column":2},"end":{"line":30,"column":53}},"32":{"start":{"line":30,"column":4},"end":{"line":30,"column":53}},"33":{"start":{"line":32,"column":2},"end":{"line":40,"column":null}},"34":{"start":{"line":33,"column":21},"end":{"line":33,"column":50}},"35":{"start":{"line":34,"column":4},"end":{"line":34,"column":48}},"36":{"start":{"line":35,"column":4},"end":{"line":35,"column":34}},"37":{"start":{"line":36,"column":4},"end":{"line":36,"column":41}},"38":{"start":{"line":37,"column":4},"end":{"line":37,"column":46}},"39":{"start":{"line":39,"column":4},"end":{"line":39,"column":45}},"40":{"start":{"line":42,"column":2},"end":{"line":42,"column":15}},"41":{"start":{"line":45,"column":0},"end":{"line":45,"column":31}}},"fnMap":{"0":{"name":"(anonymous_0)","decl":{"start":{"line":3,"column":24},"end":{"line":3,"column":25}},"loc":{"start":{"line":3,"column":63},"end":{"line":43,"column":1}}}},"branchMap":{"0":{"loc":{"start":{"line":12,"column":2},"end":{"line":12,"column":80}},"type":"if","locations":[{"start":{"line":12,"column":2},"end":{"line":12,"column":80}}]},"1":{"loc":{"start":{"line":13,"column":2},"end":{"line":13,"column":67}},"type":"if","locations":[{"start":{"line":13,"column":2},"end":{"line":13,"column":67}}]},"2":{"loc":{"start":{"line":14,"column":2},"end":{"line":14,"column":62}},"type":"if","locations":[{"start":{"line":14,"column":2},"end":{"line":14,"column":62}}]},"3":{"loc":{"start":{"line":15,"column":2},"end":{"line":15,"column":43}},"type":"if","locations":[{"start":{"line":15,"column":2},"end":{"line":15,"column":43}}]},"4":{"loc":{"start":{"line":16,"column":2},"end":{"line":16,"column":49}},"type":"if","locations":[{"start":{"line":16,"column":2},"end":{"line":16,"column":49}}]},"5":{"loc":{"start":{"line":20,"column":2},"end":{"line":20,"column":53}},"type":"if","locations":[{"start":{"line":20,"column":2},"end":{"line":20,"column":53}}]},"6":{"loc":{"start":{"line":26,"column":2},"end":{"line":26,"column":75}},"type":"if","locations":[{"start":{"line":26,"column":2},"end":{"line":26,"column":75}}]},"7":{"loc":{"start":{"line":27,"column":2},"end":{"line":27,"column":75}},"type":"if","locations":[{"start":{"line":27,"column":2},"end":{"line":27,"column":75}}]},"8":{"loc":{"start":{"line":28,"column":2},"end":{"line":28,"column":75}},"type":"if","locations":[{"start":{"line":28,"column":2},"end":{"line":28,"column":75}}]},"9":{"loc":{"start":{"line":29,"column":2},"end":{"line":30,"column":53}},"type":"if","locations":[{"start":{"line":29,"column":2},"end":{"line":30,"column":53}}]},"10":{"loc":{"start":{"line":32,"column":2},"end":{"line":40,"column":null}},"type":"if","locations":[{"start":{"line":32,"column":2},"end":{"line":40,"column":null}},{"start":{"line":38,"column":9},"end":{"line":40,"column":null}}]}},"s":{"0":2,"1":22,"2":22,"3":22,"4":22,"5":22,"6":22,"7":22,"8":22,"9":0,"10":22,"11":16,"12":22,"13":15,"14":22,"15":1,"16":22,"17":16,"18":22,"19":22,"20":22,"21":22,"22":22,"23":22,"24":22,"25":22,"26":6,"27":22,"28":6,"29":22,"30":6,"31":22,"32":6,"33":22,"34":1,"35":1,"36":1,"37":1,"38":1,"39":21,"40":22,"41":2},"f":{"0":22},"b":{"0":[0],"1":[16],"2":[15],"3":[1],"4":[16],"5":[22],"6":[6],"7":[6],"8":[6],"9":[6],"10":[1,21]}}
,"C:\\Users\\User\\OneDrive\\Рабочий стол\\RSSchool\\e-commerce\\eCommerce-Application\\src\\view\\view.ts": {"path":"C:\\Users\\User\\OneDrive\\Рабочий стол\\RSSchool\\e-commerce\\eCommerce-Application\\src\\view\\view.ts","statementMap":{"0":{"start":{"line":1,"column":0},"end":{"line":1,"column":41}},"1":{"start":{"line":2,"column":0},"end":{"line":2,"column":37}},"2":{"start":{"line":4,"column":13},"end":{"line":4,"column":43}},"3":{"start":{"line":5,"column":0},"end":{"line":5,"column":27}},"4":{"start":{"line":7,"column":22},"end":{"line":7,"column":51}},"5":{"start":{"line":8,"column":0},"end":{"line":8,"column":47}},"6":{"start":{"line":10,"column":0},"end":{"line":10,"column":27}},"7":{"start":{"line":12,"column":0},"end":{"line":12,"column":43}},"8":{"start":{"line":14,"column":0},"end":{"line":14,"column":29}}},"fnMap":{},"branchMap":{},"s":{"0":0,"1":0,"2":0,"3":0,"4":0,"5":0,"6":0,"7":0,"8":0},"f":{},"b":{}}
,"C:\\Users\\User\\OneDrive\\Рабочий стол\\RSSchool\\e-commerce\\eCommerce-Application\\src\\view\\footer\\footer.ts": {"path":"C:\\Users\\User\\OneDrive\\Рабочий стол\\RSSchool\\e-commerce\\eCommerce-Application\\src\\view\\footer\\footer.ts","statementMap":{"0":{"start":{"line":1,"column":15},"end":{"line":1,"column":47}},"1":{"start":{"line":2,"column":0},"end":{"line":2,"column":31}},"2":{"start":{"line":4,"column":24},"end":{"line":4,"column":53}},"3":{"start":{"line":5,"column":0},"end":{"line":5,"column":51}},"4":{"start":{"line":9,"column":18},"end":{"line":9,"column":47}},"5":{"start":{"line":10,"column":0},"end":{"line":10,"column":40}},"6":{"start":{"line":12,"column":17},"end":{"line":12,"column":44}},"7":{"start":{"line":13,"column":0},"end":{"line":13,"column":44}},"8":{"start":{"line":14,"column":0},"end":{"line":14,"column":57}},"9":{"start":{"line":15,"column":0},"end":{"line":16,"column":81}},"10":{"start":{"line":18,"column":0},"end":{"line":18,"column":27}},"11":{"start":{"line":22,"column":17},"end":{"line":22,"column":46}},"12":{"start":{"line":23,"column":0},"end":{"line":23,"column":38}},"13":{"start":{"line":25,"column":16},"end":{"line":25,"column":43}},"14":{"start":{"line":26,"column":0},"end":{"line":26,"column":39}},"15":{"start":{"line":28,"column":16},"end":{"line":28,"column":45}},"16":{"start":{"line":29,"column":0},"end":{"line":29,"column":35}},"17":{"start":{"line":30,"column":0},"end":{"line":30,"column":25}},"18":{"start":{"line":31,"column":0},"end":{"line":32,"column":93}},"19":{"start":{"line":34,"column":0},"end":{"line":34,"column":24}},"20":{"start":{"line":35,"column":0},"end":{"line":35,"column":25}},"21":{"start":{"line":39,"column":18},"end":{"line":39,"column":47}},"22":{"start":{"line":40,"column":0},"end":{"line":40,"column":40}},"23":{"start":{"line":41,"column":0},"end":{"line":41,"column":33}},"24":{"start":{"line":43,"column":0},"end":{"line":43,"column":55}},"25":{"start":{"line":44,"column":0},"end":{"line":44,"column":31}},"26":{"start":{"line":46,"column":0},"end":{"line":46,"column":22}}},"fnMap":{},"branchMap":{},"s":{"0":0,"1":0,"2":0,"3":0,"4":0,"5":0,"6":0,"7":0,"8":0,"9":0,"10":0,"11":0,"12":0,"13":0,"14":0,"15":0,"16":0,"17":0,"18":0,"19":0,"20":0,"21":0,"22":0,"23":0,"24":0,"25":0,"26":0},"f":{},"b":{}}
,"C:\\Users\\User\\OneDrive\\Рабочий стол\\RSSchool\\e-commerce\\eCommerce-Application\\src\\view\\header\\header.ts": {"path":"C:\\Users\\User\\OneDrive\\Рабочий стол\\RSSchool\\e-commerce\\eCommerce-Application\\src\\view\\header\\header.ts","statementMap":{"0":{"start":{"line":1,"column":0},"end":{"line":1,"column":55}},"1":{"start":{"line":2,"column":0},"end":{"line":2,"column":41}},"2":{"start":{"line":5,"column":15},"end":{"line":5,"column":47}},"3":{"start":{"line":122,"column":9},"end":{"line":122,"column":15}},"4":{"start":{"line":6,"column":0},"end":{"line":6,"column":31}},"5":{"start":{"line":8,"column":24},"end":{"line":8,"column":53}},"6":{"start":{"line":9,"column":0},"end":{"line":9,"column":51}},"7":{"start":{"line":10,"column":0},"end":{"line":10,"column":31}},"8":{"start":{"line":14,"column":19},"end":{"line":14,"column":48}},"9":{"start":{"line":15,"column":0},"end":{"line":15,"column":41}},"10":{"start":{"line":17,"column":16},"end":{"line":17,"column":45}},"11":{"start":{"line":18,"column":0},"end":{"line":18,"column":37}},"12":{"start":{"line":19,"column":0},"end":{"line":19,"column":19}},"13":{"start":{"line":20,"column":0},"end":{"line":20,"column":31}},"14":{"start":{"line":22,"column":17},"end":{"line":22,"column":45}},"15":{"start":{"line":23,"column":0},"end":{"line":23,"column":37}},"16":{"start":{"line":25,"column":0},"end":{"line":25,"column":37}},"17":{"start":{"line":29,"column":12},"end":{"line":29,"column":41}},"18":{"start":{"line":30,"column":0},"end":{"line":30,"column":33}},"19":{"start":{"line":32,"column":21},"end":{"line":32,"column":50}},"20":{"start":{"line":33,"column":0},"end":{"line":33,"column":52}},"21":{"start":{"line":34,"column":0},"end":{"line":34,"column":25}},"22":{"start":{"line":36,"column":27},"end":{"line":69,"column":2}},"23":{"start":{"line":122,"column":34},"end":{"line":122,"column":40}},"24":{"start":{"line":71,"column":0},"end":{"line":80,"column":3}},"25":{"start":{"line":72,"column":13},"end":{"line":72,"column":40}},"26":{"start":{"line":73,"column":2},"end":{"line":73,"column":32}},"27":{"start":{"line":74,"column":2},"end":{"line":74,"column":14}},"28":{"start":{"line":75,"column":2},"end":{"line":75,"column":30}},"29":{"start":{"line":76,"column":2},"end":{"line":76,"column":26}},"30":{"start":{"line":78,"column":2},"end":{"line":78,"column":23}},"31":{"start":{"line":79,"column":2},"end":{"line":79,"column":26}},"32":{"start":{"line":82,"column":24},"end":{"line":88,"column":1}},"33":{"start":{"line":83,"column":14},"end":{"line":83,"column":53}},"34":{"start":{"line":84,"column":2},"end":{"line":87,"column":5}},"35":{"start":{"line":85,"column":20},"end":{"line":85,"column":47}},"36":{"start":{"line":86,"column":4},"end":{"line":86,"column":40}},"37":{"start":{"line":122,"column":17},"end":{"line":122,"column":32}},"38":{"start":{"line":92,"column":15},"end":{"line":92,"column":44}},"39":{"start":{"line":93,"column":0},"end":{"line":93,"column":39}},"40":{"start":{"line":95,"column":0},"end":{"line":99,"column":null}},"41":{"start":{"line":95,"column":13},"end":{"line":95,"column":14}},"42":{"start":{"line":96,"column":15},"end":{"line":96,"column":45}},"43":{"start":{"line":97,"column":2},"end":{"line":97,"column":37}},"44":{"start":{"line":98,"column":2},"end":{"line":98,"column":22}},"45":{"start":{"line":101,"column":0},"end":{"line":101,"column":48}},"46":{"start":{"line":103,"column":20},"end":{"line":110,"column":1}},"47":{"start":{"line":104,"column":2},"end":{"line":104,"column":46}},"48":{"start":{"line":106,"column":2},"end":{"line":106,"column":48}},"49":{"start":{"line":107,"column":2},"end":{"line":107,"column":49}},"50":{"start":{"line":108,"column":2},"end":{"line":108,"column":57}},"51":{"start":{"line":109,"column":2},"end":{"line":109,"column":48}},"52":{"start":{"line":112,"column":0},"end":{"line":112,"column":46}},"53":{"start":{"line":113,"column":0},"end":{"line":117,"column":2}},"54":{"start":{"line":114,"column":2},"end":{"line":116,"column":4}},"55":{"start":{"line":115,"column":4},"end":{"line":115,"column":69}},"56":{"start":{"line":115,"column":55},"end":{"line":115,"column":69}},"57":{"start":{"line":119,"column":14},"end":{"line":119,"column":69}},"58":{"start":{"line":120,"column":0},"end":{"line":120,"column":68}},"59":{"start":{"line":120,"column":39},"end":{"line":120,"column":66}}},"fnMap":{"0":{"name":"(anonymous_1)","decl":{"start":{"line":71,"column":31},"end":{"line":71,"column":32}},"loc":{"start":{"line":71,"column":48},"end":{"line":80,"column":1}}},"1":{"name":"(anonymous_2)","decl":{"start":{"line":82,"column":24},"end":{"line":82,"column":27}},"loc":{"start":{"line":82,"column":29},"end":{"line":88,"column":1}}},"2":{"name":"(anonymous_3)","decl":{"start":{"line":84,"column":14},"end":{"line":84,"column":15}},"loc":{"start":{"line":84,"column":21},"end":{"line":87,"column":3}}},"3":{"name":"(anonymous_4)","decl":{"start":{"line":103,"column":20},"end":{"line":103,"column":29}},"loc":{"start":{"line":103,"column":31},"end":{"line":110,"column":1}}},"4":{"name":"(anonymous_5)","decl":{"start":{"line":113,"column":32},"end":{"line":113,"column":33}},"loc":{"start":{"line":114,"column":2},"end":{"line":116,"column":4}}},"5":{"name":"(anonymous_6)","decl":{"start":{"line":114,"column":31},"end":{"line":114,"column":34}},"loc":{"start":{"line":114,"column":36},"end":{"line":116,"column":3}}},"6":{"name":"(anonymous_7)","decl":{"start":{"line":120,"column":33},"end":{"line":120,"column":36}},"loc":{"start":{"line":120,"column":39},"end":{"line":120,"column":66}}}},"branchMap":{"0":{"loc":{"start":{"line":86,"column":4},"end":{"line":86,"column":39}},"type":"cond-expr","locations":[{"start":{"line":86,"column":11},"end":{"line":86,"column":13}},{"start":{"line":86,"column":4},"end":{"line":86,"column":39}}]},"1":{"loc":{"start":{"line":86,"column":4},"end":{"line":86,"column":13}},"type":"binary-expr","locations":[{"start":{"line":86,"column":4},"end":{"line":86,"column":13}},{"start":{"line":86,"column":4},"end":{"line":86,"column":13}}]},"2":{"loc":{"start":{"line":115,"column":4},"end":{"line":115,"column":69}},"type":"if","locations":[{"start":{"line":115,"column":4},"end":{"line":115,"column":69}}]}},"s":{"0":1,"1":1,"2":1,"3":1,"4":1,"5":1,"6":1,"7":1,"8":1,"9":1,"10":1,"11":1,"12":1,"13":1,"14":1,"15":1,"16":1,"17":1,"18":1,"19":1,"20":1,"21":1,"22":1,"23":1,"24":1,"25":8,"26":8,"27":8,"28":8,"29":8,"30":8,"31":8,"32":1,"33":4,"34":4,"35":16,"36":16,"37":1,"38":1,"39":1,"40":1,"41":1,"42":4,"43":4,"44":4,"45":1,"46":1,"47":0,"48":0,"49":0,"50":0,"51":0,"52":1,"53":1,"54":8,"55":0,"56":0,"57":1,"58":1,"59":0},"f":{"0":8,"1":4,"2":16,"3":0,"4":8,"5":0,"6":0},"b":{"0":[0,16],"1":[16,16],"2":[0]}}
,"C:\\Users\\User\\OneDrive\\Рабочий стол\\RSSchool\\e-commerce\\eCommerce-Application\\src\\view\\pages\\404\\404.ts": {"path":"C:\\Users\\User\\OneDrive\\Рабочий стол\\RSSchool\\e-commerce\\eCommerce-Application\\src\\view\\pages\\404\\404.ts","statementMap":{"0":{"start":{"line":1,"column":0},"end":{"line":1,"column":63}},"1":{"start":{"line":3,"column":18},"end":{"line":3,"column":47}},"2":{"start":{"line":4,"column":0},"end":{"line":4,"column":33}},"3":{"start":{"line":6,"column":14},"end":{"line":6,"column":43}},"4":{"start":{"line":7,"column":0},"end":{"line":7,"column":36}},"5":{"start":{"line":8,"column":0},"end":{"line":8,"column":16}},"6":{"start":{"line":10,"column":13},"end":{"line":10,"column":40}},"7":{"start":{"line":11,"column":0},"end":{"line":11,"column":34}},"8":{"start":{"line":12,"column":0},"end":{"line":12,"column":43}},"9":{"start":{"line":13,"column":0},"end":{"line":13,"column":16}},"10":{"start":{"line":15,"column":0},"end":{"line":15,"column":30}},"11":{"start":{"line":17,"column":0},"end":{"line":17,"column":25}}},"fnMap":{},"branchMap":{},"s":{"0":1,"1":1,"2":1,"3":1,"4":1,"5":1,"6":1,"7":1,"8":1,"9":1,"10":1,"11":1},"f":{},"b":{}}
,"C:\\Users\\User\\OneDrive\\Рабочий стол\\RSSchool\\e-commerce\\eCommerce-Application\\src\\view\\pages\\login\\login.ts": {"path":"C:\\Users\\User\\OneDrive\\Рабочий стол\\RSSchool\\e-commerce\\eCommerce-Application\\src\\view\\pages\\login\\login.ts","statementMap":{"0":{"start":{"line":2,"column":0},"end":{"line":2,"column":66}},"1":{"start":{"line":3,"column":0},"end":{"line":3,"column":44}},"2":{"start":{"line":6,"column":20},"end":{"line":6,"column":50}},"3":{"start":{"line":7,"column":2},"end":{"line":7,"column":43}},"4":{"start":{"line":9,"column":34},"end":{"line":17,"column":4}},"5":{"start":{"line":19,"column":37},"end":{"line":28,"column":4}},"6":{"start":{"line":30,"column":17},"end":{"line":30,"column":48}},"7":{"start":{"line":31,"column":2},"end":{"line":44,"column":5}},"8":{"start":{"line":32,"column":18},"end":{"line":32,"column":38}},"9":{"start":{"line":33,"column":4},"end":{"line":42,"column":null}},"10":{"start":{"line":34,"column":27},"end":{"line":39,"column":8}},"11":{"start":{"line":41,"column":6},"end":{"line":41,"column":33}},"12":{"start":{"line":43,"column":4},"end":{"line":43,"column":28}},"13":{"start":{"line":46,"column":20},"end":{"line":46,"column":52}},"14":{"start":{"line":47,"column":2},"end":{"line":47,"column":35}},"15":{"start":{"line":48,"column":2},"end":{"line":48,"column":28}},"16":{"start":{"line":49,"column":2},"end":{"line":49,"column":45}},"17":{"start":{"line":51,"column":2},"end":{"line":51,"column":30}},"18":{"start":{"line":52,"column":2},"end":{"line":52,"column":35}},"19":{"start":{"line":54,"column":2},"end":{"line":54,"column":19}},"20":{"start":{"line":57,"column":18},"end":{"line":57,"column":47}},"21":{"start":{"line":58,"column":0},"end":{"line":58,"column":38}},"22":{"start":{"line":60,"column":15},"end":{"line":60,"column":43}},"23":{"start":{"line":61,"column":0},"end":{"line":61,"column":53}},"24":{"start":{"line":62,"column":0},"end":{"line":62,"column":40}},"25":{"start":{"line":64,"column":13},"end":{"line":64,"column":30}},"26":{"start":{"line":66,"column":21},"end":{"line":66,"column":48}},"27":{"start":{"line":67,"column":0},"end":{"line":68,"column":103}},"28":{"start":{"line":69,"column":0},"end":{"line":69,"column":48}},"29":{"start":{"line":71,"column":0},"end":{"line":71,"column":45}},"30":{"start":{"line":73,"column":0},"end":{"line":73,"column":25}}},"fnMap":{"0":{"name":"createLoginForm","decl":{"start":{"line":5,"column":9},"end":{"line":5,"column":24}},"loc":{"start":{"line":5,"column":24},"end":{"line":55,"column":1}}},"1":{"name":"(anonymous_2)","decl":{"start":{"line":31,"column":17},"end":{"line":31,"column":18}},"loc":{"start":{"line":31,"column":25},"end":{"line":44,"column":3}}}},"branchMap":{"0":{"loc":{"start":{"line":33,"column":4},"end":{"line":42,"column":null}},"type":"if","locations":[{"start":{"line":33,"column":4},"end":{"line":42,"column":null}}]}},"s":{"0":1,"1":1,"2":1,"3":1,"4":1,"5":1,"6":1,"7":1,"8":2,"9":2,"10":1,"11":1,"12":2,"13":1,"14":1,"15":1,"16":1,"17":1,"18":1,"19":1,"20":1,"21":1,"22":1,"23":1,"24":1,"25":1,"26":1,"27":1,"28":1,"29":1,"30":1},"f":{"0":1,"1":2},"b":{"0":[1]}}
,"C:\\Users\\User\\OneDrive\\Рабочий стол\\RSSchool\\e-commerce\\eCommerce-Application\\src\\view\\pages\\login\\resultMessage.ts": {"path":"C:\\Users\\User\\OneDrive\\Рабочий стол\\RSSchool\\e-commerce\\eCommerce-Application\\src\\view\\pages\\login\\resultMessage.ts","statementMap":{"0":{"start":{"line":1,"column":22},"end":{"line":1,"column":51}},"1":{"start":{"line":2,"column":0},"end":{"line":2,"column":70}},"2":{"start":{"line":4,"column":19},"end":{"line":4,"column":46}},"3":{"start":{"line":5,"column":0},"end":{"line":5,"column":52}},"4":{"start":{"line":6,"column":0},"end":{"line":6,"column":45}},"5":{"start":{"line":8,"column":0},"end":{"line":8,"column":33}},"6":{"start":{"line":10,"column":0},"end":{"line":10,"column":29}}},"fnMap":{},"branchMap":{},"s":{"0":1,"1":1,"2":1,"3":1,"4":1,"5":1,"6":1},"f":{},"b":{}}
,"C:\\Users\\User\\OneDrive\\Рабочий стол\\RSSchool\\e-commerce\\eCommerce-Application\\src\\view\\pages\\main\\main.ts": {"path":"C:\\Users\\User\\OneDrive\\Рабочий стол\\RSSchool\\e-commerce\\eCommerce-Application\\src\\view\\pages\\main\\main.ts","statementMap":{"0":{"start":{"line":4,"column":17},"end":{"line":4,"column":46}},"1":{"start":{"line":5,"column":0},"end":{"line":5,"column":36}},"2":{"start":{"line":7,"column":15},"end":{"line":7,"column":43}},"3":{"start":{"line":8,"column":0},"end":{"line":8,"column":42}},"4":{"start":{"line":9,"column":0},"end":{"line":9,"column":45}},"5":{"start":{"line":11,"column":25},"end":{"line":11,"column":52}},"6":{"start":{"line":12,"column":0},"end":{"line":12,"column":63}},"7":{"start":{"line":13,"column":0},"end":{"line":13,"column":80}},"8":{"start":{"line":15,"column":22},"end":{"line":15,"column":49}},"9":{"start":{"line":16,"column":0},"end":{"line":16,"column":44}},"10":{"start":{"line":17,"column":0},"end":{"line":17,"column":52}},"11":{"start":{"line":18,"column":0},"end":{"line":18,"column":32}},"12":{"start":{"line":20,"column":0},"end":{"line":20,"column":57}},"13":{"start":{"line":22,"column":16},"end":{"line":26,"column":2}},"14":{"start":{"line":28,"column":0},"end":{"line":33,"column":3}},"15":{"start":{"line":29,"column":22},"end":{"line":29,"column":49}},"16":{"start":{"line":30,"column":2},"end":{"line":30,"column":55}},"17":{"start":{"line":31,"column":2},"end":{"line":31,"column":33}},"18":{"start":{"line":32,"column":2},"end":{"line":32,"column":31}},"19":{"start":{"line":35,"column":0},"end":{"line":35,"column":24}}},"fnMap":{"0":{"name":"(anonymous_0)","decl":{"start":{"line":28,"column":16},"end":{"line":28,"column":17}},"loc":{"start":{"line":28,"column":25},"end":{"line":33,"column":1}}}},"branchMap":{},"s":{"0":1,"1":1,"2":1,"3":1,"4":1,"5":1,"6":1,"7":1,"8":1,"9":1,"10":1,"11":1,"12":1,"13":1,"14":1,"15":3,"16":3,"17":3,"18":3,"19":1},"f":{"0":3},"b":{}}
,"C:\\Users\\User\\OneDrive\\Рабочий стол\\RSSchool\\e-commerce\\eCommerce-Application\\src\\view\\pages\\registration\\defaultCheckbox.ts": {"path":"C:\\Users\\User\\OneDrive\\Рабочий стол\\RSSchool\\e-commerce\\eCommerce-Application\\src\\view\\pages\\registration\\defaultCheckbox.ts","statementMap":{"0":{"start":{"line":1,"column":0},"end":{"line":1,"column":66}},"1":{"start":{"line":3,"column":32},"end":{"line":8,"column":2}},"2":{"start":{"line":10,"column":0},"end":{"line":10,"column":39}}},"fnMap":{},"branchMap":{},"s":{"0":1,"1":1,"2":1},"f":{},"b":{}}
,"C:\\Users\\User\\OneDrive\\Рабочий стол\\RSSchool\\e-commerce\\eCommerce-Application\\src\\view\\pages\\registration\\registration.ts": {"path":"C:\\Users\\User\\OneDrive\\Рабочий стол\\RSSchool\\e-commerce\\eCommerce-Application\\src\\view\\pages\\registration\\registration.ts","statementMap":{"0":{"start":{"line":1,"column":0},"end":{"line":1,"column":54}},"1":{"start":{"line":3,"column":0},"end":{"line":3,"column":66}},"2":{"start":{"line":4,"column":0},"end":{"line":4,"column":56}},"3":{"start":{"line":5,"column":0},"end":{"line":5,"column":44}},"4":{"start":{"line":7,"column":27},"end":{"line":95,"column":1}},"5":{"start":{"line":8,"column":16},"end":{"line":8,"column":45}},"6":{"start":{"line":9,"column":2},"end":{"line":9,"column":55}},"7":{"start":{"line":15,"column":30},"end":{"line":21,"column":4}},"8":{"start":{"line":23,"column":35},"end":{"line":31,"column":4}},"9":{"start":{"line":33,"column":33},"end":{"line":42,"column":4}},"10":{"start":{"line":44,"column":37},"end":{"line":52,"column":4}},"11":{"start":{"line":54,"column":15},"end":{"line":54,"column":43}},"12":{"start":{"line":55,"column":17},"end":{"line":55,"column":47}},"13":{"start":{"line":56,"column":19},"end":{"line":56,"column":51}},"14":{"start":{"line":58,"column":23},"end":{"line":58,"column":52}},"15":{"start":{"line":59,"column":2},"end":{"line":59,"column":44}},"16":{"start":{"line":61,"column":27},"end":{"line":61,"column":56}},"17":{"start":{"line":62,"column":2},"end":{"line":62,"column":57}},"18":{"start":{"line":64,"column":23},"end":{"line":64,"column":54}},"19":{"start":{"line":65,"column":2},"end":{"line":65,"column":49}},"20":{"start":{"line":66,"column":2},"end":{"line":66,"column":40}},"21":{"start":{"line":67,"column":2},"end":{"line":67,"column":44}},"22":{"start":{"line":69,"column":27},"end":{"line":69,"column":59}},"23":{"start":{"line":70,"column":2},"end":{"line":70,"column":50}},"24":{"start":{"line":71,"column":2},"end":{"line":71,"column":78}},"25":{"start":{"line":72,"column":2},"end":{"line":72,"column":70}},"26":{"start":{"line":74,"column":25},"end":{"line":74,"column":52}},"27":{"start":{"line":75,"column":2},"end":{"line":75,"column":46}},"28":{"start":{"line":77,"column":2},"end":{"line":77,"column":58}},"29":{"start":{"line":79,"column":2},"end":{"line":79,"column":56}},"30":{"start":{"line":81,"column":2},"end":{"line":86,"column":5}},"31":{"start":{"line":82,"column":19},"end":{"line":82,"column":51}},"32":{"start":{"line":83,"column":4},"end":{"line":83,"column":22}},"33":{"start":{"line":84,"column":4},"end":{"line":84,"column":28}},"34":{"start":{"line":85,"column":4},"end":{"line":85,"column":36}},"35":{"start":{"line":88,"column":2},"end":{"line":88,"column":74}},"36":{"start":{"line":90,"column":2},"end":{"line":92,"column":null}},"37":{"start":{"line":91,"column":4},"end":{"line":91,"column":42}},"38":{"start":{"line":94,"column":2},"end":{"line":94,"column":15}},"39":{"start":{"line":97,"column":28},"end":{"line":103,"column":1}},"40":{"start":{"line":98,"column":17},"end":{"line":98,"column":49}},"41":{"start":{"line":99,"column":2},"end":{"line":99,"column":44}},"42":{"start":{"line":100,"column":2},"end":{"line":100,"column":47}},"43":{"start":{"line":102,"column":2},"end":{"line":102,"column":16}},"44":{"start":{"line":105,"column":13},"end":{"line":105,"column":65}},"45":{"start":{"line":106,"column":13},"end":{"line":106,"column":67}},"46":{"start":{"line":107,"column":13},"end":{"line":107,"column":51}},"47":{"start":{"line":109,"column":23},"end":{"line":138,"column":1}},"48":{"start":{"line":110,"column":22},"end":{"line":110,"column":42}},"49":{"start":{"line":120,"column":19},"end":{"line":120,"column":27}},"50":{"start":{"line":121,"column":22},"end":{"line":121,"column":25}},"51":{"start":{"line":122,"column":25},"end":{"line":122,"column":26}},"52":{"start":{"line":123,"column":25},"end":{"line":123,"column":27}},"53":{"start":{"line":126,"column":4},"end":{"line":126,"column":62}},"54":{"start":{"line":127,"column":23},"end":{"line":127,"column":69}},"55":{"start":{"line":128,"column":19},"end":{"line":128,"column":76}},"56":{"start":{"line":129,"column":17},"end":{"line":129,"column":67}},"57":{"start":{"line":131,"column":20},"end":{"line":135,"column":4}},"58":{"start":{"line":137,"column":2},"end":{"line":137,"column":19}},"59":{"start":{"line":141,"column":34},"end":{"line":149,"column":4}},"60":{"start":{"line":151,"column":37},"end":{"line":160,"column":4}},"61":{"start":{"line":162,"column":41},"end":{"line":168,"column":4}},"62":{"start":{"line":170,"column":43},"end":{"line":178,"column":4}},"63":{"start":{"line":180,"column":38},"end":{"line":188,"column":4}},"64":{"start":{"line":190,"column":37},"end":{"line":198,"column":4}},"65":{"start":{"line":200,"column":32},"end":{"line":208,"column":4}},"66":{"start":{"line":210,"column":38},"end":{"line":220,"column":4}},"67":{"start":{"line":222,"column":20},"end":{"line":230,"column":4}},"68":{"start":{"line":232,"column":18},"end":{"line":232,"column":48}},"69":{"start":{"line":233,"column":2},"end":{"line":233,"column":39}},"70":{"start":{"line":235,"column":2},"end":{"line":242,"column":5}},"71":{"start":{"line":236,"column":18},"end":{"line":236,"column":38}},"72":{"start":{"line":237,"column":4},"end":{"line":240,"column":null}},"73":{"start":{"line":238,"column":27},"end":{"line":238,"column":63}},"74":{"start":{"line":239,"column":6},"end":{"line":239,"column":33}},"75":{"start":{"line":241,"column":4},"end":{"line":241,"column":26}},"76":{"start":{"line":244,"column":20},"end":{"line":244,"column":52}},"77":{"start":{"line":245,"column":2},"end":{"line":245,"column":54}},"78":{"start":{"line":246,"column":2},"end":{"line":246,"column":28}},"79":{"start":{"line":247,"column":2},"end":{"line":247,"column":43}},"80":{"start":{"line":249,"column":2},"end":{"line":249,"column":65}},"81":{"start":{"line":250,"column":2},"end":{"line":250,"column":33}},"82":{"start":{"line":252,"column":2},"end":{"line":252,"column":17}},"83":{"start":{"line":255,"column":29},"end":{"line":266,"column":1}},"84":{"start":{"line":256,"column":23},"end":{"line":256,"column":50}},"85":{"start":{"line":257,"column":2},"end":{"line":257,"column":48}},"86":{"start":{"line":258,"column":2},"end":{"line":258,"column":57}},"87":{"start":{"line":260,"column":23},"end":{"line":260,"column":50}},"88":{"start":{"line":261,"column":2},"end":{"line":261,"column":56}},"89":{"start":{"line":262,"column":2},"end":{"line":262,"column":31}},"90":{"start":{"line":263,"column":2},"end":{"line":263,"column":51}},"91":{"start":{"line":264,"column":2},"end":{"line":264,"column":36}},"92":{"start":{"line":265,"column":2},"end":{"line":265,"column":22}},"93":{"start":{"line":268,"column":25},"end":{"line":268,"column":54}},"94":{"start":{"line":269,"column":0},"end":{"line":269,"column":43}},"95":{"start":{"line":271,"column":15},"end":{"line":271,"column":43}},"96":{"start":{"line":272,"column":0},"end":{"line":272,"column":53}},"97":{"start":{"line":273,"column":0},"end":{"line":273,"column":38}},"98":{"start":{"line":275,"column":25},"end":{"line":275,"column":47}},"99":{"start":{"line":277,"column":13},"end":{"line":277,"column":37}},"100":{"start":{"line":279,"column":0},"end":{"line":279,"column":56}},"101":{"start":{"line":281,"column":0},"end":{"line":281,"column":32}}},"fnMap":{"0":{"name":"(anonymous_1)","decl":{"start":{"line":7,"column":27},"end":{"line":7,"column":28}},"loc":{"start":{"line":7,"column":72},"end":{"line":95,"column":1}}},"1":{"name":"(anonymous_2)","decl":{"start":{"line":81,"column":33},"end":{"line":81,"column":34}},"loc":{"start":{"line":81,"column":40},"end":{"line":86,"column":3}}},"2":{"name":"(anonymous_3)","decl":{"start":{"line":97,"column":28},"end":{"line":97,"column":50}},"loc":{"start":{"line":97,"column":52},"end":{"line":103,"column":1}}},"3":{"name":"(anonymous_4)","decl":{"start":{"line":109,"column":23},"end":{"line":109,"column":26}},"loc":{"start":{"line":109,"column":28},"end":{"line":138,"column":1}}},"4":{"name":"createRegistrationForm","decl":{"start":{"line":140,"column":9},"end":{"line":140,"column":31}},"loc":{"start":{"line":140,"column":31},"end":{"line":253,"column":1}}},"5":{"name":"(anonymous_6)","decl":{"start":{"line":235,"column":20},"end":{"line":235,"column":21}},"loc":{"start":{"line":235,"column":28},"end":{"line":242,"column":3}}},"6":{"name":"(anonymous_7)","decl":{"start":{"line":255,"column":29},"end":{"line":255,"column":54}},"loc":{"start":{"line":255,"column":56},"end":{"line":266,"column":1}}}},"branchMap":{"0":{"loc":{"start":{"line":90,"column":2},"end":{"line":92,"column":null}},"type":"if","locations":[{"start":{"line":90,"column":2},"end":{"line":92,"column":null}}]},"1":{"loc":{"start":{"line":237,"column":4},"end":{"line":240,"column":null}},"type":"if","locations":[{"start":{"line":237,"column":4},"end":{"line":240,"column":null}}]}},"s":{"0":1,"1":1,"2":1,"3":1,"4":1,"5":2,"6":2,"7":2,"8":2,"9":2,"10":2,"11":2,"12":2,"13":2,"14":2,"15":2,"16":2,"17":2,"18":2,"19":2,"20":2,"21":2,"22":2,"23":2,"24":2,"25":2,"26":2,"27":2,"28":2,"29":2,"30":2,"31":54,"32":54,"33":54,"34":54,"35":2,"36":2,"37":1,"38":2,"39":1,"40":1,"41":1,"42":1,"43":1,"44":1,"45":1,"46":1,"47":1,"48":3,"49":3,"50":3,"51":3,"52":3,"53":3,"54":3,"55":3,"56":3,"57":3,"58":3,"59":1,"60":1,"61":1,"62":1,"63":1,"64":1,"65":1,"66":1,"67":1,"68":1,"69":1,"70":1,"71":7,"72":7,"73":2,"74":2,"75":7,"76":1,"77":1,"78":1,"79":1,"80":1,"81":1,"82":1,"83":1,"84":1,"85":1,"86":1,"87":1,"88":1,"89":1,"90":1,"91":1,"92":1,"93":1,"94":1,"95":1,"96":1,"97":1,"98":1,"99":1,"100":1,"101":1},"f":{"0":2,"1":54,"2":1,"3":3,"4":1,"5":7,"6":1},"b":{"0":[1],"1":[2]}}
,"C:\\Users\\User\\OneDrive\\Рабочий стол\\RSSchool\\e-commerce\\eCommerce-Application\\src\\view\\pages\\registration\\resultMessage.ts": {"path":"C:\\Users\\User\\OneDrive\\Рабочий стол\\RSSchool\\e-commerce\\eCommerce-Application\\src\\view\\pages\\registration\\resultMessage.ts","statementMap":{"0":{"start":{"line":1,"column":22},"end":{"line":1,"column":51}},"1":{"start":{"line":2,"column":0},"end":{"line":2,"column":68}},"2":{"start":{"line":4,"column":19},"end":{"line":4,"column":46}},"3":{"start":{"line":5,"column":0},"end":{"line":5,"column":50}},"4":{"start":{"line":6,"column":0},"end":{"line":6,"column":51}},"5":{"start":{"line":8,"column":0},"end":{"line":8,"column":33}},"6":{"start":{"line":10,"column":0},"end":{"line":10,"column":29}}},"fnMap":{},"branchMap":{},"s":{"0":1,"1":1,"2":1,"3":1,"4":1,"5":1,"6":1},"f":{},"b":{}}
}
