TN:
SF:src\index.ts
FNF:0
FNH:0
DA:1,0
DA:2,0
LF:2
LH:0
BRF:0
BRH:0
end_of_record
TN:
SF:src\assets\index.d.ts
FNF:0
FNH:0
LF:0
LH:0
BRF:0
BRH:0
end_of_record
TN:
SF:src\controller\aboutPageHandlers.ts
FN:1,aboutPageLoaded
FNF:1
FNH:0
FNDA:0,aboutPageLoaded
DA:2,0
DA:3,0
DA:8,0
LF:3
LH:0
BRDA:3,0,0,0
BRF:1
BRH:0
end_of_record
TN:
SF:src\controller\application.ts
FN:6,showResultMessage
FN:16,(anonymous_10)
FN:23,updateCustomer
FN:24,(anonymous_13)
FN:24,(anonymous_14)
FN:39,contentLoaded
FNF:6
FNH:0
FNDA:0,showResultMessage
FNDA:0,(anonymous_10)
FNDA:0,updateCustomer
FNDA:0,(anonymous_13)
FNDA:0,(anonymous_14)
FNDA:0,contentLoaded
DA:1,0
DA:2,0
DA:4,0
DA:6,0
DA:10,0
DA:11,0
DA:12,0
DA:14,0
DA:16,0
DA:17,0
DA:18,0
DA:20,0
DA:24,0
DA:25,0
DA:26,0
DA:27,0
DA:28,0
DA:29,0
DA:30,0
DA:32,0
DA:40,0
DA:42,0
LF:22
LH:0
BRDA:11,0,0,0
BRDA:11,0,1,0
BRDA:26,1,0,0
BRDA:28,2,0,0
BRDA:28,2,1,0
BRF:5
BRH:0
end_of_record
TN:
SF:src\controller\basketPageHandlers.ts
FN:7,applyPromo
FN:31,basketPageLoaded
FNF:2
FNH:0
FNDA:0,applyPromo
FNDA:0,basketPageLoaded
DA:1,0
DA:2,0
DA:3,0
DA:4,0
DA:5,0
DA:8,0
DA:9,0
DA:10,0
DA:11,0
DA:12,0
DA:17,0
DA:18,0
DA:20,0
DA:24,0
DA:26,0
DA:29,0
DA:32,0
DA:33,0
DA:34,0
DA:38,0
LF:20
LH:0
BRDA:11,0,0,0
BRDA:17,1,0,0
BRDA:17,1,1,0
BRDA:33,2,0,0
BRF:4
BRH:0
end_of_record
TN:
SF:src\controller\catalogBasketHandlers.ts
FN:10,disableBasketBtn
FN:17,clickBasketBtn
FN:33,tuneWithCart
FN:37,(anonymous_12)
FNF:4
FNH:0
FNDA:0,disableBasketBtn
FNDA:0,clickBasketBtn
FNDA:0,tuneWithCart
FNDA:0,(anonymous_12)
DA:2,0
DA:3,0
DA:4,0
DA:6,0
DA:7,0
DA:8,0
DA:10,0
DA:11,0
DA:12,0
DA:13,0
DA:14,0
DA:17,0
DA:18,0
DA:19,0
DA:20,0
DA:21,0
DA:22,0
DA:23,0
DA:24,0
DA:25,0
DA:26,0
DA:28,0
DA:30,0
DA:33,0
DA:34,0
DA:35,0
DA:36,0
DA:37,0
DA:38,0
LF:29
LH:0
BRDA:20,0,0,0
BRDA:20,0,1,0
BRDA:20,1,0,0
BRDA:20,1,1,0
BRDA:24,2,0,0
BRDA:24,2,1,0
BRDA:36,3,0,0
BRDA:38,4,0,0
BRF:8
BRH:0
end_of_record
TN:
SF:src\controller\catalogPageHandlers.ts
FN:7,(anonymous_13)
FN:21,(anonymous_14)
FN:33,addFilterBlcokListeners
FN:34,(anonymous_16)
FN:38,(anonymous_17)
FN:41,(anonymous_18)
FN:42,(anonymous_19)
FN:46,pageLoaded
FNF:8
FNH:0
FNDA:0,(anonymous_13)
FNDA:0,(anonymous_14)
FNDA:0,addFilterBlcokListeners
FNDA:0,(anonymous_16)
FNDA:0,(anonymous_17)
FNDA:0,(anonymous_18)
FNDA:0,(anonymous_19)
FNDA:0,pageLoaded
DA:1,0
DA:2,0
DA:3,0
DA:4,0
DA:7,0
DA:11,0
DA:12,0
DA:13,0
DA:14,0
DA:16,0
DA:17,0
DA:21,0
DA:22,0
DA:34,0
DA:35,0
DA:36,0
DA:37,0
DA:38,0
DA:41,0
DA:42,0
DA:47,0
DA:48,0
DA:49,0
DA:50,0
DA:51,0
DA:52,0
DA:56,0
LF:27
LH:0
BRDA:11,0,0,0
BRDA:11,0,1,0
BRDA:11,1,0,0
BRDA:11,1,1,0
BRDA:12,2,0,0
BRDA:12,2,1,0
BRDA:49,3,0,0
BRF:7
BRH:0
end_of_record
TN:
SF:src\controller\controllers.ts
FNF:0
FNH:0
DA:1,0
DA:2,0
DA:3,0
DA:4,0
DA:5,0
DA:6,0
DA:7,0
DA:8,0
DA:9,0
DA:10,0
DA:11,0
DA:12,0
DA:13,0
DA:14,0
DA:15,0
DA:16,0
DA:17,0
DA:18,0
DA:19,0
DA:20,0
LF:20
LH:0
BRF:0
BRH:0
end_of_record
TN:
SF:src\controller\errorHanlders.ts
FN:3,(anonymous_1)
FN:14,(anonymous_2)
FN:33,(anonymous_3)
FN:45,(anonymous_4)
FNF:4
FNH:4
FNDA:2,(anonymous_1)
FNDA:7,(anonymous_2)
FNDA:4,(anonymous_3)
FNDA:1,(anonymous_4)
DA:1,3
DA:3,3
DA:4,2
DA:5,2
DA:7,2
DA:8,0
DA:10,2
DA:11,2
DA:14,3
DA:19,7
DA:20,7
DA:21,7
DA:22,3
DA:23,3
DA:24,3
DA:26,4
DA:27,4
DA:28,4
DA:29,4
DA:33,3
DA:34,4
DA:35,4
DA:36,4
DA:37,4
DA:38,4
DA:39,1
DA:41,4
DA:45,3
DA:46,1
DA:47,1
DA:48,1
LF:31
LH:30
BRDA:5,0,0,0
BRDA:5,0,1,2
BRDA:5,1,0,2
BRDA:5,1,1,2
BRDA:5,2,0,0
BRDA:5,2,1,2
BRDA:5,3,0,2
BRDA:5,3,1,2
BRDA:7,4,0,0
BRDA:7,5,0,0
BRDA:7,5,1,2
BRDA:7,6,0,2
BRDA:7,6,1,2
BRDA:8,7,0,0
BRDA:8,7,1,0
BRDA:8,8,0,0
BRDA:8,8,1,0
BRDA:8,9,0,0
BRDA:8,9,1,0
BRDA:8,10,0,0
BRDA:8,10,1,0
BRDA:8,11,0,0
BRDA:8,11,1,0
BRDA:8,12,0,0
BRDA:8,12,1,0
BRDA:19,13,0,7
BRDA:19,13,1,1
BRDA:19,14,0,0
BRDA:19,14,1,1
BRDA:19,15,0,1
BRDA:19,15,1,1
BRDA:21,16,0,3
BRDA:21,16,1,4
BRDA:24,17,0,3
BRDA:28,18,0,4
BRDA:29,19,0,4
BRDA:29,19,1,1
BRDA:35,20,0,4
BRDA:38,21,0,1
BRDA:47,22,0,1
BRDA:47,22,1,1
BRF:41
BRH:24
end_of_record
TN:
SF:src\controller\fillBasket.ts
FN:14,(anonymous_7)
FN:23,(anonymous_8)
FN:26,(anonymous_9)
FN:29,(anonymous_10)
FN:32,(anonymous_11)
FN:35,(anonymous_12)
FN:77,(anonymous_13)
FN:93,(anonymous_14)
FN:178,(anonymous_15)
FN:178,(anonymous_16)
FN:189,(anonymous_17)
FNF:11
FNH:0
FNDA:0,(anonymous_7)
FNDA:0,(anonymous_8)
FNDA:0,(anonymous_9)
FNDA:0,(anonymous_10)
FNDA:0,(anonymous_11)
FNDA:0,(anonymous_12)
FNDA:0,(anonymous_13)
FNDA:0,(anonymous_14)
FNDA:0,(anonymous_15)
FNDA:0,(anonymous_16)
FNDA:0,(anonymous_17)
DA:2,0
DA:3,0
DA:10,0
DA:12,0
DA:14,0
DA:15,0
DA:16,0
DA:17,0
DA:18,0
DA:20,0
DA:22,0
DA:23,0
DA:25,0
DA:26,0
DA:28,0
DA:29,0
DA:31,0
DA:32,0
DA:34,0
DA:35,0
DA:38,0
DA:40,0
DA:43,0
DA:45,0
DA:46,0
DA:48,0
DA:63,0
DA:65,0
DA:66,0
DA:68,0
DA:70,0
DA:72,0
DA:74,0
DA:77,0
DA:78,0
DA:79,0
DA:80,0
DA:82,0
DA:83,0
DA:84,0
DA:86,0
DA:87,0
DA:89,0
DA:90,0
DA:91,0
DA:93,0
DA:94,0
DA:97,0
DA:98,0
DA:99,0
DA:101,0
DA:102,0
DA:103,0
DA:105,0
DA:107,0
DA:108,0
DA:110,0
DA:111,0
DA:113,0
DA:114,0
DA:115,0
DA:116,0
DA:118,0
DA:119,0
DA:120,0
DA:121,0
DA:123,0
DA:126,0
DA:127,0
DA:128,0
DA:129,0
DA:133,0
DA:136,0
DA:138,0
DA:140,0
DA:141,0
DA:143,0
DA:144,0
DA:145,0
DA:146,0
DA:148,0
DA:149,0
DA:150,0
DA:151,0
DA:153,0
DA:154,0
DA:155,0
DA:157,0
DA:159,0
DA:160,0
DA:161,0
DA:163,0
DA:164,0
DA:166,0
DA:167,0
DA:168,0
DA:169,0
DA:171,0
DA:173,0
DA:175,0
DA:178,0
DA:179,0
DA:180,0
DA:181,0
DA:182,0
DA:183,0
DA:184,0
DA:185,0
DA:187,0
DA:188,0
DA:189,0
DA:190,0
DA:191,0
DA:194,0
DA:198,0
DA:199,0
DA:202,0
DA:203,0
LF:118
LH:0
BRDA:17,0,0,0
BRDA:22,1,0,0
BRDA:22,1,1,0
BRDA:22,2,0,0
BRDA:22,2,1,0
BRDA:22,3,0,0
BRDA:22,3,1,0
BRDA:22,4,0,0
BRDA:22,4,1,0
BRDA:25,5,0,0
BRDA:25,5,1,0
BRDA:25,6,0,0
BRDA:25,6,1,0
BRDA:25,7,0,0
BRDA:25,7,1,0
BRDA:25,8,0,0
BRDA:25,8,1,0
BRDA:28,9,0,0
BRDA:28,9,1,0
BRDA:28,10,0,0
BRDA:28,10,1,0
BRDA:28,11,0,0
BRDA:28,11,1,0
BRDA:28,12,0,0
BRDA:28,12,1,0
BRDA:31,13,0,0
BRDA:31,13,1,0
BRDA:31,14,0,0
BRDA:31,14,1,0
BRDA:31,15,0,0
BRDA:31,15,1,0
BRDA:31,16,0,0
BRDA:31,16,1,0
BRDA:34,17,0,0
BRDA:34,17,1,0
BRDA:34,18,0,0
BRDA:34,18,1,0
BRDA:34,19,0,0
BRDA:34,19,1,0
BRDA:34,20,0,0
BRDA:34,20,1,0
BRDA:40,21,0,0
BRDA:40,21,1,0
BRDA:63,22,0,0
BRDA:68,23,0,0
BRDA:120,24,0,0
BRDA:120,24,1,0
BRDA:128,25,0,0
BRDA:128,25,1,0
BRDA:183,26,0,0
BRDA:183,26,1,0
BRF:51
BRH:0
end_of_record
TN:
SF:src\controller\fillCatalogPage.ts
FN:10,(anonymous_8)
FN:11,(anonymous_9)
FN:14,(anonymous_10)
FN:27,(anonymous_11)
FN:31,(anonymous_12)
FN:37,(anonymous_13)
FN:38,(anonymous_14)
FN:38,(anonymous_15)
FN:40,(anonymous_16)
FN:52,(anonymous_17)
FN:53,(anonymous_18)
FN:59,(anonymous_19)
FN:59,(anonymous_20)
FN:74,(anonymous_21)
FN:79,(anonymous_22)
FNF:15
FNH:0
FNDA:0,(anonymous_8)
FNDA:0,(anonymous_9)
FNDA:0,(anonymous_10)
FNDA:0,(anonymous_11)
FNDA:0,(anonymous_12)
FNDA:0,(anonymous_13)
FNDA:0,(anonymous_14)
FNDA:0,(anonymous_15)
FNDA:0,(anonymous_16)
FNDA:0,(anonymous_17)
FNDA:0,(anonymous_18)
FNDA:0,(anonymous_19)
FNDA:0,(anonymous_20)
FNDA:0,(anonymous_21)
FNDA:0,(anonymous_22)
DA:2,0
DA:3,0
DA:8,0
DA:10,0
DA:11,0
DA:13,0
DA:14,0
DA:15,0
DA:16,0
DA:17,0
DA:18,0
DA:19,0
DA:20,0
DA:22,0
DA:23,0
DA:27,0
DA:31,0
DA:32,0
DA:33,0
DA:34,0
DA:35,0
DA:37,0
DA:38,0
DA:39,0
DA:40,0
DA:42,0
DA:43,0
DA:44,0
DA:46,0
DA:51,0
DA:52,0
DA:53,0
DA:56,0
DA:59,0
DA:60,0
DA:61,0
DA:62,0
DA:63,0
DA:64,0
DA:65,0
DA:67,0
DA:72,0
DA:73,0
DA:74,0
DA:75,0
DA:76,0
DA:77,0
DA:78,0
DA:79,0
DA:80,0
DA:82,0
DA:87,0
LF:52
LH:0
BRDA:13,0,0,0
BRDA:13,0,1,0
BRDA:15,1,0,0
BRDA:15,1,1,0
BRDA:33,2,0,0
BRDA:33,2,1,0
BRDA:33,3,0,0
BRDA:33,3,1,0
BRDA:34,4,0,0
BRDA:34,5,0,0
BRDA:34,5,1,0
BRDA:42,6,0,0
BRDA:42,6,1,0
BRDA:42,7,0,0
BRDA:42,7,1,0
BRDA:43,8,0,0
BRDA:64,9,0,0
BRDA:73,10,0,0
BRF:18
BRH:0
end_of_record
TN:
SF:src\controller\fillProductPage.ts
FN:9,(anonymous_14)
FN:33,(anonymous_15)
FN:36,(anonymous_16)
FN:71,(anonymous_17)
FN:81,(anonymous_18)
FN:90,(anonymous_19)
FN:93,(anonymous_20)
FN:100,getColorFromVariant
FN:102,(anonymous_22)
FN:111,(anonymous_23)
FN:115,(anonymous_24)
FN:130,(anonymous_25)
FN:137,(anonymous_26)
FN:139,(anonymous_27)
FN:140,(anonymous_28)
FN:148,(anonymous_29)
FN:148,(anonymous_30)
FN:151,(anonymous_31)
FN:154,(anonymous_32)
FN:154,(anonymous_33)
FN:164,(anonymous_34)
FN:164,(anonymous_35)
FN:182,(anonymous_36)
FN:183,(anonymous_37)
FN:188,(anonymous_38)
FN:194,(anonymous_39)
FNF:26
FNH:0
FNDA:0,(anonymous_14)
FNDA:0,(anonymous_15)
FNDA:0,(anonymous_16)
FNDA:0,(anonymous_17)
FNDA:0,(anonymous_18)
FNDA:0,(anonymous_19)
FNDA:0,(anonymous_20)
FNDA:0,getColorFromVariant
FNDA:0,(anonymous_22)
FNDA:0,(anonymous_23)
FNDA:0,(anonymous_24)
FNDA:0,(anonymous_25)
FNDA:0,(anonymous_26)
FNDA:0,(anonymous_27)
FNDA:0,(anonymous_28)
FNDA:0,(anonymous_29)
FNDA:0,(anonymous_30)
FNDA:0,(anonymous_31)
FNDA:0,(anonymous_32)
FNDA:0,(anonymous_33)
FNDA:0,(anonymous_34)
FNDA:0,(anonymous_35)
FNDA:0,(anonymous_36)
FNDA:0,(anonymous_37)
FNDA:0,(anonymous_38)
FNDA:0,(anonymous_39)
DA:2,0
DA:3,0
DA:4,0
DA:6,0
DA:7,0
DA:9,0
DA:10,0
DA:11,0
DA:15,0
DA:16,0
DA:19,0
DA:20,0
DA:26,0
DA:27,0
DA:29,0
DA:33,0
DA:34,0
DA:36,0
DA:37,0
DA:38,0
DA:39,0
DA:40,0
DA:41,0
DA:44,0
DA:46,0
DA:47,0
DA:48,0
DA:50,0
DA:51,0
DA:53,0
DA:55,0
DA:56,0
DA:58,0
DA:59,0
DA:61,0
DA:62,0
DA:64,0
DA:66,0
DA:67,0
DA:71,0
DA:72,0
DA:73,0
DA:74,0
DA:75,0
DA:76,0
DA:77,0
DA:81,0
DA:82,0
DA:83,0
DA:84,0
DA:85,0
DA:86,0
DA:87,0
DA:90,0
DA:91,0
DA:92,0
DA:93,0
DA:94,0
DA:96,0
DA:101,0
DA:102,0
DA:104,0
DA:105,0
DA:106,0
DA:108,0
DA:111,0
DA:115,0
DA:116,0
DA:118,0
DA:119,0
DA:120,0
DA:121,0
DA:123,0
DA:124,0
DA:125,0
DA:126,0
DA:127,0
DA:128,0
DA:130,0
DA:131,0
DA:133,0
DA:137,0
DA:138,0
DA:139,0
DA:140,0
DA:141,0
DA:142,0
DA:143,0
DA:148,0
DA:149,0
DA:150,0
DA:151,0
DA:154,0
DA:155,0
DA:156,0
DA:157,0
DA:159,0
DA:160,0
DA:164,0
DA:165,0
DA:167,0
DA:168,0
DA:169,0
DA:170,0
DA:172,0
DA:173,0
DA:174,0
DA:175,0
DA:176,0
DA:178,0
DA:179,0
DA:180,0
DA:181,0
DA:182,0
DA:183,0
DA:184,0
DA:188,0
DA:190,0
DA:191,0
DA:192,0
DA:193,0
DA:194,0
DA:195,0
DA:196,0
DA:197,0
DA:198,0
DA:201,0
DA:202,0
DA:203,0
DA:204,0
DA:205,0
DA:206,0
DA:208,0
DA:209,0
DA:210,0
LF:135
LH:0
BRDA:15,0,0,0
BRDA:15,0,1,0
BRDA:44,1,0,0
BRDA:44,1,1,0
BRDA:47,2,0,0
BRDA:47,2,1,0
BRDA:53,3,0,0
BRDA:53,3,1,0
BRDA:53,3,2,0
BRDA:53,3,3,0
BRDA:86,4,0,0
BRDA:104,5,0,0
BRDA:116,6,0,0
BRDA:116,6,1,0
BRDA:127,7,0,0
BRDA:155,8,0,0
BRDA:155,8,1,0
BRDA:167,9,0,0
BRDA:168,10,0,0
BRDA:168,10,1,0
BRDA:168,11,0,0
BRDA:168,11,1,0
BRDA:169,12,0,0
BRDA:169,12,1,0
BRDA:169,13,0,0
BRDA:169,13,1,0
BRDA:191,14,0,0
BRDA:201,15,0,0
BRDA:204,16,0,0
BRF:29
BRH:0
end_of_record
TN:
SF:src\controller\filterResetHandler.ts
FN:6,(anonymous_8)
FN:6,(anonymous_9)
FNF:2
FNH:0
FNDA:0,(anonymous_8)
FNDA:0,(anonymous_9)
DA:1,0
DA:2,0
DA:3,0
DA:4,0
DA:6,0
DA:7,0
DA:8,0
DA:9,0
DA:10,0
DA:11,0
DA:12,0
DA:13,0
DA:16,0
LF:13
LH:0
BRF:0
BRH:0
end_of_record
TN:
SF:src\controller\filterSubmitHandler.ts
FN:13,(anonymous_14)
FN:13,(anonymous_15)
FN:27,(anonymous_16)
FN:33,(anonymous_17)
FN:44,(anonymous_18)
FN:48,(anonymous_19)
FN:61,(anonymous_20)
FN:85,(anonymous_21)
FN:88,(anonymous_22)
FN:93,getAttribute
FN:94,(anonymous_24)
FN:103,configureDescription
FN:174,(anonymous_26)
FN:182,(anonymous_27)
FN:182,(anonymous_28)
FNF:15
FNH:0
FNDA:0,(anonymous_14)
FNDA:0,(anonymous_15)
FNDA:0,(anonymous_16)
FNDA:0,(anonymous_17)
FNDA:0,(anonymous_18)
FNDA:0,(anonymous_19)
FNDA:0,(anonymous_20)
FNDA:0,(anonymous_21)
FNDA:0,(anonymous_22)
FNDA:0,getAttribute
FNDA:0,(anonymous_24)
FNDA:0,configureDescription
FNDA:0,(anonymous_26)
FNDA:0,(anonymous_27)
FNDA:0,(anonymous_28)
DA:2,0
DA:3,0
DA:4,0
DA:6,0
DA:7,0
DA:8,0
DA:9,0
DA:13,0
DA:14,0
DA:15,0
DA:16,0
DA:18,0
DA:19,0
DA:20,0
DA:22,0
DA:24,0
DA:27,0
DA:28,0
DA:29,0
DA:30,0
DA:33,0
DA:34,0
DA:35,0
DA:37,0
DA:44,0
DA:45,0
DA:46,0
DA:47,0
DA:48,0
DA:50,0
DA:54,0
DA:61,0
DA:62,0
DA:63,0
DA:64,0
DA:65,0
DA:66,0
DA:68,0
DA:69,0
DA:71,0
DA:72,0
DA:73,0
DA:74,0
DA:76,0
DA:82,0
DA:85,0
DA:86,0
DA:87,0
DA:88,0
DA:90,0
DA:92,0
DA:94,0
DA:96,0
DA:97,0
DA:99,0
DA:100,0
DA:110,0
DA:111,0
DA:113,0
DA:114,0
DA:116,0
DA:118,0
DA:119,0
DA:121,0
DA:123,0
DA:126,0
DA:136,0
DA:137,0
DA:138,0
DA:139,0
DA:140,0
DA:141,0
DA:142,0
DA:147,0
DA:151,0
DA:155,0
DA:161,0
DA:170,0
DA:171,0
DA:172,0
DA:174,0
DA:175,0
DA:177,0
DA:182,0
DA:183,0
DA:184,0
DA:188,0
DA:189,0
DA:190,0
DA:191,0
DA:192,0
DA:193,0
DA:194,0
DA:195,0
DA:197,0
DA:198,0
DA:204,0
DA:205,0
DA:206,0
DA:208,0
DA:212,0
DA:213,0
LF:102
LH:0
BRDA:15,0,0,0
BRDA:19,1,0,0
BRDA:19,1,1,0
BRDA:46,2,0,0
BRDA:64,3,0,0
BRDA:64,4,0,0
BRDA:64,4,1,0
BRDA:65,5,0,0
BRDA:65,5,1,0
BRDA:66,6,0,0
BRDA:66,6,1,0
BRDA:68,7,0,0
BRDA:68,7,1,0
BRDA:72,8,0,0
BRDA:72,8,1,0
BRDA:73,9,0,0
BRDA:73,9,1,0
BRDA:87,10,0,0
BRDA:92,11,0,0
BRDA:92,11,1,0
BRDA:92,12,0,0
BRDA:92,12,1,0
BRDA:94,13,0,0
BRDA:94,13,1,0
BRDA:94,14,0,0
BRDA:94,14,1,0
BRDA:94,15,0,0
BRDA:94,15,1,0
BRDA:94,16,0,0
BRDA:94,16,1,0
BRDA:96,17,0,0
BRDA:99,18,0,0
BRDA:110,19,0,0
BRDA:110,19,1,0
BRDA:111,20,0,0
BRDA:111,20,1,0
BRDA:113,21,0,0
BRDA:113,21,1,0
BRDA:114,22,0,0
BRDA:114,22,1,0
BRDA:116,23,0,0
BRDA:116,23,1,0
BRDA:139,24,0,0
BRDA:139,24,1,0
BRDA:139,25,0,0
BRDA:139,25,1,0
BRDA:139,26,0,0
BRDA:139,26,1,0
BRDA:140,27,0,0
BRDA:140,28,0,0
BRDA:140,28,1,0
BRDA:142,29,0,0
BRDA:143,30,0,0
BRDA:143,30,1,0
BRDA:143,30,2,0
BRDA:147,31,0,0
BRDA:147,31,1,0
BRDA:148,32,0,0
BRDA:148,32,1,0
BRDA:155,33,0,0
BRDA:155,33,1,0
BRDA:170,34,0,0
BRDA:170,34,1,0
BRDA:194,35,0,0
BRF:64
BRH:0
end_of_record
TN:
SF:src\controller\headerBasketHandlers.ts
FN:3,updateHeaderCart
FNF:1
FNH:0
FNDA:0,updateHeaderCart
DA:3,0
DA:4,0
DA:5,0
DA:6,0
DA:7,0
DA:8,0
LF:6
LH:0
BRDA:4,0,0,0
BRDA:4,0,1,0
BRDA:6,1,0,0
BRDA:6,1,1,0
BRF:4
BRH:0
end_of_record
TN:
SF:src\controller\headerHandlers.ts
FN:8,switchElements
FN:22,navChanger
FN:27,(anonymous_2)
FN:34,(anonymous_3)
FN:41,(anonymous_4)
FN:44,(anonymous_5)
FNF:6
FNH:0
FNDA:0,switchElements
FNDA:0,navChanger
FNDA:0,(anonymous_2)
FNDA:0,(anonymous_3)
FNDA:0,(anonymous_4)
FNDA:0,(anonymous_5)
DA:1,0
DA:3,0
DA:4,0
DA:6,0
DA:9,0
DA:10,0
DA:11,0
DA:12,0
DA:13,0
DA:15,0
DA:16,0
DA:17,0
DA:18,0
DA:23,0
DA:24,0
DA:25,0
DA:26,0
DA:27,0
DA:28,0
DA:29,0
DA:30,0
DA:31,0
DA:32,0
DA:33,0
DA:34,0
DA:35,0
DA:41,0
DA:42,0
DA:44,0
DA:45,0
LF:30
LH:0
BRDA:9,0,0,0
BRDA:9,0,1,0
BRDA:10,1,0,0
BRDA:10,1,1,0
BRDA:10,2,0,0
BRDA:10,2,1,0
BRDA:11,3,0,0
BRDA:11,3,1,0
BRDA:11,4,0,0
BRDA:11,4,1,0
BRDA:12,5,0,0
BRDA:12,5,1,0
BRDA:12,6,0,0
BRDA:12,6,1,0
BRDA:13,7,0,0
BRDA:13,7,1,0
BRDA:13,8,0,0
BRDA:13,8,1,0
BRDA:15,9,0,0
BRDA:15,9,1,0
BRDA:15,10,0,0
BRDA:15,10,1,0
BRDA:16,11,0,0
BRDA:16,11,1,0
BRDA:16,12,0,0
BRDA:16,12,1,0
BRDA:17,13,0,0
BRDA:17,13,1,0
BRDA:17,14,0,0
BRDA:17,14,1,0
BRDA:18,15,0,0
BRDA:18,15,1,0
BRDA:18,16,0,0
BRDA:18,16,1,0
BRDA:23,17,0,0
BRDA:24,18,0,0
BRDA:27,19,0,0
BRDA:27,19,1,0
BRDA:27,20,0,0
BRDA:27,20,1,0
BRF:40
BRH:0
end_of_record
TN:
SF:src\controller\loginPageHandlers.ts
FN:13,changeType
FN:17,submitHandler
FN:31,(anonymous_11)
FN:38,(anonymous_12)
FNF:4
FNH:0
FNDA:0,changeType
FNDA:0,submitHandler
FNDA:0,(anonymous_11)
FNDA:0,(anonymous_12)
DA:1,0
DA:2,0
DA:3,0
DA:4,0
DA:6,0
DA:9,0
DA:14,0
DA:18,0
DA:20,0
DA:21,0
DA:22,0
DA:23,0
DA:24,0
DA:26,0
DA:27,0
DA:28,0
DA:29,0
DA:30,0
DA:31,0
DA:32,0
DA:33,0
DA:36,0
DA:38,0
DA:39,0
DA:40,0
DA:44,0
DA:45,0
DA:47,0
LF:28
LH:0
BRDA:14,0,0,0
BRDA:14,0,1,0
BRDA:22,1,0,0
BRDA:22,1,1,0
BRDA:22,2,0,0
BRDA:22,2,1,0
BRDA:22,3,0,0
BRDA:22,3,1,0
BRDA:23,4,0,0
BRDA:23,4,1,0
BRDA:23,5,0,0
BRDA:23,5,1,0
BRDA:23,6,0,0
BRDA:23,6,1,0
BRDA:27,7,0,0
BRDA:27,7,1,0
BRDA:44,8,0,0
BRDA:44,8,1,0
BRDA:44,9,0,0
BRDA:44,9,1,0
BRF:20
BRH:0
end_of_record
TN:
SF:src\controller\mainPageHandlers.ts
FN:4,mainPageLoaded
FNF:1
FNH:0
FNDA:0,mainPageLoaded
DA:1,0
DA:2,0
DA:5,0
DA:6,0
DA:7,0
DA:8,0
DA:9,0
DA:13,0
LF:8
LH:0
BRDA:7,0,0,0
BRF:1
BRH:0
end_of_record
TN:
SF:src\controller\modifyBasket.ts
FN:20,(anonymous_7)
FN:20,(anonymous_8)
FN:53,(anonymous_9)
FN:67,(anonymous_10)
FN:67,(anonymous_11)
FN:71,(anonymous_12)
FN:86,(anonymous_13)
FN:95,(anonymous_14)
FNF:8
FNH:0
FNDA:0,(anonymous_7)
FNDA:0,(anonymous_8)
FNDA:0,(anonymous_9)
FNDA:0,(anonymous_10)
FNDA:0,(anonymous_11)
FNDA:0,(anonymous_12)
FNDA:0,(anonymous_13)
FNDA:0,(anonymous_14)
DA:2,0
DA:7,0
DA:18,0
DA:20,0
DA:21,0
DA:23,0
DA:25,0
DA:26,0
DA:27,0
DA:28,0
DA:29,0
DA:31,0
DA:32,0
DA:34,0
DA:35,0
DA:36,0
DA:37,0
DA:43,0
DA:44,0
DA:45,0
DA:46,0
DA:49,0
DA:50,0
DA:52,0
DA:53,0
DA:55,0
DA:56,0
DA:57,0
DA:62,0
DA:67,0
DA:68,0
DA:69,0
DA:71,0
DA:75,0
DA:76,0
DA:77,0
DA:78,0
DA:79,0
DA:81,0
DA:84,0
DA:86,0
DA:87,0
DA:88,0
DA:89,0
DA:90,0
DA:93,0
DA:95,0
DA:96,0
DA:97,0
DA:98,0
DA:99,0
DA:102,0
LF:52
LH:0
BRDA:25,0,0,0
BRDA:25,0,1,0
BRDA:25,1,0,0
BRDA:25,1,1,0
BRDA:26,2,0,0
BRDA:26,2,1,0
BRDA:26,3,0,0
BRDA:26,3,1,0
BRDA:28,4,0,0
BRDA:31,5,0,0
BRDA:36,6,0,0
BRDA:36,6,1,0
BRDA:36,7,0,0
BRDA:36,7,1,0
BRDA:36,8,0,0
BRDA:36,8,1,0
BRDA:43,9,0,0
BRDA:49,10,0,0
BRDA:49,10,1,0
BRDA:50,11,0,0
BRDA:50,11,1,0
BRDA:50,12,0,0
BRDA:50,12,1,0
BRDA:55,13,0,0
BRDA:55,13,1,0
BRDA:55,14,0,0
BRDA:55,14,1,0
BRDA:56,15,0,0
BRDA:56,15,1,0
BRDA:56,16,0,0
BRDA:56,16,1,0
BRF:31
BRH:0
end_of_record
TN:
SF:src\controller\paginatorHandlers.ts
FN:12,(anonymous_7)
FN:13,(anonymous_8)
FN:15,updatePaginator
FN:62,changePaginator
FN:66,(anonymous_11)
FN:70,(anonymous_12)
FN:74,(anonymous_13)
FN:79,(anonymous_14)
FNF:8
FNH:0
FNDA:0,(anonymous_7)
FNDA:0,(anonymous_8)
FNDA:0,updatePaginator
FNDA:0,changePaginator
FNDA:0,(anonymous_11)
FNDA:0,(anonymous_12)
FNDA:0,(anonymous_13)
FNDA:0,(anonymous_14)
DA:1,0
DA:2,0
DA:9,0
DA:10,0
DA:12,0
DA:13,0
DA:15,0
DA:16,0
DA:17,0
DA:18,0
DA:19,0
DA:20,0
DA:21,0
DA:23,0
DA:24,0
DA:25,0
DA:26,0
DA:27,0
DA:28,0
DA:29,0
DA:30,0
DA:31,0
DA:32,0
DA:35,0
DA:36,0
DA:37,0
DA:38,0
DA:39,0
DA:41,0
DA:42,0
DA:43,0
DA:44,0
DA:46,0
DA:47,0
DA:48,0
DA:49,0
DA:50,0
DA:52,0
DA:53,0
DA:54,0
DA:55,0
DA:57,0
DA:58,0
DA:63,0
DA:64,0
DA:66,0
DA:67,0
DA:68,0
DA:70,0
DA:71,0
DA:72,0
DA:74,0
DA:75,0
DA:76,0
DA:79,0
DA:80,0
DA:81,0
DA:83,0
LF:58
LH:0
BRDA:16,0,0,0
BRDA:16,0,1,0
BRDA:35,1,0,0
BRDA:35,1,1,0
BRDA:46,2,0,0
BRDA:46,2,1,0
BRDA:57,3,0,0
BRF:7
BRH:0
end_of_record
TN:
SF:src\controller\productModalHandlers.ts
FN:4,(anonymous_6)
FN:9,(anonymous_7)
FN:11,(anonymous_8)
FNF:3
FNH:0
FNDA:0,(anonymous_6)
FNDA:0,(anonymous_7)
FNDA:0,(anonymous_8)
DA:1,0
DA:2,0
DA:4,0
DA:5,0
DA:6,0
DA:9,0
DA:10,0
DA:11,0
DA:12,0
LF:9
LH:0
BRDA:11,0,0,0
BRDA:11,0,1,0
BRDA:11,1,0,0
BRDA:11,1,1,0
BRF:4
BRH:0
end_of_record
TN:
SF:src\controller\productPageHandlers.ts
FN:9,pageLoaded
FN:21,(anonymous_9)
FN:21,(anonymous_10)
FN:29,(anonymous_11)
FN:34,(anonymous_12)
FN:34,(anonymous_13)
FNF:6
FNH:0
FNDA:0,pageLoaded
FNDA:0,(anonymous_9)
FNDA:0,(anonymous_10)
FNDA:0,(anonymous_11)
FNDA:0,(anonymous_12)
FNDA:0,(anonymous_13)
DA:1,0
DA:6,0
DA:7,0
DA:10,0
DA:11,0
DA:12,0
DA:13,0
DA:17,0
DA:21,0
DA:22,0
DA:23,0
DA:24,0
DA:25,0
DA:26,0
DA:28,0
DA:29,0
DA:30,0
DA:31,0
DA:34,0
DA:36,0
DA:37,0
DA:38,0
DA:39,0
DA:40,0
DA:42,0
DA:43,0
DA:44,0
DA:45,0
DA:47,0
DA:48,0
DA:50,0
DA:54,0
LF:32
LH:0
BRDA:12,0,0,0
BRDA:25,1,0,0
BRDA:28,2,0,0
BRDA:30,3,0,0
BRDA:30,3,1,0
BRDA:30,4,0,0
BRDA:30,4,1,0
BRDA:30,5,0,0
BRDA:30,5,1,0
BRDA:36,6,0,0
BRDA:36,6,1,0
BRF:11
BRH:0
end_of_record
TN:
SF:src\controller\profilePageHandlers.ts
FN:14,(anonymous_13)
FN:15,(anonymous_14)
FN:17,(anonymous_15)
FN:17,(anonymous_16)
FN:23,(anonymous_17)
FN:23,(anonymous_18)
FN:30,(anonymous_19)
FN:30,(anonymous_20)
FN:45,(anonymous_21)
FN:45,(anonymous_22)
FN:67,getAddressType
FN:70,(anonymous_24)
FN:72,(anonymous_25)
FN:77,createNewAddress
FN:84,fillForms
FN:85,(anonymous_28)
FN:107,(anonymous_29)
FN:132,(anonymous_30)
FN:137,pageLoaded
FN:140,(anonymous_32)
FN:140,(anonymous_33)
FNF:21
FNH:0
FNDA:0,(anonymous_13)
FNDA:0,(anonymous_14)
FNDA:0,(anonymous_15)
FNDA:0,(anonymous_16)
FNDA:0,(anonymous_17)
FNDA:0,(anonymous_18)
FNDA:0,(anonymous_19)
FNDA:0,(anonymous_20)
FNDA:0,(anonymous_21)
FNDA:0,(anonymous_22)
FNDA:0,getAddressType
FNDA:0,(anonymous_24)
FNDA:0,(anonymous_25)
FNDA:0,createNewAddress
FNDA:0,fillForms
FNDA:0,(anonymous_28)
FNDA:0,(anonymous_29)
FNDA:0,(anonymous_30)
FNDA:0,pageLoaded
FNDA:0,(anonymous_32)
FNDA:0,(anonymous_33)
DA:2,0
DA:3,0
DA:4,0
DA:10,0
DA:11,0
DA:14,0
DA:15,0
DA:17,0
DA:18,0
DA:19,0
DA:20,0
DA:23,0
DA:24,0
DA:25,0
DA:26,0
DA:27,0
DA:30,0
DA:31,0
DA:32,0
DA:33,0
DA:34,0
DA:42,0
DA:45,0
DA:46,0
DA:47,0
DA:48,0
DA:49,0
DA:57,0
DA:58,0
DA:64,0
DA:68,0
DA:69,0
DA:70,0
DA:71,0
DA:72,0
DA:73,0
DA:74,0
DA:78,0
DA:79,0
DA:80,0
DA:81,0
DA:85,0
DA:86,0
DA:89,0
DA:91,0
DA:92,0
DA:94,0
DA:95,0
DA:96,0
DA:97,0
DA:98,0
DA:100,0
DA:101,0
DA:103,0
DA:104,0
DA:105,0
DA:107,0
DA:108,0
DA:109,0
DA:110,0
DA:111,0
DA:114,0
DA:116,0
DA:118,0
DA:119,0
DA:120,0
DA:121,0
DA:123,0
DA:125,0
DA:126,0
DA:129,0
DA:131,0
DA:132,0
DA:133,0
DA:138,0
DA:139,0
DA:140,0
DA:141,0
DA:142,0
DA:143,0
DA:144,0
DA:145,0
DA:151,0
LF:83
LH:0
BRDA:59,0,0,0
BRDA:59,0,1,0
BRDA:60,1,0,0
BRDA:60,1,1,0
BRDA:70,2,0,0
BRDA:72,3,0,0
BRDA:119,4,0,0
BRDA:119,4,1,0
BRDA:120,5,0,0
BRDA:120,5,1,0
BRDA:121,6,0,0
BRDA:121,6,1,0
BRDA:139,7,0,0
BRDA:142,8,0,0
BRF:14
BRH:0
end_of_record
TN:
SF:src\controller\redirection.ts
FN:28,getSearch
FN:39,checkRedirection
FN:43,(anonymous_2)
FN:49,(anonymous_3)
FNF:4
FNH:0
FNDA:0,getSearch
FNDA:0,checkRedirection
FNDA:0,(anonymous_2)
FNDA:0,(anonymous_3)
DA:1,0
DA:10,0
DA:28,0
DA:29,0
DA:30,0
DA:32,0
DA:33,0
DA:34,0
DA:36,0
DA:39,0
DA:40,0
DA:41,0
DA:42,0
DA:43,0
DA:44,0
DA:48,0
DA:49,0
DA:50,0
DA:54,0
LF:19
LH:0
BRDA:32,0,0,0
BRDA:32,1,0,0
BRDA:32,1,1,0
BRDA:33,2,0,0
BRDA:34,3,0,0
BRDA:34,3,1,0
BRDA:44,4,0,0
BRDA:45,5,0,0
BRDA:45,5,1,0
BRF:9
BRH:0
end_of_record
TN:
SF:src\controller\regFormHandlers.ts
FN:12,(anonymous_7)
FN:32,(anonymous_8)
FN:38,(anonymous_9)
FN:39,(anonymous_10)
FN:43,(anonymous_11)
FN:54,(anonymous_12)
FN:67,clearForm
FN:69,(anonymous_14)
FNF:8
FNH:0
FNDA:0,(anonymous_7)
FNDA:0,(anonymous_8)
FNDA:0,(anonymous_9)
FNDA:0,(anonymous_10)
FNDA:0,(anonymous_11)
FNDA:0,(anonymous_12)
FNDA:0,clearForm
FNDA:0,(anonymous_14)
DA:1,0
DA:2,0
DA:7,0
DA:9,0
DA:12,0
DA:13,0
DA:14,0
DA:16,0
DA:17,0
DA:18,0
DA:20,0
DA:23,0
DA:25,0
DA:28,0
DA:32,0
DA:33,0
DA:34,0
DA:35,0
DA:38,0
DA:39,0
DA:42,0
DA:43,0
DA:44,0
DA:45,0
DA:46,0
DA:47,0
DA:48,0
DA:49,0
DA:50,0
DA:51,0
DA:52,0
DA:53,0
DA:54,0
DA:55,0
DA:58,0
DA:59,0
DA:60,0
DA:61,0
DA:62,0
DA:65,0
DA:67,0
DA:68,0
DA:69,0
DA:70,0
DA:71,0
DA:72,0
LF:46
LH:0
BRDA:14,0,0,0
BRDA:16,1,0,0
BRDA:16,1,1,0
BRDA:35,2,0,0
BRDA:35,2,1,0
BRDA:46,3,0,0
BRDA:46,3,1,0
BRF:7
BRH:0
end_of_record
TN:
SF:src\controller\regSubmitHandler.ts
FN:10,(anonymous_8)
FN:70,(anonymous_9)
FN:70,(anonymous_10)
FN:86,(anonymous_11)
FN:92,(anonymous_12)
FN:98,(anonymous_13)
FN:101,(anonymous_14)
FN:114,(anonymous_15)
FN:120,(anonymous_16)
FN:129,(anonymous_17)
FNF:10
FNH:0
FNDA:0,(anonymous_8)
FNDA:0,(anonymous_9)
FNDA:0,(anonymous_10)
FNDA:0,(anonymous_11)
FNDA:0,(anonymous_12)
FNDA:0,(anonymous_13)
FNDA:0,(anonymous_14)
FNDA:0,(anonymous_15)
FNDA:0,(anonymous_16)
FNDA:0,(anonymous_17)
DA:1,0
DA:2,0
DA:3,0
DA:5,0
DA:6,0
DA:7,0
DA:8,0
DA:10,0
DA:11,0
DA:12,0
DA:14,0
DA:24,0
DA:25,0
DA:26,0
DA:28,0
DA:37,0
DA:38,0
DA:39,0
DA:41,0
DA:42,0
DA:43,0
DA:46,0
DA:47,0
DA:49,0
DA:50,0
DA:59,0
DA:60,0
DA:61,0
DA:63,0
DA:64,0
DA:67,0
DA:70,0
DA:71,0
DA:72,0
DA:73,0
DA:74,0
DA:75,0
DA:76,0
DA:77,0
DA:78,0
DA:80,0
DA:84,0
DA:85,0
DA:86,0
DA:87,0
DA:88,0
DA:89,0
DA:90,0
DA:92,0
DA:93,0
DA:94,0
DA:95,0
DA:98,0
DA:99,0
DA:101,0
DA:102,0
DA:103,0
DA:104,0
DA:107,0
DA:108,0
DA:109,0
DA:112,0
DA:114,0
DA:115,0
DA:116,0
DA:118,0
DA:119,0
DA:120,0
DA:121,0
DA:122,0
DA:126,0
DA:127,0
DA:129,0
DA:130,0
DA:131,0
DA:136,0
LF:76
LH:0
BRDA:38,0,0,0
BRDA:41,1,0,0
BRDA:49,2,0,0
BRDA:49,3,0,0
BRDA:49,3,1,0
BRDA:49,3,2,0
BRDA:59,4,0,0
BRDA:59,4,1,0
BRDA:59,5,0,0
BRDA:59,5,1,0
BRDA:60,6,0,0
BRDA:60,7,0,0
BRDA:60,7,1,0
BRDA:63,8,0,0
BRDA:63,9,0,0
BRDA:63,9,1,0
BRDA:77,10,0,0
BRDA:77,10,1,0
BRDA:84,11,0,0
BRDA:84,11,1,0
BRDA:107,12,0,0
BRDA:107,12,1,0
BRDA:108,13,0,0
BRDA:108,13,1,0
BRDA:118,14,0,0
BRF:25
BRH:0
end_of_record
TN:
SF:src\controller\router.ts
FN:29,locationHandler
FN:42,route
FN:48,linkClick
FN:55,contentLoaded
FN:56,(anonymous_10)
FN:62,(anonymous_11)
FN:65,(anonymous_12)
FNF:7
FNH:0
FNDA:0,locationHandler
FNDA:0,route
FNDA:0,linkClick
FNDA:0,contentLoaded
FNDA:0,(anonymous_10)
FNDA:0,(anonymous_11)
FNDA:0,(anonymous_12)
DA:1,0
DA:2,0
DA:3,0
DA:4,0
DA:5,0
DA:6,0
DA:7,0
DA:8,0
DA:9,0
DA:10,0
DA:11,0
DA:17,0
DA:30,0
DA:31,0
DA:32,0
DA:33,0
DA:34,0
DA:35,0
DA:38,0
DA:43,0
DA:44,0
DA:45,0
DA:49,0
DA:50,0
DA:51,0
DA:56,0
DA:57,0
DA:61,0
DA:63,0
DA:66,0
DA:67,0
DA:68,0
DA:72,0
DA:73,0
DA:74,0
LF:35
LH:0
BRDA:30,0,0,0
BRDA:30,0,1,0
BRDA:31,1,0,0
BRDA:32,2,0,0
BRDA:32,2,1,0
BRDA:49,3,0,0
BRF:6
BRH:0
end_of_record
TN:
SF:src\controller\searchHandler.ts
FN:6,(anonymous_8)
FN:6,(anonymous_9)
FNF:2
FNH:0
FNDA:0,(anonymous_8)
FNDA:0,(anonymous_9)
DA:1,0
DA:2,0
DA:3,0
DA:4,0
DA:6,0
DA:7,0
DA:8,0
DA:9,0
DA:10,0
DA:11,0
DA:13,0
DA:17,0
LF:12
LH:0
BRF:0
BRH:0
end_of_record
TN:
SF:src\lib\BuildClient.ts
FNF:0
FNH:0
DA:1,0
DA:8,0
DA:22,0
DA:28,0
LF:4
LH:0
BRF:0
BRH:0
end_of_record
TN:
SF:src\lib\ConstructClient.ts
FN:16,(anonymous_0)
FN:31,(anonymous_1)
FN:37,(anonymous_2)
FNF:3
FNH:0
FNDA:0,(anonymous_0)
FNDA:0,(anonymous_1)
FNDA:0,(anonymous_2)
DA:1,0
DA:10,0
DA:16,0
DA:19,0
DA:32,0
DA:35,0
DA:38,0
DA:48,0
LF:8
LH:0
BRF:0
BRH:0
end_of_record
TN:
SF:src\lib\getAnonimousClient.ts
FN:20,(anonymous_0)
FN:24,(anonymous_1)
FNF:2
FNH:0
FNDA:0,(anonymous_0)
FNDA:0,(anonymous_1)
DA:1,0
DA:12,0
DA:21,0
DA:22,0
DA:25,0
DA:34,0
DA:40,0
LF:7
LH:0
BRF:0
BRH:0
end_of_record
TN:
SF:src\model\inputErrorSpecifier.ts
FN:3,checkPassword
FN:12,checkEmail
FN:17,getSpecifyError
FNF:3
FNH:2
FNDA:3,checkPassword
FNDA:0,checkEmail
FNDA:4,getSpecifyError
DA:1,3
DA:4,3
DA:5,2
DA:6,1
DA:7,1
DA:8,1
DA:9,0
DA:13,0
DA:14,0
DA:18,4
DA:19,4
DA:21,0
DA:22,0
DA:25,3
DA:26,3
DA:30,1
DA:33,4
DA:36,3
LF:18
LH:13
BRDA:4,0,0,1
BRDA:5,1,0,1
BRDA:6,2,0,0
BRDA:7,3,0,0
BRDA:8,4,0,1
BRDA:13,5,0,0
BRDA:19,6,0,0
BRDA:19,6,1,3
BRDA:19,6,2,1
BRF:9
BRH:5
end_of_record
TN:
SF:src\model\login.ts
FN:5,setLoacalCustomer
FN:9,getLoacalCustomer
FNF:2
FNH:0
FNDA:0,setLoacalCustomer
FNDA:0,getLoacalCustomer
DA:1,0
DA:3,0
DA:5,0
DA:6,0
DA:9,0
DA:10,0
LF:6
LH:0
BRF:0
BRH:0
end_of_record
TN:
SF:src\model\profile.ts
FN:11,showResultMessage
FN:20,(anonymous_9)
FN:27,deleteAddress
FN:38,submitUserData
FN:62,submitAddressData
FN:68,(anonymous_16)
FN:82,(anonymous_17)
FN:84,(anonymous_18)
FN:111,(anonymous_19)
FN:115,(anonymous_20)
FN:127,changePassword
FNF:11
FNH:0
FNDA:0,showResultMessage
FNDA:0,(anonymous_9)
FNDA:0,deleteAddress
FNDA:0,submitUserData
FNDA:0,submitAddressData
FNDA:0,(anonymous_16)
FNDA:0,(anonymous_17)
FNDA:0,(anonymous_18)
FNDA:0,(anonymous_19)
FNDA:0,(anonymous_20)
FNDA:0,changePassword
DA:6,0
DA:7,0
DA:8,0
DA:12,0
DA:13,0
DA:14,0
DA:15,0
DA:16,0
DA:18,0
DA:20,0
DA:21,0
DA:22,0
DA:24,0
DA:27,0
DA:28,0
DA:29,0
DA:30,0
DA:34,0
DA:35,0
DA:38,0
DA:39,0
DA:40,0
DA:41,0
DA:45,0
DA:49,0
DA:53,0
DA:58,0
DA:59,0
DA:62,0
DA:66,0
DA:67,0
DA:68,0
DA:70,0
DA:71,0
DA:72,0
DA:73,0
DA:74,0
DA:75,0
DA:76,0
DA:82,0
DA:83,0
DA:84,0
DA:85,0
DA:86,0
DA:87,0
DA:88,0
DA:89,0
DA:90,0
DA:91,0
DA:92,0
DA:93,0
DA:95,0
DA:96,0
DA:98,0
DA:108,0
DA:109,0
DA:110,0
DA:111,0
DA:112,0
DA:114,0
DA:115,0
DA:117,0
DA:118,0
DA:120,0
DA:127,0
DA:131,0
DA:132,0
DA:138,0
LF:68
LH:0
BRDA:13,0,0,0
BRDA:13,0,1,0
BRDA:55,1,0,0
BRDA:55,1,1,0
BRDA:71,2,0,0
BRDA:71,2,1,0
BRDA:82,3,0,0
BRDA:84,4,0,0
BRDA:86,5,0,0
BRDA:88,6,0,0
BRDA:90,7,0,0
BRDA:92,8,0,0
BRDA:109,9,0,0
BRDA:117,10,0,0
BRF:14
BRH:0
end_of_record
TN:
SF:src\model\api\apiRoot.ts
FN:20,(anonymous_0)
FN:28,(anonymous_1)
FN:29,(anonymous_2)
FN:35,(anonymous_3)
FN:50,(anonymous_4)
FN:51,(anonymous_5)
FN:58,(anonymous_6)
FN:74,(anonymous_7)
FN:75,(anonymous_8)
FN:82,(anonymous_9)
FN:89,(anonymous_10)
FN:90,(anonymous_11)
FN:92,(anonymous_12)
FN:100,(anonymous_13)
FN:101,(anonymous_14)
FN:103,(anonymous_15)
FN:116,(anonymous_16)
FN:117,(anonymous_17)
FN:119,(anonymous_18)
FN:130,(anonymous_19)
FN:131,(anonymous_20)
FN:133,(anonymous_21)
FN:139,(anonymous_22)
FN:140,(anonymous_23)
FN:142,(anonymous_24)
FN:148,(anonymous_25)
FN:149,(anonymous_26)
FN:151,(anonymous_27)
FN:161,(anonymous_28)
FN:162,(anonymous_29)
FN:164,(anonymous_30)
FN:175,(anonymous_31)
FN:176,(anonymous_32)
FN:178,(anonymous_33)
FN:196,(anonymous_34)
FN:197,(anonymous_35)
FN:212,(anonymous_36)
FN:217,(anonymous_37)
FN:218,(anonymous_38)
FN:220,(anonymous_39)
FN:227,(anonymous_40)
FN:228,(anonymous_41)
FN:235,(anonymous_42)
FN:242,(anonymous_43)
FN:243,(anonymous_44)
FNF:45
FNH:0
FNDA:0,(anonymous_0)
FNDA:0,(anonymous_1)
FNDA:0,(anonymous_2)
FNDA:0,(anonymous_3)
FNDA:0,(anonymous_4)
FNDA:0,(anonymous_5)
FNDA:0,(anonymous_6)
FNDA:0,(anonymous_7)
FNDA:0,(anonymous_8)
FNDA:0,(anonymous_9)
FNDA:0,(anonymous_10)
FNDA:0,(anonymous_11)
FNDA:0,(anonymous_12)
FNDA:0,(anonymous_13)
FNDA:0,(anonymous_14)
FNDA:0,(anonymous_15)
FNDA:0,(anonymous_16)
FNDA:0,(anonymous_17)
FNDA:0,(anonymous_18)
FNDA:0,(anonymous_19)
FNDA:0,(anonymous_20)
FNDA:0,(anonymous_21)
FNDA:0,(anonymous_22)
FNDA:0,(anonymous_23)
FNDA:0,(anonymous_24)
FNDA:0,(anonymous_25)
FNDA:0,(anonymous_26)
FNDA:0,(anonymous_27)
FNDA:0,(anonymous_28)
FNDA:0,(anonymous_29)
FNDA:0,(anonymous_30)
FNDA:0,(anonymous_31)
FNDA:0,(anonymous_32)
FNDA:0,(anonymous_33)
FNDA:0,(anonymous_34)
FNDA:0,(anonymous_35)
FNDA:0,(anonymous_36)
FNDA:0,(anonymous_37)
FNDA:0,(anonymous_38)
FNDA:0,(anonymous_39)
FNDA:0,(anonymous_40)
FNDA:0,(anonymous_41)
FNDA:0,(anonymous_42)
FNDA:0,(anonymous_43)
FNDA:0,(anonymous_44)
DA:1,0
DA:8,0
DA:9,0
DA:12,0
DA:15,0
DA:16,0
DA:20,0
DA:21,0
DA:22,0
DA:23,0
DA:28,0
DA:29,0
DA:31,0
DA:35,0
DA:36,0
DA:37,0
DA:50,0
DA:51,0
DA:53,0
DA:54,0
DA:58,0
DA:62,0
DA:63,0
DA:74,0
DA:75,0
DA:77,0
DA:78,0
DA:82,0
DA:83,0
DA:89,0
DA:90,0
DA:92,0
DA:93,0
DA:100,0
DA:101,0
DA:103,0
DA:104,0
DA:116,0
DA:117,0
DA:119,0
DA:120,0
DA:130,0
DA:131,0
DA:133,0
DA:134,0
DA:139,0
DA:140,0
DA:142,0
DA:143,0
DA:148,0
DA:149,0
DA:151,0
DA:152,0
DA:161,0
DA:162,0
DA:164,0
DA:165,0
DA:175,0
DA:176,0
DA:178,0
DA:184,0
DA:196,0
DA:197,0
DA:212,0
DA:213,0
DA:217,0
DA:218,0
DA:220,0
DA:221,0
DA:222,0
DA:227,0
DA:228,0
DA:230,0
DA:231,0
DA:235,0
DA:236,0
DA:237,0
DA:242,0
DA:243,0
DA:245,0
DA:246,0
LF:81
LH:0
BRDA:15,0,0,0
BRDA:15,0,1,0
BRDA:22,1,0,0
BRDA:181,2,0,0
BRDA:182,3,0,0
BRF:5
BRH:0
end_of_record
TN:
SF:src\model\api\cartApiRoot.ts
FN:9,(anonymous_7)
FN:9,(anonymous_8)
FN:22,(anonymous_9)
FN:22,(anonymous_10)
FN:28,(anonymous_11)
FN:29,(anonymous_12)
FN:35,(anonymous_13)
FN:35,(anonymous_14)
FN:54,(anonymous_15)
FN:55,(anonymous_16)
FN:60,(anonymous_17)
FN:66,(anonymous_18)
FN:67,(anonymous_19)
FN:68,(anonymous_20)
FN:69,(anonymous_21)
FN:71,(anonymous_22)
FN:84,(anonymous_23)
FN:85,(anonymous_24)
FN:87,(anonymous_25)
FN:91,(anonymous_26)
FN:113,(anonymous_27)
FN:118,(anonymous_28)
FN:140,(anonymous_29)
FN:142,(anonymous_30)
FN:146,(anonymous_31)
FNF:25
FNH:0
FNDA:0,(anonymous_7)
FNDA:0,(anonymous_8)
FNDA:0,(anonymous_9)
FNDA:0,(anonymous_10)
FNDA:0,(anonymous_11)
FNDA:0,(anonymous_12)
FNDA:0,(anonymous_13)
FNDA:0,(anonymous_14)
FNDA:0,(anonymous_15)
FNDA:0,(anonymous_16)
FNDA:0,(anonymous_17)
FNDA:0,(anonymous_18)
FNDA:0,(anonymous_19)
FNDA:0,(anonymous_20)
FNDA:0,(anonymous_21)
FNDA:0,(anonymous_22)
FNDA:0,(anonymous_23)
FNDA:0,(anonymous_24)
FNDA:0,(anonymous_25)
FNDA:0,(anonymous_26)
FNDA:0,(anonymous_27)
FNDA:0,(anonymous_28)
FNDA:0,(anonymous_29)
FNDA:0,(anonymous_30)
FNDA:0,(anonymous_31)
DA:6,0
DA:7,0
DA:9,0
DA:10,0
DA:19,0
DA:22,0
DA:23,0
DA:28,0
DA:29,0
DA:31,0
DA:32,0
DA:35,0
DA:36,0
DA:54,0
DA:55,0
DA:57,0
DA:58,0
DA:60,0
DA:61,0
DA:66,0
DA:67,0
DA:68,0
DA:69,0
DA:71,0
DA:72,0
DA:84,0
DA:85,0
DA:87,0
DA:91,0
DA:92,0
DA:109,0
DA:110,0
DA:113,0
DA:118,0
DA:119,0
DA:136,0
DA:137,0
DA:140,0
DA:142,0
DA:146,0
DA:147,0
DA:159,0
DA:160,0
LF:43
LH:0
BRF:0
BRH:0
end_of_record
TN:
SF:src\model\api\createApiRootUser.ts
FN:14,(anonymous_0)
FNF:1
FNH:0
FNDA:0,(anonymous_0)
DA:1,0
DA:2,0
DA:7,0
DA:8,0
DA:9,0
DA:10,0
DA:12,0
DA:14,0
DA:19,0
DA:20,0
DA:21,0
DA:25,0
DA:28,0
DA:31,0
DA:32,0
DA:34,0
DA:35,0
DA:36,0
DA:38,0
DA:39,0
DA:42,0
DA:43,0
DA:46,0
DA:47,0
DA:48,0
DA:50,0
DA:51,0
DA:54,0
DA:55,0
DA:56,0
DA:59,0
DA:64,0
DA:69,0
DA:71,0
DA:74,0
DA:75,0
DA:78,0
DA:79,0
DA:80,0
DA:83,0
DA:88,0
DA:89,0
LF:42
LH:0
BRDA:19,0,0,0
BRDA:19,1,0,0
BRDA:19,1,1,0
BRDA:34,2,0,0
BRDA:38,3,0,0
BRDA:46,4,0,0
BRDA:78,5,0,0
BRF:7
BRH:0
end_of_record
TN:
SF:src\model\api\promoApi.ts
FN:3,(anonymous_7)
FN:3,(anonymous_8)
FN:8,(anonymous_9)
FN:12,(anonymous_10)
FN:29,(anonymous_11)
FN:30,(anonymous_12)
FNF:6
FNH:0
FNDA:0,(anonymous_7)
FNDA:0,(anonymous_8)
FNDA:0,(anonymous_9)
FNDA:0,(anonymous_10)
FNDA:0,(anonymous_11)
FNDA:0,(anonymous_12)
DA:1,0
DA:3,0
DA:4,0
DA:5,0
DA:8,0
DA:12,0
DA:13,0
DA:29,0
DA:30,0
DA:31,0
LF:10
LH:0
BRF:0
BRH:0
end_of_record
TN:
SF:src\model\data\countries.ts
FN:31,getCountryName
FN:32,(anonymous_1)
FNF:2
FNH:2
FNDA:2,getCountryName
FNDA:48,(anonymous_1)
DA:1,3
DA:31,3
DA:32,48
DA:33,2
DA:34,2
DA:37,3
LF:6
LH:6
BRDA:33,0,0,1
BRDA:33,0,1,1
BRF:2
BRH:2
end_of_record
TN:
SF:src\model\data\images-src.ts
FN:22,(anonymous_1)
FNF:1
FNH:1
FNDA:8,(anonymous_1)
DA:1,1
DA:2,1
DA:3,1
DA:4,1
DA:5,1
DA:6,1
DA:7,1
DA:8,1
DA:10,1
DA:22,1
DA:23,8
DA:24,8
DA:27,1
LF:13
LH:13
BRF:0
BRH:0
end_of_record
TN:
SF:src\model\data\messages.ts
FNF:0
FNH:0
DA:1,3
DA:14,3
LF:2
LH:2
BRF:0
BRH:0
end_of_record
TN:
SF:src\model\data\productImages.ts
FNF:0
FNH:0
DA:1,1
DA:2,1
LF:2
LH:2
BRF:0
BRH:0
end_of_record
TN:
SF:src\types\index.d.ts
FNF:0
FNH:0
LF:0
LH:0
BRF:0
BRH:0
end_of_record
TN:
SF:src\utils\checkAgeParams.ts
FN:1,(anonymous_0)
FNF:1
FNH:1
FNDA:9,(anonymous_0)
DA:1,2
DA:2,9
DA:12,9
DA:13,9
DA:14,9
DA:15,9
DA:18,9
DA:19,9
DA:20,9
DA:21,9
DA:23,9
DA:29,9
DA:32,2
LF:13
LH:13
BRF:0
BRH:0
end_of_record
TN:
SF:src\utils\storage.ts
FN:1,saveToStorage
FN:5,loadFromStorage
FNF:2
FNH:0
FNDA:0,saveToStorage
FNDA:0,loadFromStorage
DA:1,0
DA:2,0
DA:5,0
DA:6,0
DA:7,0
DA:9,0
LF:6
LH:0
BRDA:7,0,0,0
BRDA:7,0,1,0
BRF:2
BRH:0
end_of_record
TN:
SF:src\utils\view\createAddressBlock.ts
FN:7,(anonymous_1)
FN:77,(anonymous_2)
FNF:2
FNH:2
FNDA:4,(anonymous_1)
FNDA:108,(anonymous_2)
DA:1,2
DA:2,2
DA:4,2
DA:5,2
DA:7,2
DA:8,4
DA:9,4
DA:11,4
DA:19,4
DA:29,4
DA:40,4
DA:50,4
DA:51,4
DA:52,4
DA:54,4
DA:55,4
DA:57,4
DA:58,4
DA:60,4
DA:61,4
DA:62,4
DA:63,4
DA:65,4
DA:66,4
DA:67,4
DA:68,4
DA:70,4
DA:71,4
DA:73,4
DA:75,4
DA:77,4
DA:78,108
DA:79,108
DA:80,108
DA:81,108
DA:83,4
DA:84,4
DA:86,4
DA:87,2
DA:90,4
DA:93,2
LF:41
LH:41
BRDA:86,0,0,2
BRF:1
BRH:1
end_of_record
TN:
SF:src\utils\view\createFormBlock.ts
FN:7,createSelectBlock
FN:32,(anonymous_1)
FN:45,(anonymous_2)
FNF:3
FNH:1
FNDA:0,createSelectBlock
FNDA:0,(anonymous_1)
FNDA:52,(anonymous_2)
DA:1,3
DA:8,0
DA:9,0
DA:11,0
DA:12,0
DA:14,0
DA:15,0
DA:16,0
DA:17,0
DA:19,0
DA:20,0
DA:21,0
DA:22,0
DA:24,0
DA:25,0
DA:27,0
DA:29,0
DA:31,0
DA:32,0
DA:33,0
DA:34,0
DA:35,0
DA:36,0
DA:40,0
DA:42,0
DA:45,3
DA:46,52
DA:47,52
DA:49,52
DA:51,52
DA:52,52
DA:53,52
DA:54,52
DA:55,52
DA:56,52
DA:57,52
DA:58,52
DA:59,52
DA:60,52
DA:62,52
DA:63,52
DA:64,52
DA:65,52
DA:67,52
DA:68,52
DA:70,52
DA:71,52
DA:72,52
DA:73,52
DA:74,13
DA:76,52
DA:77,10
DA:78,10
DA:79,10
DA:80,10
DA:81,10
DA:83,42
DA:86,52
DA:88,52
DA:91,3
LF:60
LH:36
BRDA:21,0,0,0
BRDA:21,0,1,0
BRDA:31,1,0,0
BRDA:49,2,0,0
BRDA:56,3,0,0
BRDA:57,4,0,39
BRDA:58,5,0,36
BRDA:59,6,0,3
BRDA:60,7,0,39
BRDA:64,8,0,52
BRDA:70,9,0,13
BRDA:71,10,0,13
BRDA:72,11,0,13
BRDA:73,12,0,13
BRDA:76,13,0,10
BRDA:76,13,1,42
BRDA:76,14,0,52
BRDA:76,14,1,49
BRF:18
BRH:13
end_of_record
TN:
SF:src\utils\view\createProfileBlock.ts
FN:1,createProfileBlock
FNF:1
FNH:0
FNDA:0,createProfileBlock
DA:1,0
DA:7,0
DA:8,0
DA:9,0
DA:11,0
DA:12,0
DA:14,0
DA:15,0
DA:16,0
DA:18,0
DA:19,0
DA:20,0
DA:22,0
DA:24,0
DA:26,0
DA:27,0
DA:28,0
DA:29,0
DA:30,0
DA:32,0
DA:34,0
DA:35,0
DA:37,0
DA:39,0
DA:40,0
DA:41,0
DA:43,0
DA:46,0
LF:28
LH:0
BRDA:26,0,0,0
BRDA:29,1,0,0
BRDA:29,1,1,0
BRF:3
BRH:0
end_of_record
TN:
SF:src\view\view.ts
FNF:0
FNH:0
DA:1,1
DA:2,1
DA:4,1
DA:5,1
DA:7,1
DA:8,1
DA:10,1
DA:12,1
DA:14,1
LF:9
LH:9
BRF:0
BRH:0
end_of_record
TN:
SF:src\view\components\resultMessage.ts
FNF:0
FNH:0
DA:1,2
DA:2,2
DA:4,2
DA:5,2
DA:6,2
DA:8,2
DA:10,2
DA:12,2
LF:8
LH:8
BRF:0
BRH:0
end_of_record
TN:
SF:src\view\footer\footer.ts
FNF:0
FNH:0
DA:1,1
DA:2,1
DA:4,1
DA:5,1
DA:9,1
DA:10,1
DA:12,1
DA:13,1
DA:14,1
DA:15,1
DA:18,1
DA:22,1
DA:23,1
DA:25,1
DA:26,1
DA:28,1
DA:29,1
DA:30,1
DA:31,1
DA:34,1
DA:35,1
DA:39,1
DA:40,1
DA:41,1
DA:43,1
DA:44,1
DA:46,1
LF:27
LH:27
BRF:0
BRH:0
end_of_record
TN:
SF:src\view\header\header.ts
FN:88,(anonymous_1)
FN:92,(anonymous_2)
FN:120,(anonymous_3)
FN:122,(anonymous_4)
FN:141,(anonymous_5)
FN:151,(anonymous_6)
FN:152,(anonymous_7)
FNF:7
FNH:4
FNDA:8,(anonymous_1)
FNDA:0,(anonymous_2)
FNDA:4,(anonymous_3)
FNDA:16,(anonymous_4)
FNDA:0,(anonymous_5)
FNDA:8,(anonymous_6)
FNDA:0,(anonymous_7)
DA:1,1
DA:2,1
DA:3,1
DA:4,1
DA:5,1
DA:6,1
DA:7,1
DA:8,1
DA:9,1
DA:11,1
DA:14,1
DA:15,1
DA:17,1
DA:18,1
DA:19,1
DA:23,1
DA:24,1
DA:26,1
DA:27,1
DA:28,1
DA:29,1
DA:31,1
DA:32,1
DA:34,1
DA:38,1
DA:39,1
DA:41,1
DA:42,1
DA:43,1
DA:45,1
DA:88,1
DA:89,8
DA:90,8
DA:91,8
DA:92,8
DA:93,0
DA:96,8
DA:97,8
DA:98,8
DA:100,8
DA:101,8
DA:102,8
DA:104,8
DA:105,1
DA:106,1
DA:107,1
DA:109,1
DA:110,1
DA:111,1
DA:114,8
DA:116,8
DA:117,8
DA:120,1
DA:121,4
DA:122,4
DA:123,16
DA:124,16
DA:130,1
DA:131,1
DA:133,1
DA:134,4
DA:135,4
DA:136,4
DA:139,1
DA:141,1
DA:142,0
DA:144,0
DA:145,0
DA:146,0
DA:147,0
DA:150,1
DA:151,1
DA:152,8
DA:153,0
DA:157,1
LF:75
LH:68
BRDA:104,0,0,1
BRDA:124,1,0,0
BRDA:124,1,1,16
BRDA:124,2,0,16
BRDA:124,2,1,16
BRDA:153,3,0,0
BRF:6
BRH:4
end_of_record
TN:
SF:src\view\pages\404\404.ts
FNF:0
FNH:0
DA:1,1
DA:3,1
DA:4,1
DA:6,1
DA:7,1
DA:8,1
DA:10,1
DA:11,1
DA:12,1
DA:13,1
DA:15,1
DA:17,1
LF:12
LH:12
BRF:0
BRH:0
end_of_record
TN:
SF:src\view\pages\about\about.ts
FNF:0
FNH:0
DA:1,1
DA:3,1
LF:2
LH:2
BRF:0
BRH:0
end_of_record
TN:
SF:src\view\pages\basket\basket.ts
FN:23,appendText
FN:37,(anonymous_2)
FNF:2
FNH:0
FNDA:0,appendText
FNDA:0,(anonymous_2)
DA:1,0
DA:2,0
DA:4,0
DA:5,0
DA:9,0
DA:10,0
DA:11,0
DA:13,0
DA:14,0
DA:15,0
DA:17,0
DA:18,0
DA:19,0
DA:21,0
DA:24,0
DA:25,0
DA:26,0
DA:28,0
DA:31,0
DA:37,0
DA:39,0
DA:40,0
DA:41,0
DA:42,0
DA:44,0
DA:48,0
DA:49,0
DA:50,0
DA:52,0
DA:53,0
DA:54,0
DA:56,0
DA:57,0
DA:60,0
DA:61,0
DA:63,0
DA:64,0
DA:65,0
DA:66,0
DA:68,0
DA:69,0
DA:70,0
DA:72,0
DA:74,0
DA:75,0
DA:77,0
DA:78,0
DA:79,0
DA:81,0
DA:82,0
DA:84,0
DA:86,0
DA:87,0
DA:89,0
DA:90,0
DA:91,0
DA:93,0
DA:94,0
DA:95,0
DA:96,0
DA:98,0
DA:99,0
DA:100,0
DA:101,0
DA:103,0
DA:104,0
DA:105,0
DA:107,0
DA:108,0
DA:115,0
DA:123,0
DA:125,0
DA:128,0
DA:129,0
DA:130,0
DA:131,0
DA:132,0
DA:133,0
DA:134,0
DA:135,0
LF:80
LH:0
BRF:0
BRH:0
end_of_record
TN:
SF:src\view\pages\catalog\cards.ts
FN:4,createCard
FN:19,generateDescription
FN:20,(anonymous_2)
FNF:3
FNH:3
FNDA:1,createCard
FNDA:1,generateDescription
FNDA:2,(anonymous_2)
DA:1,2
DA:2,2
DA:4,2
DA:12,1
DA:13,1
DA:15,1
DA:16,1
DA:17,1
DA:20,1
DA:21,2
DA:22,2
DA:23,2
DA:24,2
DA:28,1
DA:30,1
DA:31,1
DA:32,1
DA:34,1
DA:35,1
DA:37,1
DA:38,1
DA:39,1
DA:41,1
DA:43,1
DA:44,1
DA:46,1
DA:47,1
DA:48,1
DA:50,1
DA:51,1
DA:52,1
DA:56,1
DA:58,1
DA:61,1
DA:62,1
DA:63,1
DA:64,1
DA:66,1
DA:67,1
DA:69,1
DA:70,1
DA:73,2
LF:42
LH:42
BRDA:43,0,0,1
BRF:1
BRH:1
end_of_record
TN:
SF:src\view\pages\catalog\catalog.ts
FNF:0
FNH:0
DA:1,0
DA:2,0
DA:3,0
DA:4,0
DA:6,0
DA:7,0
DA:9,0
DA:10,0
DA:12,0
DA:13,0
DA:14,0
DA:15,0
DA:17,0
DA:18,0
DA:19,0
DA:20,0
DA:22,0
DA:24,0
DA:26,0
LF:19
LH:0
BRF:0
BRH:0
end_of_record
TN:
SF:src\view\pages\catalog\filters.ts
FN:22,createFilter
FN:35,createCheckboxFilter
FN:45,(anonymous_2)
FN:69,createRangeFilter
FNF:4
FNH:4
FNDA:10,createFilter
FNDA:5,createCheckboxFilter
FNDA:20,(anonymous_2)
FNDA:5,createRangeFilter
DA:1,1
DA:2,1
DA:3,1
DA:5,1
DA:6,1
DA:10,1
DA:12,1
DA:14,1
DA:16,1
DA:18,1
DA:23,10
DA:24,10
DA:25,10
DA:27,10
DA:28,10
DA:29,10
DA:30,10
DA:32,10
DA:40,5
DA:42,5
DA:43,5
DA:45,5
DA:46,20
DA:47,20
DA:48,20
DA:49,20
DA:50,20
DA:52,20
DA:53,20
DA:54,20
DA:56,20
DA:58,20
DA:64,5
DA:66,5
DA:73,5
DA:75,5
DA:76,5
DA:78,5
DA:79,5
DA:80,5
DA:81,5
DA:85,5
DA:86,5
DA:87,5
DA:88,5
DA:92,5
DA:93,5
DA:94,5
DA:95,5
DA:97,5
DA:98,5
DA:99,5
DA:100,5
DA:102,5
DA:104,5
DA:106,5
DA:109,1
DA:110,1
DA:113,1
DA:114,1
DA:115,1
DA:117,1
DA:118,1
DA:119,1
DA:120,1
DA:125,1
DA:127,1
DA:140,1
DA:141,1
DA:143,1
DA:144,1
DA:145,1
DA:146,1
DA:148,1
DA:149,1
DA:150,1
DA:151,1
DA:152,1
DA:154,1
DA:156,1
LF:80
LH:80
BRF:0
BRH:0
end_of_record
TN:
SF:src\view\pages\catalog\items.ts
FN:116,addImageToPageButtons
FNF:1
FNH:1
FNDA:4,addImageToPageButtons
DA:1,1
DA:2,1
DA:3,1
DA:4,1
DA:6,1
DA:8,1
DA:9,1
DA:13,1
DA:14,1
DA:16,1
DA:17,1
DA:18,1
DA:19,1
DA:21,1
DA:22,1
DA:23,1
DA:25,1
DA:26,1
DA:27,1
DA:29,1
DA:33,1
DA:34,1
DA:36,1
DA:37,1
DA:38,1
DA:39,1
DA:41,1
DA:42,1
DA:43,1
DA:44,1
DA:46,1
DA:47,1
DA:48,1
DA:49,1
DA:50,1
DA:52,1
DA:53,1
DA:54,1
DA:55,1
DA:57,1
DA:58,1
DA:59,1
DA:60,1
DA:62,1
DA:63,1
DA:64,1
DA:65,1
DA:67,1
DA:68,1
DA:69,1
DA:70,1
DA:72,1
DA:80,1
DA:81,1
DA:85,1
DA:86,1
DA:87,1
DA:88,1
DA:89,1
DA:91,1
DA:92,1
DA:93,1
DA:94,1
DA:96,1
DA:97,1
DA:98,1
DA:99,1
DA:101,1
DA:102,1
DA:103,1
DA:104,1
DA:106,1
DA:108,1
DA:110,1
DA:111,1
DA:113,1
DA:114,1
DA:117,4
DA:118,4
DA:119,4
DA:121,4
DA:124,1
DA:125,1
DA:129,1
DA:131,1
DA:132,1
DA:133,1
DA:135,1
DA:136,1
DA:140,1
DA:142,1
DA:143,1
DA:144,1
DA:146,1
DA:147,1
DA:148,1
DA:150,1
DA:160,1
DA:168,1
LF:99
LH:99
BRF:0
BRH:0
end_of_record
TN:
SF:src\view\pages\login\login.ts
FN:4,createLoginForm
FN:30,(anonymous_2)
FNF:2
FNH:2
FNDA:2,createLoginForm
FNDA:4,(anonymous_2)
DA:2,2
DA:5,2
DA:6,2
DA:8,2
DA:18,2
DA:29,2
DA:30,2
DA:31,4
DA:32,4
DA:33,2
DA:40,2
DA:42,4
DA:45,2
DA:46,2
DA:47,2
DA:48,2
DA:50,2
DA:52,2
DA:55,2
DA:56,2
DA:58,2
DA:59,2
DA:60,2
DA:62,2
DA:64,2
DA:65,2
DA:67,2
DA:69,2
DA:71,2
LF:29
LH:29
BRDA:32,0,0,2
BRF:1
BRH:1
end_of_record
TN:
SF:src\view\pages\main\main.ts
FN:30,(anonymous_8)
FN:46,fillPromoSection
FN:53,(anonymous_10)
FN:71,(anonymous_11)
FN:71,(anonymous_12)
FN:77,(anonymous_13)
FN:82,(anonymous_14)
FNF:7
FNH:0
FNDA:0,(anonymous_8)
FNDA:0,fillPromoSection
FNDA:0,(anonymous_10)
FNDA:0,(anonymous_11)
FNDA:0,(anonymous_12)
FNDA:0,(anonymous_13)
FNDA:0,(anonymous_14)
DA:2,0
DA:3,0
DA:4,0
DA:6,0
DA:7,0
DA:9,0
DA:10,0
DA:11,0
DA:13,0
DA:14,0
DA:15,0
DA:17,0
DA:18,0
DA:19,0
DA:20,0
DA:22,0
DA:24,0
DA:30,0
DA:31,0
DA:32,0
DA:33,0
DA:34,0
DA:37,0
DA:38,0
DA:39,0
DA:40,0
DA:41,0
DA:42,0
DA:43,0
DA:44,0
DA:46,0
DA:47,0
DA:48,0
DA:49,0
DA:50,0
DA:52,0
DA:53,0
DA:54,0
DA:55,0
DA:56,0
DA:57,0
DA:58,0
DA:59,0
DA:60,0
DA:61,0
DA:62,0
DA:63,0
DA:65,0
DA:68,0
DA:69,0
DA:71,0
DA:72,0
DA:73,0
DA:74,0
DA:76,0
DA:77,0
DA:78,0
DA:79,0
DA:80,0
DA:81,0
DA:82,0
DA:83,0
DA:85,0
DA:90,0
DA:92,0
LF:65
LH:0
BRDA:48,0,0,0
BRDA:76,1,0,0
BRF:2
BRH:0
end_of_record
TN:
SF:src\view\pages\product\modal.ts
FN:7,(anonymous_7)
FN:19,(anonymous_8)
FN:25,(anonymous_9)
FN:27,(anonymous_10)
FNF:4
FNH:1
FNDA:1,(anonymous_7)
FNDA:0,(anonymous_8)
FNDA:0,(anonymous_9)
FNDA:0,(anonymous_10)
DA:1,1
DA:2,1
DA:3,1
DA:5,1
DA:7,1
DA:8,1
DA:9,1
DA:11,1
DA:12,1
DA:14,1
DA:16,1
DA:17,1
DA:18,1
DA:19,1
DA:20,0
DA:21,0
DA:22,0
DA:24,0
DA:25,0
DA:26,0
DA:27,0
DA:28,0
DA:30,0
DA:34,1
DA:36,1
DA:39,1
LF:26
LH:17
BRDA:20,0,0,0
BRF:1
BRH:0
end_of_record
TN:
SF:src\view\pages\product\product.ts
FNF:0
FNH:0
DA:2,1
DA:3,1
DA:6,1
DA:7,1
DA:9,1
DA:10,1
DA:12,1
DA:13,1
DA:15,1
DA:16,1
DA:18,1
DA:19,1
DA:21,1
DA:22,1
DA:25,1
DA:26,1
DA:28,1
DA:29,1
DA:31,1
DA:32,1
DA:33,1
DA:35,1
DA:36,1
DA:38,1
DA:41,1
DA:42,1
DA:43,1
DA:45,1
DA:46,1
DA:48,1
DA:52,1
DA:53,1
DA:55,1
DA:61,1
DA:64,1
DA:65,1
DA:68,1
DA:69,1
DA:71,1
DA:72,1
DA:73,1
DA:74,1
DA:76,1
DA:77,1
DA:78,1
DA:88,1
DA:91,1
DA:92,1
DA:93,1
DA:94,1
DA:95,1
DA:96,1
DA:97,1
DA:98,1
DA:99,1
DA:100,1
DA:101,1
DA:102,1
DA:103,1
LF:59
LH:59
BRF:0
BRH:0
end_of_record
TN:
SF:src\view\pages\profile\buttons.ts
FN:1,createButtonsFor
FN:23,(anonymous_1)
FN:27,(anonymous_2)
FN:35,(anonymous_3)
FN:41,(anonymous_4)
FN:45,(anonymous_5)
FNF:6
FNH:3
FNDA:2,createButtonsFor
FNDA:2,(anonymous_1)
FNDA:0,(anonymous_2)
FNDA:6,(anonymous_3)
FNDA:0,(anonymous_4)
FNDA:0,(anonymous_5)
DA:2,2
DA:3,2
DA:4,2
DA:5,2
DA:7,2
DA:8,2
DA:9,2
DA:10,2
DA:12,2
DA:13,2
DA:14,2
DA:15,2
DA:17,2
DA:18,2
DA:19,2
DA:21,2
DA:23,2
DA:24,2
DA:25,0
DA:26,0
DA:27,0
DA:28,0
DA:29,0
DA:30,0
DA:33,2
DA:34,2
DA:35,2
DA:36,6
DA:37,6
DA:41,2
DA:42,0
DA:43,0
DA:45,2
DA:46,2
DA:48,1
LF:35
LH:27
BRDA:24,0,0,0
BRDA:24,0,1,2
BRDA:29,1,0,0
BRDA:30,2,0,0
BRDA:37,3,0,5
BRF:5
BRH:2
end_of_record
TN:
SF:src\view\pages\profile\menu.ts
FN:1,createMenu
FNF:1
FNH:1
FNDA:1,createMenu
DA:1,1
DA:5,1
DA:6,1
DA:8,1
DA:9,1
DA:10,1
DA:11,1
DA:12,1
DA:13,1
DA:14,1
DA:15,1
DA:16,1
DA:17,1
DA:18,1
DA:19,1
DA:20,1
DA:21,1
DA:22,1
DA:24,1
DA:25,1
DA:26,1
DA:27,1
DA:28,1
DA:29,1
DA:30,1
DA:31,1
DA:32,1
DA:33,1
DA:34,1
DA:35,1
DA:36,1
DA:37,1
DA:38,1
DA:40,1
LF:34
LH:34
BRF:0
BRH:0
end_of_record
TN:
SF:src\view\pages\profile\profile.ts
FN:18,createUserDataForm
FN:86,(anonymous_2)
FN:100,createChangePasswordForm
FN:154,(anonymous_4)
FN:167,(anonymous_5)
FN:178,(anonymous_6)
FN:180,(anonymous_7)
FN:193,(anonymous_8)
FN:204,createAddressForm
FNF:9
FNH:4
FNDA:1,createUserDataForm
FNDA:5,(anonymous_2)
FNDA:1,createChangePasswordForm
FNDA:4,(anonymous_4)
FNDA:0,(anonymous_5)
FNDA:0,(anonymous_6)
FNDA:0,(anonymous_7)
FNDA:0,(anonymous_8)
FNDA:0,createAddressForm
DA:1,1
DA:3,1
DA:4,1
DA:5,1
DA:6,1
DA:8,1
DA:9,1
DA:11,1
DA:12,1
DA:13,1
DA:16,1
DA:17,1
DA:18,1
DA:19,1
DA:30,1
DA:41,1
DA:52,1
DA:63,1
DA:75,1
DA:83,1
DA:84,1
DA:86,1
DA:87,5
DA:88,5
DA:91,1
DA:93,1
DA:97,1
DA:98,1
DA:99,1
DA:101,1
DA:113,1
DA:125,1
DA:136,1
DA:144,1
DA:151,1
DA:152,1
DA:154,1
DA:155,4
DA:156,4
DA:159,1
DA:160,1
DA:161,1
DA:162,1
DA:164,1
DA:165,1
DA:166,1
DA:167,1
DA:168,0
DA:169,0
DA:172,1
DA:173,1
DA:174,1
DA:176,1
DA:178,1
DA:179,0
DA:180,0
DA:181,0
DA:182,0
DA:185,1
DA:189,1
DA:192,1
DA:193,1
DA:194,0
DA:195,0
DA:199,1
DA:200,1
DA:202,1
DA:203,1
DA:204,1
DA:205,0
DA:206,0
DA:208,0
DA:215,0
DA:222,0
DA:232,0
DA:243,0
DA:253,0
DA:261,0
DA:270,0
DA:271,0
DA:272,0
DA:273,0
DA:274,0
DA:276,0
DA:287,0
DA:289,0
DA:291,1
DA:292,1
DA:293,1
DA:294,1
DA:295,1
DA:297,1
DA:299,1
LF:93
LH:68
BRDA:168,0,0,0
BRDA:168,0,1,0
BRDA:168,1,0,0
BRDA:168,1,1,0
BRDA:168,2,0,0
BRDA:168,2,1,0
BRDA:168,3,0,0
BRDA:168,3,1,0
BRDA:182,4,0,0
BRDA:182,4,1,0
BRDA:185,5,0,0
BRDA:185,5,1,1
BRDA:185,6,0,1
BRDA:185,6,1,1
BRF:14
BRH:3
end_of_record
TN:
SF:src\view\pages\registration\defaultCheckbox.ts
FNF:0
FNH:0
DA:1,2
DA:3,2
DA:10,2
LF:3
LH:3
BRF:0
BRH:0
end_of_record
TN:
SF:src\view\pages\registration\registration.ts
FN:6,(anonymous_1)
FN:17,createRegistrationForm
FN:112,(anonymous_3)
FN:131,(anonymous_4)
FNF:4
FNH:4
FNDA:2,(anonymous_1)
FNDA:2,createRegistrationForm
FNDA:14,(anonymous_3)
FNDA:2,(anonymous_4)
DA:2,2
DA:3,2
DA:4,2
DA:6,2
DA:7,2
DA:8,2
DA:9,2
DA:10,2
DA:13,2
DA:14,2
DA:15,2
DA:18,2
DA:28,2
DA:39,2
DA:47,2
DA:57,2
DA:67,2
DA:77,2
DA:87,2
DA:99,2
DA:109,2
DA:110,2
DA:112,2
DA:113,14
DA:114,14
DA:115,4
DA:116,4
DA:118,14
DA:121,2
DA:122,2
DA:123,2
DA:124,2
DA:126,2
DA:128,2
DA:131,2
DA:132,2
DA:133,2
DA:134,2
DA:136,2
DA:137,2
DA:138,2
DA:139,2
DA:140,2
DA:141,2
DA:144,2
DA:145,2
DA:147,2
DA:148,2
DA:149,2
DA:151,2
DA:153,2
DA:155,2
DA:157,2
LF:53
LH:53
BRDA:114,0,0,4
BRF:1
BRH:1
end_of_record
